{"D:\\collage\\senior1 spring\\software\\Twitter\\app.js": {"path":"D:\\collage\\senior1 spring\\software\\Twitter\\app.js","statementMap":{"0":{"start":{"line":1,"column":0},"end":{"line":1,"column":27}},"1":{"start":{"line":2,"column":16},"end":{"line":2,"column":34}},"2":{"start":{"line":3,"column":19},"end":{"line":3,"column":41}},"3":{"start":{"line":4,"column":13},"end":{"line":4,"column":28}},"4":{"start":{"line":5,"column":12},"end":{"line":5,"column":21}},"5":{"start":{"line":6,"column":11},"end":{"line":6,"column":34}},"6":{"start":{"line":12,"column":18},"end":{"line":12,"column":47}},"7":{"start":{"line":13,"column":20},"end":{"line":13,"column":52}},"8":{"start":{"line":15,"column":18},"end":{"line":17,"column":1}},"9":{"start":{"line":19,"column":0},"end":{"line":19,"column":27}},"10":{"start":{"line":20,"column":0},"end":{"line":20,"column":24}},"11":{"start":{"line":21,"column":0},"end":{"line":21,"column":48}},"12":{"start":{"line":23,"column":0},"end":{"line":23,"column":63}},"13":{"start":{"line":25,"column":0},"end":{"line":42,"column":1}},"14":{"start":{"line":28,"column":2},"end":{"line":41,"column":5}},"15":{"start":{"line":36,"column":4},"end":{"line":36,"column":52}},"16":{"start":{"line":39,"column":4},"end":{"line":39,"column":43}},"17":{"start":{"line":40,"column":4},"end":{"line":40,"column":19}},"18":{"start":{"line":45,"column":0},"end":{"line":47,"column":3}},"19":{"start":{"line":46,"column":2},"end":{"line":46,"column":61}},"20":{"start":{"line":50,"column":0},"end":{"line":50,"column":41}},"21":{"start":{"line":51,"column":0},"end":{"line":51,"column":41}},"22":{"start":{"line":52,"column":0},"end":{"line":52,"column":42}},"23":{"start":{"line":53,"column":0},"end":{"line":53,"column":45}},"24":{"start":{"line":54,"column":0},"end":{"line":54,"column":43}},"25":{"start":{"line":55,"column":0},"end":{"line":55,"column":42}},"26":{"start":{"line":56,"column":0},"end":{"line":56,"column":47}},"27":{"start":{"line":57,"column":0},"end":{"line":57,"column":43}},"28":{"start":{"line":62,"column":0},"end":{"line":62,"column":21}}},"fnMap":{"0":{"name":"(anonymous_0)","decl":{"start":{"line":35,"column":8},"end":{"line":35,"column":9}},"loc":{"start":{"line":35,"column":14},"end":{"line":37,"column":3}},"line":35},"1":{"name":"(anonymous_1)","decl":{"start":{"line":38,"column":9},"end":{"line":38,"column":10}},"loc":{"start":{"line":38,"column":16},"end":{"line":41,"column":3}},"line":38},"2":{"name":"(anonymous_2)","decl":{"start":{"line":45,"column":13},"end":{"line":45,"column":14}},"loc":{"start":{"line":45,"column":27},"end":{"line":47,"column":1}},"line":45}},"branchMap":{"0":{"loc":{"start":{"line":25,"column":0},"end":{"line":42,"column":1}},"type":"if","locations":[{"start":{"line":25,"column":0},"end":{"line":42,"column":1}},{"start":{},"end":{}}],"line":25}},"s":{"0":6,"1":6,"2":6,"3":6,"4":6,"5":6,"6":6,"7":6,"8":6,"9":6,"10":6,"11":6,"12":6,"13":6,"14":0,"15":0,"16":0,"17":0,"18":6,"19":0,"20":6,"21":6,"22":6,"23":6,"24":6,"25":6,"26":6,"27":6,"28":6},"f":{"0":0,"1":0,"2":0},"b":{"0":[0,6]},"_coverageSchema":"1a1c01bbd47fc00a2c39e90264f33305004495a9","hash":"8eee9d89aadd6a0fe9857b1ccf79e33dc1000817"}
,"D:\\collage\\senior1 spring\\software\\Twitter\\app\\config\\auth.config.js": {"path":"D:\\collage\\senior1 spring\\software\\Twitter\\app\\config\\auth.config.js","statementMap":{"0":{"start":{"line":1,"column":0},"end":{"line":8,"column":2}}},"fnMap":{},"branchMap":{},"s":{"0":6},"f":{},"b":{},"_coverageSchema":"1a1c01bbd47fc00a2c39e90264f33305004495a9","hash":"7ff1c2d5e65aa4dbbd36adeb859a323504a8d278"}
,"D:\\collage\\senior1 spring\\software\\Twitter\\app\\config\\email.config.js": {"path":"D:\\collage\\senior1 spring\\software\\Twitter\\app\\config\\email.config.js","statementMap":{"0":{"start":{"line":2,"column":0},"end":{"line":2,"column":35}},"1":{"start":{"line":3,"column":0},"end":{"line":3,"column":29}},"2":{"start":{"line":4,"column":0},"end":{"line":4,"column":17}},"3":{"start":{"line":5,"column":0},"end":{"line":5,"column":34}},"4":{"start":{"line":6,"column":0},"end":{"line":6,"column":37}}},"fnMap":{},"branchMap":{},"s":{"0":6,"1":6,"2":6,"3":6,"4":6},"f":{},"b":{},"_coverageSchema":"1a1c01bbd47fc00a2c39e90264f33305004495a9","hash":"98806425d2200d62f009f334cc6a6db2b0e50e98"}
,"D:\\collage\\senior1 spring\\software\\Twitter\\app\\controllers\\OAuth.controller.js": {"path":"D:\\collage\\senior1 spring\\software\\Twitter\\app\\controllers\\OAuth.controller.js","statementMap":{"0":{"start":{"line":1,"column":0},"end":{"line":1,"column":27}},"1":{"start":{"line":2,"column":15},"end":{"line":2,"column":47}},"2":{"start":{"line":4,"column":18},"end":{"line":4,"column":43}},"3":{"start":{"line":5,"column":11},"end":{"line":5,"column":31}},"4":{"start":{"line":6,"column":13},"end":{"line":6,"column":20}},"5":{"start":{"line":7,"column":10},"end":{"line":7,"column":33}},"6":{"start":{"line":8,"column":13},"end":{"line":8,"column":32}},"7":{"start":{"line":32,"column":0},"end":{"line":57,"column":2}},"8":{"start":{"line":36,"column":15},"end":{"line":44,"column":4}},"9":{"start":{"line":46,"column":2},"end":{"line":55,"column":5}},"10":{"start":{"line":47,"column":4},"end":{"line":50,"column":5}},"11":{"start":{"line":48,"column":6},"end":{"line":48,"column":45}},"12":{"start":{"line":49,"column":6},"end":{"line":49,"column":13}},"13":{"start":{"line":54,"column":4},"end":{"line":54,"column":31}},"14":{"start":{"line":79,"column":0},"end":{"line":110,"column":2}},"15":{"start":{"line":81,"column":2},"end":{"line":109,"column":7}},"16":{"start":{"line":85,"column":6},"end":{"line":88,"column":7}},"17":{"start":{"line":86,"column":8},"end":{"line":86,"column":47}},"18":{"start":{"line":87,"column":8},"end":{"line":87,"column":15}},"19":{"start":{"line":89,"column":6},"end":{"line":91,"column":7}},"20":{"start":{"line":90,"column":8},"end":{"line":90,"column":68}},"21":{"start":{"line":93,"column":18},"end":{"line":95,"column":8}},"22":{"start":{"line":99,"column":6},"end":{"line":102,"column":9}}},"fnMap":{"0":{"name":"(anonymous_0)","decl":{"start":{"line":32,"column":23},"end":{"line":32,"column":24}},"loc":{"start":{"line":32,"column":37},"end":{"line":57,"column":1}},"line":32},"1":{"name":"(anonymous_1)","decl":{"start":{"line":46,"column":12},"end":{"line":46,"column":13}},"loc":{"start":{"line":46,"column":27},"end":{"line":55,"column":3}},"line":46},"2":{"name":"(anonymous_2)","decl":{"start":{"line":79,"column":23},"end":{"line":79,"column":24}},"loc":{"start":{"line":79,"column":37},"end":{"line":110,"column":1}},"line":79},"3":{"name":"(anonymous_3)","decl":{"start":{"line":84,"column":10},"end":{"line":84,"column":11}},"loc":{"start":{"line":84,"column":25},"end":{"line":109,"column":5}},"line":84}},"branchMap":{"0":{"loc":{"start":{"line":47,"column":4},"end":{"line":50,"column":5}},"type":"if","locations":[{"start":{"line":47,"column":4},"end":{"line":50,"column":5}},{"start":{},"end":{}}],"line":47},"1":{"loc":{"start":{"line":85,"column":6},"end":{"line":88,"column":7}},"type":"if","locations":[{"start":{"line":85,"column":6},"end":{"line":88,"column":7}},{"start":{},"end":{}}],"line":85},"2":{"loc":{"start":{"line":89,"column":6},"end":{"line":91,"column":7}},"type":"if","locations":[{"start":{"line":89,"column":6},"end":{"line":91,"column":7}},{"start":{},"end":{}}],"line":89}},"s":{"0":6,"1":6,"2":6,"3":6,"4":6,"5":6,"6":6,"7":6,"8":1,"9":1,"10":1,"11":0,"12":0,"13":1,"14":6,"15":3,"16":3,"17":0,"18":0,"19":3,"20":1,"21":2,"22":2},"f":{"0":1,"1":1,"2":3,"3":3},"b":{"0":[0,1],"1":[0,3],"2":[1,2]},"_coverageSchema":"1a1c01bbd47fc00a2c39e90264f33305004495a9","hash":"52da05eee498b3da1d1c63138d76935d7d77f804"}
,"D:\\collage\\senior1 spring\\software\\Twitter\\app\\controllers\\admin.controller.js": {"path":"D:\\collage\\senior1 spring\\software\\Twitter\\app\\controllers\\admin.controller.js","statementMap":{"0":{"start":{"line":2,"column":15},"end":{"line":2,"column":47}},"1":{"start":{"line":3,"column":18},"end":{"line":3,"column":43}},"2":{"start":{"line":4,"column":11},"end":{"line":4,"column":31}},"3":{"start":{"line":5,"column":13},"end":{"line":5,"column":21}},"4":{"start":{"line":6,"column":13},"end":{"line":6,"column":20}},"5":{"start":{"line":8,"column":27},"end":{"line":8,"column":50}},"6":{"start":{"line":9,"column":11},"end":{"line":9,"column":34}},"7":{"start":{"line":14,"column":0},"end":{"line":46,"column":1}},"8":{"start":{"line":17,"column":14},"end":{"line":17,"column":30}},"9":{"start":{"line":18,"column":15},"end":{"line":18,"column":32}},"10":{"start":{"line":20,"column":3},"end":{"line":45,"column":4}},"11":{"start":{"line":21,"column":5},"end":{"line":24,"column":6}},"12":{"start":{"line":22,"column":7},"end":{"line":22,"column":46}},"13":{"start":{"line":23,"column":7},"end":{"line":23,"column":14}},"14":{"start":{"line":25,"column":5},"end":{"line":27,"column":6}},"15":{"start":{"line":26,"column":7},"end":{"line":26,"column":64}},"16":{"start":{"line":28,"column":0},"end":{"line":45,"column":1}},"17":{"start":{"line":29,"column":2},"end":{"line":32,"column":1}},"18":{"start":{"line":30,"column":6},"end":{"line":30,"column":68}},"19":{"start":{"line":34,"column":0},"end":{"line":43,"column":1}},"20":{"start":{"line":35,"column":0},"end":{"line":42,"column":3}},"21":{"start":{"line":37,"column":0},"end":{"line":40,"column":1}},"22":{"start":{"line":38,"column":2},"end":{"line":38,"column":41}},"23":{"start":{"line":39,"column":2},"end":{"line":39,"column":9}},"24":{"start":{"line":41,"column":0},"end":{"line":41,"column":42}},"25":{"start":{"line":60,"column":0},"end":{"line":71,"column":2}},"26":{"start":{"line":62,"column":2},"end":{"line":70,"column":5}},"27":{"start":{"line":63,"column":4},"end":{"line":69,"column":5}},"28":{"start":{"line":64,"column":6},"end":{"line":64,"column":43}},"29":{"start":{"line":65,"column":6},"end":{"line":65,"column":13}},"30":{"start":{"line":68,"column":8},"end":{"line":68,"column":41}},"31":{"start":{"line":76,"column":0},"end":{"line":233,"column":2}},"32":{"start":{"line":77,"column":14},"end":{"line":77,"column":16}},"33":{"start":{"line":78,"column":22},"end":{"line":78,"column":34}},"34":{"start":{"line":79,"column":21},"end":{"line":79,"column":33}},"35":{"start":{"line":80,"column":23},"end":{"line":80,"column":35}},"36":{"start":{"line":81,"column":22},"end":{"line":81,"column":34}},"37":{"start":{"line":82,"column":21},"end":{"line":82,"column":33}},"38":{"start":{"line":83,"column":26},"end":{"line":83,"column":38}},"39":{"start":{"line":84,"column":30},"end":{"line":84,"column":42}},"40":{"start":{"line":85,"column":24},"end":{"line":85,"column":36}},"41":{"start":{"line":86,"column":17},"end":{"line":86,"column":29}},"42":{"start":{"line":87,"column":23},"end":{"line":87,"column":35}},"43":{"start":{"line":88,"column":22},"end":{"line":88,"column":34}},"44":{"start":{"line":89,"column":21},"end":{"line":89,"column":33}},"45":{"start":{"line":90,"column":20},"end":{"line":90,"column":32}},"46":{"start":{"line":93,"column":18},"end":{"line":93,"column":28}},"47":{"start":{"line":94,"column":19},"end":{"line":94,"column":63}},"48":{"start":{"line":96,"column":18},"end":{"line":96,"column":28}},"49":{"start":{"line":97,"column":16},"end":{"line":97,"column":46}},"50":{"start":{"line":100,"column":1},"end":{"line":232,"column":3}},"51":{"start":{"line":188,"column":0},"end":{"line":188,"column":49}},"52":{"start":{"line":189,"column":1},"end":{"line":189,"column":27}},"53":{"start":{"line":191,"column":0},"end":{"line":191,"column":42}},"54":{"start":{"line":192,"column":1},"end":{"line":192,"column":29}},"55":{"start":{"line":194,"column":0},"end":{"line":194,"column":54}},"56":{"start":{"line":195,"column":2},"end":{"line":195,"column":29}},"57":{"start":{"line":197,"column":0},"end":{"line":197,"column":40}},"58":{"start":{"line":198,"column":2},"end":{"line":198,"column":29}},"59":{"start":{"line":200,"column":0},"end":{"line":200,"column":38}},"60":{"start":{"line":201,"column":3},"end":{"line":201,"column":29}},"61":{"start":{"line":203,"column":0},"end":{"line":203,"column":52}},"62":{"start":{"line":204,"column":0},"end":{"line":204,"column":32}},"63":{"start":{"line":206,"column":0},"end":{"line":206,"column":60}},"64":{"start":{"line":207,"column":0},"end":{"line":207,"column":36}},"65":{"start":{"line":209,"column":1},"end":{"line":209,"column":52}},"66":{"start":{"line":210,"column":1},"end":{"line":210,"column":31}},"67":{"start":{"line":212,"column":0},"end":{"line":212,"column":32}},"68":{"start":{"line":213,"column":0},"end":{"line":213,"column":23}},"69":{"start":{"line":215,"column":0},"end":{"line":215,"column":43}},"70":{"start":{"line":216,"column":0},"end":{"line":216,"column":28}},"71":{"start":{"line":218,"column":0},"end":{"line":218,"column":42}},"72":{"start":{"line":219,"column":0},"end":{"line":219,"column":27}},"73":{"start":{"line":221,"column":0},"end":{"line":221,"column":40}},"74":{"start":{"line":222,"column":0},"end":{"line":222,"column":26}},"75":{"start":{"line":224,"column":1},"end":{"line":224,"column":43}},"76":{"start":{"line":225,"column":1},"end":{"line":225,"column":26}},"77":{"start":{"line":227,"column":0},"end":{"line":227,"column":29}},"78":{"start":{"line":231,"column":2},"end":{"line":231,"column":59}}},"fnMap":{"0":{"name":"(anonymous_0)","decl":{"start":{"line":14,"column":21},"end":{"line":14,"column":22}},"loc":{"start":{"line":14,"column":37},"end":{"line":46,"column":1}},"line":14},"1":{"name":"(anonymous_1)","decl":{"start":{"line":20,"column":37},"end":{"line":20,"column":38}},"loc":{"start":{"line":20,"column":65},"end":{"line":45,"column":2}},"line":20},"2":{"name":"(anonymous_2)","decl":{"start":{"line":35,"column":174},"end":{"line":35,"column":175}},"loc":{"start":{"line":35,"column":207},"end":{"line":42,"column":1}},"line":35},"3":{"name":"(anonymous_3)","decl":{"start":{"line":60,"column":20},"end":{"line":60,"column":21}},"loc":{"start":{"line":60,"column":40},"end":{"line":71,"column":1}},"line":60},"4":{"name":"(anonymous_4)","decl":{"start":{"line":62,"column":41},"end":{"line":62,"column":42}},"loc":{"start":{"line":62,"column":60},"end":{"line":70,"column":3}},"line":62},"5":{"name":"(anonymous_5)","decl":{"start":{"line":76,"column":24},"end":{"line":76,"column":25}},"loc":{"start":{"line":76,"column":35},"end":{"line":233,"column":1}},"line":76},"6":{"name":"(anonymous_6)","decl":{"start":{"line":185,"column":6},"end":{"line":185,"column":7}},"loc":{"start":{"line":185,"column":15},"end":{"line":229,"column":1}},"line":185},"7":{"name":"(anonymous_7)","decl":{"start":{"line":230,"column":7},"end":{"line":230,"column":8}},"loc":{"start":{"line":230,"column":20},"end":{"line":232,"column":1}},"line":230}},"branchMap":{"0":{"loc":{"start":{"line":21,"column":5},"end":{"line":24,"column":6}},"type":"if","locations":[{"start":{"line":21,"column":5},"end":{"line":24,"column":6}},{"start":{},"end":{}}],"line":21},"1":{"loc":{"start":{"line":25,"column":5},"end":{"line":27,"column":6}},"type":"if","locations":[{"start":{"line":25,"column":5},"end":{"line":27,"column":6}},{"start":{},"end":{}}],"line":25},"2":{"loc":{"start":{"line":28,"column":0},"end":{"line":45,"column":1}},"type":"if","locations":[{"start":{"line":28,"column":0},"end":{"line":45,"column":1}},{"start":{},"end":{}}],"line":28},"3":{"loc":{"start":{"line":29,"column":2},"end":{"line":32,"column":1}},"type":"if","locations":[{"start":{"line":29,"column":2},"end":{"line":32,"column":1}},{"start":{},"end":{}}],"line":29},"4":{"loc":{"start":{"line":34,"column":0},"end":{"line":43,"column":1}},"type":"if","locations":[{"start":{"line":34,"column":0},"end":{"line":43,"column":1}},{"start":{},"end":{}}],"line":34},"5":{"loc":{"start":{"line":34,"column":4},"end":{"line":34,"column":82}},"type":"binary-expr","locations":[{"start":{"line":34,"column":4},"end":{"line":34,"column":30}},{"start":{"line":34,"column":34},"end":{"line":34,"column":82}}],"line":34},"6":{"loc":{"start":{"line":37,"column":0},"end":{"line":40,"column":1}},"type":"if","locations":[{"start":{"line":37,"column":0},"end":{"line":40,"column":1}},{"start":{},"end":{}}],"line":37},"7":{"loc":{"start":{"line":63,"column":4},"end":{"line":69,"column":5}},"type":"if","locations":[{"start":{"line":63,"column":4},"end":{"line":69,"column":5}},{"start":{"line":67,"column":8},"end":{"line":69,"column":5}}],"line":63}},"s":{"0":6,"1":6,"2":6,"3":6,"4":6,"5":6,"6":6,"7":6,"8":3,"9":3,"10":3,"11":3,"12":0,"13":0,"14":3,"15":0,"16":3,"17":3,"18":1,"19":3,"20":2,"21":2,"22":0,"23":0,"24":2,"25":6,"26":1,"27":1,"28":0,"29":0,"30":1,"31":6,"32":1,"33":1,"34":1,"35":1,"36":1,"37":1,"38":1,"39":1,"40":1,"41":1,"42":1,"43":1,"44":1,"45":1,"46":1,"47":1,"48":1,"49":1,"50":1,"51":1,"52":1,"53":1,"54":1,"55":1,"56":1,"57":1,"58":1,"59":1,"60":1,"61":1,"62":1,"63":1,"64":1,"65":1,"66":1,"67":1,"68":1,"69":1,"70":1,"71":1,"72":1,"73":1,"74":1,"75":1,"76":1,"77":1,"78":0},"f":{"0":3,"1":3,"2":2,"3":1,"4":1,"5":1,"6":1,"7":0},"b":{"0":[0,3],"1":[0,3],"2":[3,0],"3":[1,2],"4":[2,1],"5":[3,2],"6":[0,2],"7":[0,1]},"_coverageSchema":"1a1c01bbd47fc00a2c39e90264f33305004495a9","hash":"ce7fb5545c3765514fb3e171e40e7b2d15d70bc2"}
,"D:\\collage\\senior1 spring\\software\\Twitter\\app\\controllers\\auth.controller.js": {"path":"D:\\collage\\senior1 spring\\software\\Twitter\\app\\controllers\\auth.controller.js","statementMap":{"0":{"start":{"line":1,"column":0},"end":{"line":1,"column":27}},"1":{"start":{"line":2,"column":15},"end":{"line":2,"column":47}},"2":{"start":{"line":3,"column":18},"end":{"line":3,"column":43}},"3":{"start":{"line":4,"column":11},"end":{"line":4,"column":31}},"4":{"start":{"line":5,"column":13},"end":{"line":5,"column":20}},"5":{"start":{"line":6,"column":11},"end":{"line":6,"column":34}},"6":{"start":{"line":7,"column":27},"end":{"line":7,"column":50}},"7":{"start":{"line":8,"column":13},"end":{"line":8,"column":32}},"8":{"start":{"line":37,"column":0},"end":{"line":86,"column":4}},"9":{"start":{"line":40,"column":15},"end":{"line":48,"column":4}},"10":{"start":{"line":49,"column":2},"end":{"line":55,"column":5}},"11":{"start":{"line":50,"column":4},"end":{"line":54,"column":5}},"12":{"start":{"line":52,"column":6},"end":{"line":52,"column":45}},"13":{"start":{"line":53,"column":6},"end":{"line":53,"column":13}},"14":{"start":{"line":61,"column":2},"end":{"line":85,"column":6}},"15":{"start":{"line":79,"column":22},"end":{"line":81,"column":33}},"16":{"start":{"line":82,"column":6},"end":{"line":82,"column":54}},"17":{"start":{"line":83,"column":6},"end":{"line":83,"column":111}},"18":{"start":{"line":101,"column":2},"end":{"line":140,"column":1}},"19":{"start":{"line":102,"column":4},"end":{"line":138,"column":3}},"20":{"start":{"line":103,"column":6},"end":{"line":135,"column":7}},"21":{"start":{"line":104,"column":8},"end":{"line":109,"column":9}},"22":{"start":{"line":105,"column":10},"end":{"line":107,"column":11}},"23":{"start":{"line":106,"column":12},"end":{"line":106,"column":96}},"24":{"start":{"line":108,"column":10},"end":{"line":108,"column":72}},"25":{"start":{"line":111,"column":30},"end":{"line":120,"column":12}},"26":{"start":{"line":121,"column":38},"end":{"line":121,"column":81}},"27":{"start":{"line":122,"column":10},"end":{"line":129,"column":13}},"28":{"start":{"line":123,"column":12},"end":{"line":123,"column":30}},"29":{"start":{"line":124,"column":28},"end":{"line":126,"column":39}},"30":{"start":{"line":127,"column":12},"end":{"line":127,"column":63}},"31":{"start":{"line":128,"column":12},"end":{"line":128,"column":125}},"32":{"start":{"line":137,"column":4},"end":{"line":137,"column":72}},"33":{"start":{"line":154,"column":0},"end":{"line":170,"column":1}},"34":{"start":{"line":155,"column":2},"end":{"line":169,"column":3}},"35":{"start":{"line":156,"column":4},"end":{"line":165,"column":7}},"36":{"start":{"line":158,"column":6},"end":{"line":164,"column":7}},"37":{"start":{"line":159,"column":8},"end":{"line":159,"column":80}},"38":{"start":{"line":160,"column":8},"end":{"line":160,"column":15}},"39":{"start":{"line":162,"column":8},"end":{"line":162,"column":67}},"40":{"start":{"line":163,"column":8},"end":{"line":163,"column":15}},"41":{"start":{"line":168,"column":4},"end":{"line":168,"column":78}},"42":{"start":{"line":234,"column":0},"end":{"line":286,"column":2}},"43":{"start":{"line":236,"column":2},"end":{"line":285,"column":7}},"44":{"start":{"line":242,"column":6},"end":{"line":245,"column":7}},"45":{"start":{"line":243,"column":8},"end":{"line":243,"column":47}},"46":{"start":{"line":244,"column":8},"end":{"line":244,"column":15}},"47":{"start":{"line":246,"column":6},"end":{"line":248,"column":7}},"48":{"start":{"line":247,"column":8},"end":{"line":247,"column":68}},"49":{"start":{"line":249,"column":6},"end":{"line":251,"column":7}},"50":{"start":{"line":250,"column":8},"end":{"line":250,"column":88}},"51":{"start":{"line":252,"column":28},"end":{"line":255,"column":9}},"52":{"start":{"line":262,"column":6},"end":{"line":267,"column":7}},"53":{"start":{"line":263,"column":8},"end":{"line":266,"column":11}},"54":{"start":{"line":268,"column":18},"end":{"line":270,"column":8}},"55":{"start":{"line":274,"column":6},"end":{"line":284,"column":7}},"56":{"start":{"line":275,"column":8},"end":{"line":278,"column":11}},"57":{"start":{"line":280,"column":8},"end":{"line":283,"column":11}}},"fnMap":{"0":{"name":"signup","decl":{"start":{"line":37,"column":26},"end":{"line":37,"column":32}},"loc":{"start":{"line":37,"column":43},"end":{"line":86,"column":3}},"line":37},"1":{"name":"(anonymous_1)","decl":{"start":{"line":49,"column":12},"end":{"line":49,"column":13}},"loc":{"start":{"line":49,"column":27},"end":{"line":55,"column":3}},"line":49},"2":{"name":"(anonymous_2)","decl":{"start":{"line":72,"column":4},"end":{"line":72,"column":5}},"loc":{"start":{"line":72,"column":25},"end":{"line":84,"column":5}},"line":72},"3":{"name":"(anonymous_3)","decl":{"start":{"line":101,"column":24},"end":{"line":101,"column":25}},"loc":{"start":{"line":101,"column":38},"end":{"line":140,"column":1}},"line":101},"4":{"name":"(anonymous_4)","decl":{"start":{"line":103,"column":74},"end":{"line":103,"column":75}},"loc":{"start":{"line":103,"column":92},"end":{"line":135,"column":5}},"line":103},"5":{"name":"(anonymous_5)","decl":{"start":{"line":122,"column":113},"end":{"line":122,"column":114}},"loc":{"start":{"line":122,"column":128},"end":{"line":129,"column":11}},"line":122},"6":{"name":"(anonymous_6)","decl":{"start":{"line":154,"column":23},"end":{"line":154,"column":24}},"loc":{"start":{"line":154,"column":37},"end":{"line":170,"column":1}},"line":154},"7":{"name":"(anonymous_7)","decl":{"start":{"line":156,"column":138},"end":{"line":156,"column":139}},"loc":{"start":{"line":156,"column":152},"end":{"line":165,"column":5}},"line":156},"8":{"name":"(anonymous_8)","decl":{"start":{"line":234,"column":17},"end":{"line":234,"column":18}},"loc":{"start":{"line":234,"column":31},"end":{"line":286,"column":1}},"line":234},"9":{"name":"(anonymous_9)","decl":{"start":{"line":241,"column":10},"end":{"line":241,"column":11}},"loc":{"start":{"line":241,"column":25},"end":{"line":285,"column":5}},"line":241}},"branchMap":{"0":{"loc":{"start":{"line":50,"column":4},"end":{"line":54,"column":5}},"type":"if","locations":[{"start":{"line":50,"column":4},"end":{"line":54,"column":5}},{"start":{},"end":{}}],"line":50},"1":{"loc":{"start":{"line":104,"column":8},"end":{"line":109,"column":9}},"type":"if","locations":[{"start":{"line":104,"column":8},"end":{"line":109,"column":9}},{"start":{},"end":{}}],"line":104},"2":{"loc":{"start":{"line":105,"column":10},"end":{"line":107,"column":11}},"type":"if","locations":[{"start":{"line":105,"column":10},"end":{"line":107,"column":11}},{"start":{},"end":{}}],"line":105},"3":{"loc":{"start":{"line":158,"column":6},"end":{"line":164,"column":7}},"type":"if","locations":[{"start":{"line":158,"column":6},"end":{"line":164,"column":7}},{"start":{"line":161,"column":13},"end":{"line":164,"column":7}}],"line":158},"4":{"loc":{"start":{"line":242,"column":6},"end":{"line":245,"column":7}},"type":"if","locations":[{"start":{"line":242,"column":6},"end":{"line":245,"column":7}},{"start":{},"end":{}}],"line":242},"5":{"loc":{"start":{"line":246,"column":6},"end":{"line":248,"column":7}},"type":"if","locations":[{"start":{"line":246,"column":6},"end":{"line":248,"column":7}},{"start":{},"end":{}}],"line":246},"6":{"loc":{"start":{"line":249,"column":6},"end":{"line":251,"column":7}},"type":"if","locations":[{"start":{"line":249,"column":6},"end":{"line":251,"column":7}},{"start":{},"end":{}}],"line":249},"7":{"loc":{"start":{"line":262,"column":6},"end":{"line":267,"column":7}},"type":"if","locations":[{"start":{"line":262,"column":6},"end":{"line":267,"column":7}},{"start":{},"end":{}}],"line":262},"8":{"loc":{"start":{"line":274,"column":6},"end":{"line":284,"column":7}},"type":"if","locations":[{"start":{"line":274,"column":6},"end":{"line":284,"column":7}},{"start":{"line":279,"column":11},"end":{"line":284,"column":7}}],"line":274}},"s":{"0":6,"1":6,"2":6,"3":6,"4":6,"5":6,"6":6,"7":6,"8":6,"9":1,"10":1,"11":1,"12":0,"13":0,"14":1,"15":1,"16":1,"17":1,"18":6,"19":1,"20":1,"21":1,"22":0,"23":0,"24":0,"25":1,"26":1,"27":1,"28":1,"29":1,"30":1,"31":1,"32":0,"33":6,"34":1,"35":1,"36":1,"37":1,"38":1,"39":0,"40":0,"41":0,"42":6,"43":32,"44":32,"45":0,"46":0,"47":32,"48":1,"49":31,"50":2,"51":29,"52":29,"53":2,"54":27,"55":27,"56":2,"57":25},"f":{"0":1,"1":1,"2":1,"3":1,"4":1,"5":1,"6":1,"7":1,"8":32,"9":32},"b":{"0":[0,1],"1":[0,1],"2":[0,0],"3":[1,0],"4":[0,32],"5":[1,31],"6":[2,29],"7":[2,27],"8":[2,25]},"_coverageSchema":"1a1c01bbd47fc00a2c39e90264f33305004495a9","hash":"f342e2cba4a71134fcad969b758a0aab3ea55bc0"}
,"D:\\collage\\senior1 spring\\software\\Twitter\\app\\controllers\\search.controller.js": {"path":"D:\\collage\\senior1 spring\\software\\Twitter\\app\\controllers\\search.controller.js","statementMap":{"0":{"start":{"line":1,"column":0},"end":{"line":1,"column":27}},"1":{"start":{"line":3,"column":82},"end":{"line":3,"column":111}},"2":{"start":{"line":5,"column":0},"end":{"line":19,"column":1}},"3":{"start":{"line":6,"column":4},"end":{"line":17,"column":6}},"4":{"start":{"line":7,"column":21},"end":{"line":7,"column":48}},"5":{"start":{"line":8,"column":25},"end":{"line":8,"column":62}},"6":{"start":{"line":9,"column":26},"end":{"line":9,"column":62}},"7":{"start":{"line":10,"column":7},"end":{"line":10,"column":93}},"8":{"start":{"line":14,"column":21},"end":{"line":14,"column":60}},"9":{"start":{"line":15,"column":22},"end":{"line":15,"column":60}},"10":{"start":{"line":16,"column":7},"end":{"line":16,"column":80}},"11":{"start":{"line":21,"column":0},"end":{"line":48,"column":1}},"12":{"start":{"line":22,"column":4},"end":{"line":47,"column":1}},"13":{"start":{"line":23,"column":21},"end":{"line":23,"column":48}},"14":{"start":{"line":24,"column":25},"end":{"line":24,"column":62}},"15":{"start":{"line":25,"column":8},"end":{"line":32,"column":9}},"16":{"start":{"line":27,"column":12},"end":{"line":27,"column":83}},"17":{"start":{"line":31,"column":8},"end":{"line":31,"column":70}},"18":{"start":{"line":35,"column":18},"end":{"line":35,"column":57}},"19":{"start":{"line":39,"column":4},"end":{"line":46,"column":5}},"20":{"start":{"line":41,"column":8},"end":{"line":41,"column":79}},"21":{"start":{"line":45,"column":4},"end":{"line":45,"column":58}},"22":{"start":{"line":50,"column":0},"end":{"line":68,"column":1}},"23":{"start":{"line":51,"column":19},"end":{"line":51,"column":57}},"24":{"start":{"line":54,"column":4},"end":{"line":67,"column":5}},"25":{"start":{"line":55,"column":8},"end":{"line":55,"column":72}},"26":{"start":{"line":66,"column":8},"end":{"line":66,"column":65}}},"fnMap":{"0":{"name":"(anonymous_0)","decl":{"start":{"line":5,"column":21},"end":{"line":5,"column":22}},"loc":{"start":{"line":5,"column":40},"end":{"line":19,"column":1}},"line":5},"1":{"name":"(anonymous_1)","decl":{"start":{"line":21,"column":24},"end":{"line":21,"column":25}},"loc":{"start":{"line":21,"column":43},"end":{"line":48,"column":1}},"line":21},"2":{"name":"(anonymous_2)","decl":{"start":{"line":50,"column":23},"end":{"line":50,"column":24}},"loc":{"start":{"line":50,"column":42},"end":{"line":68,"column":1}},"line":50}},"branchMap":{"0":{"loc":{"start":{"line":6,"column":4},"end":{"line":17,"column":6}},"type":"if","locations":[{"start":{"line":6,"column":4},"end":{"line":17,"column":6}},{"start":{"line":13,"column":9},"end":{"line":17,"column":6}}],"line":6},"1":{"loc":{"start":{"line":22,"column":4},"end":{"line":47,"column":1}},"type":"if","locations":[{"start":{"line":22,"column":4},"end":{"line":47,"column":1}},{"start":{"line":34,"column":8},"end":{"line":47,"column":1}}],"line":22},"2":{"loc":{"start":{"line":25,"column":8},"end":{"line":32,"column":9}},"type":"if","locations":[{"start":{"line":25,"column":8},"end":{"line":32,"column":9}},{"start":{"line":30,"column":12},"end":{"line":32,"column":9}}],"line":25},"3":{"loc":{"start":{"line":25,"column":11},"end":{"line":25,"column":44}},"type":"binary-expr","locations":[{"start":{"line":25,"column":12},"end":{"line":25,"column":21}},{"start":{"line":25,"column":25},"end":{"line":25,"column":43}}],"line":25},"4":{"loc":{"start":{"line":39,"column":4},"end":{"line":46,"column":5}},"type":"if","locations":[{"start":{"line":39,"column":4},"end":{"line":46,"column":5}},{"start":{"line":44,"column":8},"end":{"line":46,"column":5}}],"line":39},"5":{"loc":{"start":{"line":39,"column":7},"end":{"line":39,"column":34}},"type":"binary-expr","locations":[{"start":{"line":39,"column":8},"end":{"line":39,"column":14}},{"start":{"line":39,"column":18},"end":{"line":39,"column":33}}],"line":39},"6":{"loc":{"start":{"line":54,"column":4},"end":{"line":67,"column":5}},"type":"if","locations":[{"start":{"line":54,"column":4},"end":{"line":67,"column":5}},{"start":{"line":57,"column":8},"end":{"line":67,"column":5}}],"line":54}},"s":{"0":6,"1":6,"2":6,"3":2,"4":1,"5":1,"6":1,"7":1,"8":1,"9":1,"10":1,"11":6,"12":3,"13":1,"14":1,"15":1,"16":0,"17":1,"18":2,"19":2,"20":2,"21":0,"22":6,"23":2,"24":2,"25":1,"26":1},"f":{"0":2,"1":3,"2":2},"b":{"0":[1,1],"1":[1,2],"2":[0,1],"3":[1,1],"4":[2,0],"5":[2,2],"6":[1,1]},"_coverageSchema":"1a1c01bbd47fc00a2c39e90264f33305004495a9","hash":"f0bb45587532863c406bd9d5323c7ff65c1d14c5"}
,"D:\\collage\\senior1 spring\\software\\Twitter\\app\\controllers\\settings.controller.js": {"path":"D:\\collage\\senior1 spring\\software\\Twitter\\app\\controllers\\settings.controller.js","statementMap":{"0":{"start":{"line":1,"column":0},"end":{"line":1,"column":27}},"1":{"start":{"line":2,"column":15},"end":{"line":2,"column":47}},"2":{"start":{"line":3,"column":18},"end":{"line":3,"column":43}},"3":{"start":{"line":4,"column":17},"end":{"line":4,"column":45}},"4":{"start":{"line":5,"column":11},"end":{"line":5,"column":31}},"5":{"start":{"line":6,"column":13},"end":{"line":6,"column":20}},"6":{"start":{"line":7,"column":11},"end":{"line":7,"column":34}},"7":{"start":{"line":8,"column":27},"end":{"line":8,"column":50}},"8":{"start":{"line":9,"column":13},"end":{"line":9,"column":32}},"9":{"start":{"line":35,"column":0},"end":{"line":70,"column":2}},"10":{"start":{"line":37,"column":17},"end":{"line":41,"column":5}},"11":{"start":{"line":43,"column":2},"end":{"line":69,"column":7}},"12":{"start":{"line":45,"column":6},"end":{"line":48,"column":7}},"13":{"start":{"line":46,"column":8},"end":{"line":46,"column":47}},"14":{"start":{"line":47,"column":8},"end":{"line":47,"column":15}},"15":{"start":{"line":49,"column":6},"end":{"line":51,"column":7}},"16":{"start":{"line":50,"column":8},"end":{"line":50,"column":68}},"17":{"start":{"line":55,"column":28},"end":{"line":58,"column":7}},"18":{"start":{"line":59,"column":6},"end":{"line":61,"column":7}},"19":{"start":{"line":60,"column":8},"end":{"line":60,"column":66}},"20":{"start":{"line":62,"column":6},"end":{"line":64,"column":7}},"21":{"start":{"line":63,"column":8},"end":{"line":63,"column":97}},"22":{"start":{"line":65,"column":6},"end":{"line":65,"column":58}},"23":{"start":{"line":66,"column":6},"end":{"line":66,"column":18}},"24":{"start":{"line":67,"column":6},"end":{"line":67,"column":75}},"25":{"start":{"line":92,"column":0},"end":{"line":141,"column":2}},"26":{"start":{"line":95,"column":17},"end":{"line":99,"column":6}},"27":{"start":{"line":101,"column":32},"end":{"line":101,"column":75}},"28":{"start":{"line":102,"column":4},"end":{"line":140,"column":7}},"29":{"start":{"line":107,"column":8},"end":{"line":110,"column":9}},"30":{"start":{"line":108,"column":10},"end":{"line":108,"column":49}},"31":{"start":{"line":109,"column":10},"end":{"line":109,"column":17}},"32":{"start":{"line":111,"column":8},"end":{"line":114,"column":9}},"33":{"start":{"line":112,"column":10},"end":{"line":112,"column":62}},"34":{"start":{"line":113,"column":10},"end":{"line":113,"column":17}},"35":{"start":{"line":116,"column":24},"end":{"line":116,"column":48}},"36":{"start":{"line":117,"column":8},"end":{"line":117,"column":64}},"37":{"start":{"line":119,"column":8},"end":{"line":119,"column":117}},"38":{"start":{"line":206,"column":0},"end":{"line":227,"column":1}},"39":{"start":{"line":207,"column":4},"end":{"line":226,"column":5}},"40":{"start":{"line":208,"column":6},"end":{"line":223,"column":9}},"41":{"start":{"line":209,"column":8},"end":{"line":221,"column":9}},"42":{"start":{"line":210,"column":22},"end":{"line":212,"column":12}},"43":{"start":{"line":214,"column":10},"end":{"line":216,"column":13}},"44":{"start":{"line":217,"column":10},"end":{"line":217,"column":17}},"45":{"start":{"line":219,"column":10},"end":{"line":219,"column":69}},"46":{"start":{"line":220,"column":10},"end":{"line":220,"column":17}},"47":{"start":{"line":225,"column":6},"end":{"line":225,"column":83}},"48":{"start":{"line":250,"column":0},"end":{"line":275,"column":2}},"49":{"start":{"line":252,"column":17},"end":{"line":255,"column":5}},"50":{"start":{"line":257,"column":2},"end":{"line":274,"column":7}},"51":{"start":{"line":259,"column":6},"end":{"line":262,"column":7}},"52":{"start":{"line":260,"column":8},"end":{"line":260,"column":47}},"53":{"start":{"line":261,"column":8},"end":{"line":261,"column":15}},"54":{"start":{"line":263,"column":6},"end":{"line":265,"column":7}},"55":{"start":{"line":264,"column":8},"end":{"line":264,"column":68}},"56":{"start":{"line":267,"column":6},"end":{"line":269,"column":7}},"57":{"start":{"line":268,"column":8},"end":{"line":268,"column":97}},"58":{"start":{"line":270,"column":6},"end":{"line":270,"column":58}},"59":{"start":{"line":271,"column":6},"end":{"line":271,"column":18}},"60":{"start":{"line":272,"column":6},"end":{"line":272,"column":73}},"61":{"start":{"line":290,"column":0},"end":{"line":299,"column":1}},"62":{"start":{"line":292,"column":2},"end":{"line":298,"column":4}},"63":{"start":{"line":293,"column":4},"end":{"line":296,"column":5}},"64":{"start":{"line":294,"column":6},"end":{"line":294,"column":45}},"65":{"start":{"line":295,"column":6},"end":{"line":295,"column":13}},"66":{"start":{"line":297,"column":4},"end":{"line":297,"column":86}},"67":{"start":{"line":313,"column":0},"end":{"line":329,"column":1}},"68":{"start":{"line":315,"column":2},"end":{"line":328,"column":4}},"69":{"start":{"line":316,"column":4},"end":{"line":319,"column":5}},"70":{"start":{"line":317,"column":6},"end":{"line":317,"column":45}},"71":{"start":{"line":318,"column":6},"end":{"line":318,"column":13}},"72":{"start":{"line":320,"column":16},"end":{"line":325,"column":5}},"73":{"start":{"line":326,"column":4},"end":{"line":326,"column":21}}},"fnMap":{"0":{"name":"(anonymous_0)","decl":{"start":{"line":35,"column":25},"end":{"line":35,"column":26}},"loc":{"start":{"line":35,"column":39},"end":{"line":70,"column":1}},"line":35},"1":{"name":"(anonymous_1)","decl":{"start":{"line":44,"column":10},"end":{"line":44,"column":11}},"loc":{"start":{"line":44,"column":25},"end":{"line":69,"column":5}},"line":44},"2":{"name":"(anonymous_2)","decl":{"start":{"line":92,"column":34},"end":{"line":92,"column":35}},"loc":{"start":{"line":92,"column":48},"end":{"line":141,"column":1}},"line":92},"3":{"name":"(anonymous_3)","decl":{"start":{"line":106,"column":12},"end":{"line":106,"column":13}},"loc":{"start":{"line":106,"column":32},"end":{"line":140,"column":5}},"line":106},"4":{"name":"(anonymous_4)","decl":{"start":{"line":206,"column":37},"end":{"line":206,"column":38}},"loc":{"start":{"line":206,"column":51},"end":{"line":227,"column":1}},"line":206},"5":{"name":"(anonymous_5)","decl":{"start":{"line":208,"column":122},"end":{"line":208,"column":123}},"loc":{"start":{"line":208,"column":137},"end":{"line":223,"column":7}},"line":208},"6":{"name":"(anonymous_6)","decl":{"start":{"line":250,"column":30},"end":{"line":250,"column":31}},"loc":{"start":{"line":250,"column":44},"end":{"line":275,"column":1}},"line":250},"7":{"name":"(anonymous_7)","decl":{"start":{"line":258,"column":10},"end":{"line":258,"column":11}},"loc":{"start":{"line":258,"column":25},"end":{"line":274,"column":5}},"line":258},"8":{"name":"(anonymous_8)","decl":{"start":{"line":290,"column":28},"end":{"line":290,"column":29}},"loc":{"start":{"line":290,"column":42},"end":{"line":299,"column":1}},"line":290},"9":{"name":"(anonymous_9)","decl":{"start":{"line":292,"column":119},"end":{"line":292,"column":120}},"loc":{"start":{"line":292,"column":133},"end":{"line":298,"column":3}},"line":292},"10":{"name":"(anonymous_10)","decl":{"start":{"line":313,"column":28},"end":{"line":313,"column":29}},"loc":{"start":{"line":313,"column":42},"end":{"line":329,"column":1}},"line":313},"11":{"name":"(anonymous_11)","decl":{"start":{"line":315,"column":89},"end":{"line":315,"column":90}},"loc":{"start":{"line":315,"column":103},"end":{"line":328,"column":3}},"line":315}},"branchMap":{"0":{"loc":{"start":{"line":45,"column":6},"end":{"line":48,"column":7}},"type":"if","locations":[{"start":{"line":45,"column":6},"end":{"line":48,"column":7}},{"start":{},"end":{}}],"line":45},"1":{"loc":{"start":{"line":49,"column":6},"end":{"line":51,"column":7}},"type":"if","locations":[{"start":{"line":49,"column":6},"end":{"line":51,"column":7}},{"start":{},"end":{}}],"line":49},"2":{"loc":{"start":{"line":59,"column":6},"end":{"line":61,"column":7}},"type":"if","locations":[{"start":{"line":59,"column":6},"end":{"line":61,"column":7}},{"start":{},"end":{}}],"line":59},"3":{"loc":{"start":{"line":62,"column":6},"end":{"line":64,"column":7}},"type":"if","locations":[{"start":{"line":62,"column":6},"end":{"line":64,"column":7}},{"start":{},"end":{}}],"line":62},"4":{"loc":{"start":{"line":107,"column":8},"end":{"line":110,"column":9}},"type":"if","locations":[{"start":{"line":107,"column":8},"end":{"line":110,"column":9}},{"start":{},"end":{}}],"line":107},"5":{"loc":{"start":{"line":111,"column":8},"end":{"line":114,"column":9}},"type":"if","locations":[{"start":{"line":111,"column":8},"end":{"line":114,"column":9}},{"start":{},"end":{}}],"line":111},"6":{"loc":{"start":{"line":209,"column":8},"end":{"line":221,"column":9}},"type":"if","locations":[{"start":{"line":209,"column":8},"end":{"line":221,"column":9}},{"start":{"line":218,"column":15},"end":{"line":221,"column":9}}],"line":209},"7":{"loc":{"start":{"line":259,"column":6},"end":{"line":262,"column":7}},"type":"if","locations":[{"start":{"line":259,"column":6},"end":{"line":262,"column":7}},{"start":{},"end":{}}],"line":259},"8":{"loc":{"start":{"line":263,"column":6},"end":{"line":265,"column":7}},"type":"if","locations":[{"start":{"line":263,"column":6},"end":{"line":265,"column":7}},{"start":{},"end":{}}],"line":263},"9":{"loc":{"start":{"line":267,"column":6},"end":{"line":269,"column":7}},"type":"if","locations":[{"start":{"line":267,"column":6},"end":{"line":269,"column":7}},{"start":{},"end":{}}],"line":267},"10":{"loc":{"start":{"line":293,"column":4},"end":{"line":296,"column":5}},"type":"if","locations":[{"start":{"line":293,"column":4},"end":{"line":296,"column":5}},{"start":{},"end":{}}],"line":293},"11":{"loc":{"start":{"line":316,"column":4},"end":{"line":319,"column":5}},"type":"if","locations":[{"start":{"line":316,"column":4},"end":{"line":319,"column":5}},{"start":{},"end":{}}],"line":316}},"s":{"0":6,"1":6,"2":6,"3":6,"4":6,"5":6,"6":6,"7":6,"8":6,"9":6,"10":3,"11":3,"12":3,"13":0,"14":0,"15":3,"16":0,"17":3,"18":3,"19":1,"20":2,"21":1,"22":1,"23":1,"24":1,"25":6,"26":2,"27":2,"28":2,"29":2,"30":0,"31":0,"32":2,"33":1,"34":1,"35":1,"36":1,"37":1,"38":6,"39":1,"40":1,"41":1,"42":1,"43":1,"44":1,"45":0,"46":0,"47":0,"48":6,"49":2,"50":2,"51":2,"52":0,"53":0,"54":2,"55":0,"56":2,"57":1,"58":1,"59":1,"60":1,"61":6,"62":1,"63":1,"64":0,"65":0,"66":1,"67":6,"68":1,"69":1,"70":0,"71":0,"72":1,"73":1},"f":{"0":3,"1":3,"2":2,"3":2,"4":1,"5":1,"6":2,"7":2,"8":1,"9":1,"10":1,"11":1},"b":{"0":[0,3],"1":[0,3],"2":[1,2],"3":[1,1],"4":[0,2],"5":[1,1],"6":[1,0],"7":[0,2],"8":[0,2],"9":[1,1],"10":[0,1],"11":[0,1]},"_coverageSchema":"1a1c01bbd47fc00a2c39e90264f33305004495a9","hash":"7bef34ba91fa3e24c2e08727be7f34df7f6c7f0e"}
,"D:\\collage\\senior1 spring\\software\\Twitter\\app\\controllers\\tweets.controller.js": {"path":"D:\\collage\\senior1 spring\\software\\Twitter\\app\\controllers\\tweets.controller.js","statementMap":{"0":{"start":{"line":2,"column":0},"end":{"line":2,"column":27}},"1":{"start":{"line":3,"column":15},"end":{"line":3,"column":47}},"2":{"start":{"line":4,"column":11},"end":{"line":4,"column":31}},"3":{"start":{"line":5,"column":14},"end":{"line":5,"column":22}},"4":{"start":{"line":6,"column":13},"end":{"line":6,"column":20}},"5":{"start":{"line":7,"column":27},"end":{"line":7,"column":50}},"6":{"start":{"line":8,"column":11},"end":{"line":8,"column":34}},"7":{"start":{"line":9,"column":24},"end":{"line":9,"column":44}},"8":{"start":{"line":10,"column":48},"end":{"line":10,"column":79}},"9":{"start":{"line":52,"column":0},"end":{"line":86,"column":2}},"10":{"start":{"line":54,"column":16},"end":{"line":60,"column":2}},"11":{"start":{"line":62,"column":0},"end":{"line":84,"column":1}},"12":{"start":{"line":64,"column":2},"end":{"line":81,"column":5}},"13":{"start":{"line":65,"column":4},"end":{"line":67,"column":5}},"14":{"start":{"line":66,"column":6},"end":{"line":66,"column":45}},"15":{"start":{"line":68,"column":4},"end":{"line":70,"column":5}},"16":{"start":{"line":69,"column":6},"end":{"line":69,"column":59}},"17":{"start":{"line":71,"column":4},"end":{"line":80,"column":5}},"18":{"start":{"line":72,"column":6},"end":{"line":79,"column":9}},"19":{"start":{"line":74,"column":8},"end":{"line":74,"column":39}},"20":{"start":{"line":78,"column":8},"end":{"line":78,"column":45}},"21":{"start":{"line":83,"column":2},"end":{"line":83,"column":76}},"22":{"start":{"line":104,"column":0},"end":{"line":138,"column":2}},"23":{"start":{"line":105,"column":15},"end":{"line":105,"column":25}},"24":{"start":{"line":106,"column":2},"end":{"line":106,"column":21}},"25":{"start":{"line":107,"column":2},"end":{"line":135,"column":4}},"26":{"start":{"line":108,"column":4},"end":{"line":124,"column":5}},"27":{"start":{"line":110,"column":6},"end":{"line":121,"column":9}},"28":{"start":{"line":111,"column":8},"end":{"line":120,"column":9}},"29":{"start":{"line":112,"column":10},"end":{"line":112,"column":47}},"30":{"start":{"line":115,"column":10},"end":{"line":115,"column":31}},"31":{"start":{"line":116,"column":25},"end":{"line":116,"column":42}},"32":{"start":{"line":117,"column":10},"end":{"line":117,"column":31}},"33":{"start":{"line":118,"column":10},"end":{"line":118,"column":81}},"34":{"start":{"line":119,"column":10},"end":{"line":119,"column":45}},"35":{"start":{"line":123,"column":6},"end":{"line":123,"column":60}},"36":{"start":{"line":140,"column":0},"end":{"line":141,"column":2}},"37":{"start":{"line":148,"column":0},"end":{"line":183,"column":2}},"38":{"start":{"line":149,"column":16},"end":{"line":149,"column":29}},"39":{"start":{"line":150,"column":15},"end":{"line":150,"column":25}},"40":{"start":{"line":153,"column":2},"end":{"line":180,"column":4}},"41":{"start":{"line":154,"column":4},"end":{"line":156,"column":5}},"42":{"start":{"line":155,"column":6},"end":{"line":155,"column":43}},"43":{"start":{"line":157,"column":4},"end":{"line":179,"column":5}},"44":{"start":{"line":158,"column":6},"end":{"line":174,"column":8}},"45":{"start":{"line":159,"column":8},"end":{"line":173,"column":9}},"46":{"start":{"line":161,"column":10},"end":{"line":172,"column":12}},"47":{"start":{"line":162,"column":12},"end":{"line":164,"column":13}},"48":{"start":{"line":163,"column":14},"end":{"line":163,"column":51}},"49":{"start":{"line":165,"column":12},"end":{"line":171,"column":13}},"50":{"start":{"line":166,"column":14},"end":{"line":166,"column":92}},"51":{"start":{"line":167,"column":14},"end":{"line":167,"column":70}},"52":{"start":{"line":168,"column":14},"end":{"line":168,"column":51}},"53":{"start":{"line":170,"column":14},"end":{"line":170,"column":80}},"54":{"start":{"line":177,"column":6},"end":{"line":177,"column":47}},"55":{"start":{"line":185,"column":0},"end":{"line":218,"column":2}},"56":{"start":{"line":186,"column":16},"end":{"line":186,"column":29}},"57":{"start":{"line":187,"column":15},"end":{"line":187,"column":25}},"58":{"start":{"line":189,"column":2},"end":{"line":216,"column":4}},"59":{"start":{"line":190,"column":4},"end":{"line":192,"column":5}},"60":{"start":{"line":191,"column":6},"end":{"line":191,"column":43}},"61":{"start":{"line":194,"column":4},"end":{"line":215,"column":5}},"62":{"start":{"line":195,"column":6},"end":{"line":211,"column":8}},"63":{"start":{"line":196,"column":8},"end":{"line":210,"column":9}},"64":{"start":{"line":197,"column":10},"end":{"line":208,"column":12}},"65":{"start":{"line":198,"column":12},"end":{"line":200,"column":13}},"66":{"start":{"line":199,"column":14},"end":{"line":199,"column":51}},"67":{"start":{"line":201,"column":12},"end":{"line":207,"column":13}},"68":{"start":{"line":203,"column":14},"end":{"line":203,"column":92}},"69":{"start":{"line":204,"column":14},"end":{"line":204,"column":69}},"70":{"start":{"line":205,"column":14},"end":{"line":205,"column":80}},"71":{"start":{"line":214,"column":6},"end":{"line":214,"column":49}}},"fnMap":{"0":{"name":"(anonymous_0)","decl":{"start":{"line":52,"column":17},"end":{"line":52,"column":18}},"loc":{"start":{"line":52,"column":33},"end":{"line":86,"column":1}},"line":52},"1":{"name":"(anonymous_1)","decl":{"start":{"line":64,"column":43},"end":{"line":64,"column":44}},"loc":{"start":{"line":64,"column":66},"end":{"line":81,"column":3}},"line":64},"2":{"name":"(anonymous_2)","decl":{"start":{"line":73,"column":12},"end":{"line":73,"column":13}},"loc":{"start":{"line":73,"column":24},"end":{"line":75,"column":7}},"line":73},"3":{"name":"(anonymous_3)","decl":{"start":{"line":76,"column":13},"end":{"line":76,"column":14}},"loc":{"start":{"line":76,"column":19},"end":{"line":79,"column":7}},"line":76},"4":{"name":"(anonymous_4)","decl":{"start":{"line":104,"column":15},"end":{"line":104,"column":16}},"loc":{"start":{"line":104,"column":26},"end":{"line":138,"column":1}},"line":104},"5":{"name":"(anonymous_5)","decl":{"start":{"line":107,"column":43},"end":{"line":107,"column":44}},"loc":{"start":{"line":107,"column":70},"end":{"line":135,"column":3}},"line":107},"6":{"name":"(anonymous_6)","decl":{"start":{"line":110,"column":33},"end":{"line":110,"column":34}},"loc":{"start":{"line":110,"column":55},"end":{"line":121,"column":7}},"line":110},"7":{"name":"(anonymous_7)","decl":{"start":{"line":140,"column":16},"end":{"line":140,"column":17}},"loc":{"start":{"line":140,"column":27},"end":{"line":141,"column":1}},"line":140},"8":{"name":"(anonymous_8)","decl":{"start":{"line":148,"column":18},"end":{"line":148,"column":19}},"loc":{"start":{"line":148,"column":35},"end":{"line":183,"column":1}},"line":148},"9":{"name":"(anonymous_9)","decl":{"start":{"line":153,"column":29},"end":{"line":153,"column":30}},"loc":{"start":{"line":153,"column":51},"end":{"line":180,"column":3}},"line":153},"10":{"name":"(anonymous_10)","decl":{"start":{"line":158,"column":89},"end":{"line":158,"column":90}},"loc":{"start":{"line":158,"column":116},"end":{"line":174,"column":7}},"line":158},"11":{"name":"(anonymous_11)","decl":{"start":{"line":161,"column":39},"end":{"line":161,"column":40}},"loc":{"start":{"line":161,"column":62},"end":{"line":172,"column":11}},"line":161},"12":{"name":"(anonymous_12)","decl":{"start":{"line":185,"column":20},"end":{"line":185,"column":21}},"loc":{"start":{"line":185,"column":37},"end":{"line":218,"column":1}},"line":185},"13":{"name":"(anonymous_13)","decl":{"start":{"line":189,"column":29},"end":{"line":189,"column":30}},"loc":{"start":{"line":189,"column":48},"end":{"line":216,"column":3}},"line":189},"14":{"name":"(anonymous_14)","decl":{"start":{"line":195,"column":89},"end":{"line":195,"column":90}},"loc":{"start":{"line":195,"column":116},"end":{"line":211,"column":7}},"line":195},"15":{"name":"(anonymous_15)","decl":{"start":{"line":197,"column":39},"end":{"line":197,"column":40}},"loc":{"start":{"line":197,"column":62},"end":{"line":208,"column":11}},"line":197}},"branchMap":{"0":{"loc":{"start":{"line":62,"column":0},"end":{"line":84,"column":1}},"type":"if","locations":[{"start":{"line":62,"column":0},"end":{"line":84,"column":1}},{"start":{"line":82,"column":5},"end":{"line":84,"column":1}}],"line":62},"1":{"loc":{"start":{"line":65,"column":4},"end":{"line":67,"column":5}},"type":"if","locations":[{"start":{"line":65,"column":4},"end":{"line":67,"column":5}},{"start":{},"end":{}}],"line":65},"2":{"loc":{"start":{"line":68,"column":4},"end":{"line":70,"column":5}},"type":"if","locations":[{"start":{"line":68,"column":4},"end":{"line":70,"column":5}},{"start":{},"end":{}}],"line":68},"3":{"loc":{"start":{"line":71,"column":4},"end":{"line":80,"column":5}},"type":"if","locations":[{"start":{"line":71,"column":4},"end":{"line":80,"column":5}},{"start":{},"end":{}}],"line":71},"4":{"loc":{"start":{"line":108,"column":4},"end":{"line":124,"column":5}},"type":"if","locations":[{"start":{"line":108,"column":4},"end":{"line":124,"column":5}},{"start":{"line":122,"column":9},"end":{"line":124,"column":5}}],"line":108},"5":{"loc":{"start":{"line":111,"column":8},"end":{"line":120,"column":9}},"type":"if","locations":[{"start":{"line":111,"column":8},"end":{"line":120,"column":9}},{"start":{"line":114,"column":12},"end":{"line":120,"column":9}}],"line":111},"6":{"loc":{"start":{"line":154,"column":4},"end":{"line":156,"column":5}},"type":"if","locations":[{"start":{"line":154,"column":4},"end":{"line":156,"column":5}},{"start":{},"end":{}}],"line":154},"7":{"loc":{"start":{"line":157,"column":4},"end":{"line":179,"column":5}},"type":"if","locations":[{"start":{"line":157,"column":4},"end":{"line":179,"column":5}},{"start":{"line":176,"column":8},"end":{"line":179,"column":5}}],"line":157},"8":{"loc":{"start":{"line":159,"column":8},"end":{"line":173,"column":9}},"type":"if","locations":[{"start":{"line":159,"column":8},"end":{"line":173,"column":9}},{"start":{},"end":{}}],"line":159},"9":{"loc":{"start":{"line":162,"column":12},"end":{"line":164,"column":13}},"type":"if","locations":[{"start":{"line":162,"column":12},"end":{"line":164,"column":13}},{"start":{},"end":{}}],"line":162},"10":{"loc":{"start":{"line":165,"column":12},"end":{"line":171,"column":13}},"type":"if","locations":[{"start":{"line":165,"column":12},"end":{"line":171,"column":13}},{"start":{},"end":{}}],"line":165},"11":{"loc":{"start":{"line":190,"column":4},"end":{"line":192,"column":5}},"type":"if","locations":[{"start":{"line":190,"column":4},"end":{"line":192,"column":5}},{"start":{},"end":{}}],"line":190},"12":{"loc":{"start":{"line":194,"column":4},"end":{"line":215,"column":5}},"type":"if","locations":[{"start":{"line":194,"column":4},"end":{"line":215,"column":5}},{"start":{"line":213,"column":8},"end":{"line":215,"column":5}}],"line":194},"13":{"loc":{"start":{"line":196,"column":8},"end":{"line":210,"column":9}},"type":"if","locations":[{"start":{"line":196,"column":8},"end":{"line":210,"column":9}},{"start":{},"end":{}}],"line":196},"14":{"loc":{"start":{"line":198,"column":12},"end":{"line":200,"column":13}},"type":"if","locations":[{"start":{"line":198,"column":12},"end":{"line":200,"column":13}},{"start":{},"end":{}}],"line":198},"15":{"loc":{"start":{"line":201,"column":12},"end":{"line":207,"column":13}},"type":"if","locations":[{"start":{"line":201,"column":12},"end":{"line":207,"column":13}},{"start":{},"end":{}}],"line":201}},"s":{"0":6,"1":6,"2":6,"3":6,"4":6,"5":6,"6":6,"7":6,"8":6,"9":6,"10":3,"11":3,"12":2,"13":2,"14":0,"15":2,"16":1,"17":2,"18":1,"19":1,"20":0,"21":1,"22":6,"23":0,"24":0,"25":0,"26":0,"27":0,"28":0,"29":0,"30":0,"31":0,"32":0,"33":0,"34":0,"35":0,"36":6,"37":6,"38":3,"39":3,"40":3,"41":3,"42":0,"43":3,"44":2,"45":2,"46":2,"47":2,"48":0,"49":2,"50":2,"51":2,"52":2,"53":2,"54":1,"55":6,"56":2,"57":2,"58":2,"59":2,"60":0,"61":2,"62":1,"63":1,"64":1,"65":1,"66":0,"67":1,"68":1,"69":1,"70":1,"71":1},"f":{"0":3,"1":2,"2":1,"3":0,"4":0,"5":0,"6":0,"7":0,"8":3,"9":3,"10":2,"11":2,"12":2,"13":2,"14":1,"15":1},"b":{"0":[2,1],"1":[0,2],"2":[1,1],"3":[1,1],"4":[0,0],"5":[0,0],"6":[0,3],"7":[2,1],"8":[2,0],"9":[0,2],"10":[2,0],"11":[0,2],"12":[1,1],"13":[1,0],"14":[0,1],"15":[1,0]},"_coverageSchema":"1a1c01bbd47fc00a2c39e90264f33305004495a9","hash":"3f5a854876d844619589f88d2255e75aa9bd38ad"}
,"D:\\collage\\senior1 spring\\software\\Twitter\\app\\controllers\\user.controller.js": {"path":"D:\\collage\\senior1 spring\\software\\Twitter\\app\\controllers\\user.controller.js","statementMap":{"0":{"start":{"line":2,"column":11},"end":{"line":2,"column":31}},"1":{"start":{"line":3,"column":13},"end":{"line":3,"column":20}},"2":{"start":{"line":4,"column":15},"end":{"line":4,"column":27}},"3":{"start":{"line":5,"column":14},"end":{"line":5,"column":22}},"4":{"start":{"line":6,"column":0},"end":{"line":6,"column":27}},"5":{"start":{"line":7,"column":0},"end":{"line":9,"column":4}},"6":{"start":{"line":8,"column":4},"end":{"line":8,"column":48}},"7":{"start":{"line":11,"column":0},"end":{"line":17,"column":3}},"8":{"start":{"line":12,"column":16},"end":{"line":12,"column":61}},"9":{"start":{"line":13,"column":4},"end":{"line":15,"column":5}},"10":{"start":{"line":14,"column":6},"end":{"line":14,"column":66}},"11":{"start":{"line":16,"column":2},"end":{"line":16,"column":38}},"12":{"start":{"line":19,"column":2},"end":{"line":39,"column":3}},"13":{"start":{"line":20,"column":18},"end":{"line":20,"column":20}},"14":{"start":{"line":22,"column":26},"end":{"line":22,"column":56}},"15":{"start":{"line":24,"column":4},"end":{"line":30,"column":5}},"16":{"start":{"line":24,"column":17},"end":{"line":24,"column":18}},"17":{"start":{"line":25,"column":19},"end":{"line":25,"column":69}},"18":{"start":{"line":26,"column":6},"end":{"line":29,"column":7}},"19":{"start":{"line":28,"column":6},"end":{"line":28,"column":23}},"20":{"start":{"line":31,"column":4},"end":{"line":35,"column":5}},"21":{"start":{"line":32,"column":6},"end":{"line":32,"column":59}},"22":{"start":{"line":34,"column":4},"end":{"line":34,"column":40}},"23":{"start":{"line":41,"column":2},"end":{"line":64,"column":1}},"24":{"start":{"line":42,"column":22},"end":{"line":42,"column":24}},"25":{"start":{"line":43,"column":17},"end":{"line":43,"column":65}},"26":{"start":{"line":44,"column":4},"end":{"line":63,"column":5}},"27":{"start":{"line":46,"column":4},"end":{"line":46,"column":35}},"28":{"start":{"line":47,"column":4},"end":{"line":53,"column":5}},"29":{"start":{"line":48,"column":23},"end":{"line":48,"column":76}},"30":{"start":{"line":49,"column":6},"end":{"line":49,"column":28}},"31":{"start":{"line":50,"column":6},"end":{"line":52,"column":7}},"32":{"start":{"line":51,"column":8},"end":{"line":51,"column":41}},"33":{"start":{"line":54,"column":4},"end":{"line":59,"column":5}},"34":{"start":{"line":55,"column":6},"end":{"line":55,"column":62}},"35":{"start":{"line":58,"column":4},"end":{"line":58,"column":36}},"36":{"start":{"line":61,"column":9},"end":{"line":63,"column":5}},"37":{"start":{"line":62,"column":6},"end":{"line":62,"column":59}},"38":{"start":{"line":66,"column":2},"end":{"line":79,"column":3}},"39":{"start":{"line":67,"column":22},"end":{"line":67,"column":24}},"40":{"start":{"line":68,"column":17},"end":{"line":68,"column":65}},"41":{"start":{"line":69,"column":4},"end":{"line":69,"column":35}},"42":{"start":{"line":70,"column":4},"end":{"line":77,"column":5}},"43":{"start":{"line":71,"column":23},"end":{"line":71,"column":76}},"44":{"start":{"line":72,"column":6},"end":{"line":72,"column":28}},"45":{"start":{"line":73,"column":6},"end":{"line":76,"column":7}},"46":{"start":{"line":74,"column":30},"end":{"line":74,"column":78}},"47":{"start":{"line":75,"column":8},"end":{"line":75,"column":38}},"48":{"start":{"line":78,"column":4},"end":{"line":78,"column":36}},"49":{"start":{"line":82,"column":0},"end":{"line":95,"column":1}},"50":{"start":{"line":83,"column":20},"end":{"line":83,"column":22}},"51":{"start":{"line":84,"column":17},"end":{"line":84,"column":65}},"52":{"start":{"line":85,"column":4},"end":{"line":85,"column":35}},"53":{"start":{"line":86,"column":4},"end":{"line":93,"column":5}},"54":{"start":{"line":87,"column":23},"end":{"line":87,"column":76}},"55":{"start":{"line":88,"column":6},"end":{"line":88,"column":28}},"56":{"start":{"line":89,"column":6},"end":{"line":92,"column":7}},"57":{"start":{"line":91,"column":8},"end":{"line":91,"column":41}},"58":{"start":{"line":94,"column":4},"end":{"line":94,"column":36}},"59":{"start":{"line":97,"column":0},"end":{"line":110,"column":1}},"60":{"start":{"line":98,"column":20},"end":{"line":98,"column":22}},"61":{"start":{"line":99,"column":17},"end":{"line":99,"column":65}},"62":{"start":{"line":100,"column":4},"end":{"line":100,"column":35}},"63":{"start":{"line":101,"column":4},"end":{"line":108,"column":5}},"64":{"start":{"line":102,"column":23},"end":{"line":102,"column":76}},"65":{"start":{"line":103,"column":6},"end":{"line":103,"column":28}},"66":{"start":{"line":104,"column":6},"end":{"line":107,"column":7}},"67":{"start":{"line":105,"column":29},"end":{"line":105,"column":77}},"68":{"start":{"line":106,"column":8},"end":{"line":106,"column":37}},"69":{"start":{"line":109,"column":4},"end":{"line":109,"column":36}},"70":{"start":{"line":112,"column":0},"end":{"line":134,"column":1}},"71":{"start":{"line":113,"column":18},"end":{"line":113,"column":20}},"72":{"start":{"line":114,"column":30},"end":{"line":114,"column":54}},"73":{"start":{"line":115,"column":16},"end":{"line":115,"column":58}},"74":{"start":{"line":116,"column":22},"end":{"line":116,"column":36}},"75":{"start":{"line":117,"column":4},"end":{"line":131,"column":5}},"76":{"start":{"line":117,"column":17},"end":{"line":117,"column":18}},"77":{"start":{"line":118,"column":23},"end":{"line":118,"column":71}},"78":{"start":{"line":119,"column":6},"end":{"line":130,"column":7}},"79":{"start":{"line":119,"column":19},"end":{"line":119,"column":20}},"80":{"start":{"line":120,"column":8},"end":{"line":128,"column":9}},"81":{"start":{"line":122,"column":10},"end":{"line":126,"column":9}},"82":{"start":{"line":127,"column":8},"end":{"line":127,"column":35}},"83":{"start":{"line":132,"column":4},"end":{"line":132,"column":23}},"84":{"start":{"line":133,"column":4},"end":{"line":133,"column":32}},"85":{"start":{"line":136,"column":0},"end":{"line":149,"column":3}},"86":{"start":{"line":137,"column":27},"end":{"line":137,"column":29}},"87":{"start":{"line":138,"column":17},"end":{"line":138,"column":61}},"88":{"start":{"line":139,"column":4},"end":{"line":139,"column":35}},"89":{"start":{"line":140,"column":4},"end":{"line":147,"column":5}},"90":{"start":{"line":141,"column":23},"end":{"line":141,"column":76}},"91":{"start":{"line":142,"column":6},"end":{"line":142,"column":28}},"92":{"start":{"line":143,"column":6},"end":{"line":146,"column":7}},"93":{"start":{"line":144,"column":32},"end":{"line":144,"column":80}},"94":{"start":{"line":145,"column":8},"end":{"line":145,"column":47}},"95":{"start":{"line":148,"column":4},"end":{"line":148,"column":43}},"96":{"start":{"line":151,"column":0},"end":{"line":188,"column":1}},"97":{"start":{"line":152,"column":2},"end":{"line":152,"column":12}},"98":{"start":{"line":153,"column":2},"end":{"line":153,"column":22}},"99":{"start":{"line":154,"column":15},"end":{"line":154,"column":70}},"100":{"start":{"line":155,"column":2},"end":{"line":155,"column":20}},"101":{"start":{"line":156,"column":2},"end":{"line":180,"column":3}},"102":{"start":{"line":157,"column":21},"end":{"line":157,"column":74}},"103":{"start":{"line":158,"column":4},"end":{"line":179,"column":5}},"104":{"start":{"line":159,"column":6},"end":{"line":159,"column":14}},"105":{"start":{"line":160,"column":6},"end":{"line":178,"column":7}},"106":{"start":{"line":181,"column":2},"end":{"line":187,"column":3}},"107":{"start":{"line":182,"column":4},"end":{"line":182,"column":41}},"108":{"start":{"line":185,"column":4},"end":{"line":185,"column":29}},"109":{"start":{"line":186,"column":4},"end":{"line":186,"column":41}},"110":{"start":{"line":189,"column":0},"end":{"line":257,"column":1}},"111":{"start":{"line":190,"column":2},"end":{"line":190,"column":10}},"112":{"start":{"line":191,"column":15},"end":{"line":191,"column":56}},"113":{"start":{"line":192,"column":20},"end":{"line":192,"column":34}},"114":{"start":{"line":193,"column":2},"end":{"line":206,"column":3}},"115":{"start":{"line":194,"column":21},"end":{"line":194,"column":69}},"116":{"start":{"line":195,"column":4},"end":{"line":205,"column":5}},"117":{"start":{"line":196,"column":6},"end":{"line":196,"column":14}},"118":{"start":{"line":197,"column":6},"end":{"line":197,"column":88}},"119":{"start":{"line":198,"column":7},"end":{"line":198,"column":41}},"120":{"start":{"line":199,"column":7},"end":{"line":199,"column":14}},"121":{"start":{"line":201,"column":9},"end":{"line":205,"column":5}},"122":{"start":{"line":202,"column":6},"end":{"line":202,"column":14}},"123":{"start":{"line":203,"column":6},"end":{"line":203,"column":69}},"124":{"start":{"line":204,"column":6},"end":{"line":204,"column":13}},"125":{"start":{"line":207,"column":2},"end":{"line":256,"column":3}},"126":{"start":{"line":208,"column":22},"end":{"line":210,"column":25}},"127":{"start":{"line":211,"column":4},"end":{"line":211,"column":28}},"128":{"start":{"line":212,"column":21},"end":{"line":230,"column":6}},"129":{"start":{"line":231,"column":4},"end":{"line":231,"column":26}},"130":{"start":{"line":232,"column":4},"end":{"line":232,"column":87}},"131":{"start":{"line":233,"column":27},"end":{"line":251,"column":6}},"132":{"start":{"line":252,"column":4},"end":{"line":252,"column":32}},"133":{"start":{"line":253,"column":4},"end":{"line":253,"column":98}},"134":{"start":{"line":254,"column":4},"end":{"line":254,"column":37}},"135":{"start":{"line":255,"column":4},"end":{"line":255,"column":11}},"136":{"start":{"line":258,"column":0},"end":{"line":296,"column":1}},"137":{"start":{"line":259,"column":2},"end":{"line":259,"column":10}},"138":{"start":{"line":260,"column":15},"end":{"line":260,"column":56}},"139":{"start":{"line":261,"column":2},"end":{"line":295,"column":1}},"140":{"start":{"line":262,"column":21},"end":{"line":262,"column":66}},"141":{"start":{"line":263,"column":26},"end":{"line":263,"column":46}},"142":{"start":{"line":264,"column":20},"end":{"line":264,"column":34}},"143":{"start":{"line":265,"column":2},"end":{"line":286,"column":3}},"144":{"start":{"line":266,"column":21},"end":{"line":266,"column":69}},"145":{"start":{"line":267,"column":4},"end":{"line":285,"column":5}},"146":{"start":{"line":268,"column":6},"end":{"line":268,"column":29}},"147":{"start":{"line":269,"column":6},"end":{"line":269,"column":14}},"148":{"start":{"line":270,"column":6},"end":{"line":270,"column":89}},"149":{"start":{"line":271,"column":6},"end":{"line":276,"column":7}},"150":{"start":{"line":273,"column":8},"end":{"line":275,"column":9}},"151":{"start":{"line":274,"column":10},"end":{"line":274,"column":102}},"152":{"start":{"line":277,"column":6},"end":{"line":277,"column":39}},"153":{"start":{"line":278,"column":6},"end":{"line":278,"column":13}},"154":{"start":{"line":280,"column":9},"end":{"line":285,"column":5}},"155":{"start":{"line":281,"column":6},"end":{"line":281,"column":14}},"156":{"start":{"line":282,"column":6},"end":{"line":282,"column":29}},"157":{"start":{"line":283,"column":6},"end":{"line":283,"column":65}},"158":{"start":{"line":284,"column":6},"end":{"line":284,"column":13}},"159":{"start":{"line":287,"column":2},"end":{"line":290,"column":3}},"160":{"start":{"line":288,"column":4},"end":{"line":288,"column":41}},"161":{"start":{"line":289,"column":4},"end":{"line":289,"column":11}},"162":{"start":{"line":293,"column":2},"end":{"line":293,"column":39}},"163":{"start":{"line":294,"column":2},"end":{"line":294,"column":9}},"164":{"start":{"line":297,"column":0},"end":{"line":315,"column":1}},"165":{"start":{"line":298,"column":2},"end":{"line":298,"column":10}},"166":{"start":{"line":299,"column":15},"end":{"line":299,"column":56}},"167":{"start":{"line":300,"column":20},"end":{"line":300,"column":34}},"168":{"start":{"line":301,"column":2},"end":{"line":310,"column":3}},"169":{"start":{"line":302,"column":21},"end":{"line":302,"column":69}},"170":{"start":{"line":303,"column":4},"end":{"line":309,"column":5}},"171":{"start":{"line":304,"column":6},"end":{"line":304,"column":14}},"172":{"start":{"line":305,"column":6},"end":{"line":305,"column":31}},"173":{"start":{"line":306,"column":6},"end":{"line":306,"column":89}},"174":{"start":{"line":307,"column":6},"end":{"line":307,"column":49}},"175":{"start":{"line":308,"column":6},"end":{"line":308,"column":13}},"176":{"start":{"line":311,"column":2},"end":{"line":314,"column":3}},"177":{"start":{"line":312,"column":4},"end":{"line":312,"column":41}},"178":{"start":{"line":313,"column":4},"end":{"line":313,"column":11}},"179":{"start":{"line":318,"column":0},"end":{"line":330,"column":1}},"180":{"start":{"line":319,"column":15},"end":{"line":319,"column":56}},"181":{"start":{"line":320,"column":2},"end":{"line":329,"column":3}},"182":{"start":{"line":321,"column":4},"end":{"line":321,"column":115}},"183":{"start":{"line":322,"column":4},"end":{"line":322,"column":21}},"184":{"start":{"line":323,"column":4},"end":{"line":323,"column":44}},"185":{"start":{"line":324,"column":4},"end":{"line":324,"column":11}},"186":{"start":{"line":327,"column":4},"end":{"line":327,"column":42}},"187":{"start":{"line":328,"column":4},"end":{"line":328,"column":11}},"188":{"start":{"line":333,"column":0},"end":{"line":346,"column":1}},"189":{"start":{"line":334,"column":17},"end":{"line":334,"column":19}},"190":{"start":{"line":335,"column":17},"end":{"line":335,"column":62}},"191":{"start":{"line":336,"column":4},"end":{"line":336,"column":35}},"192":{"start":{"line":337,"column":4},"end":{"line":344,"column":5}},"193":{"start":{"line":338,"column":23},"end":{"line":338,"column":76}},"194":{"start":{"line":339,"column":6},"end":{"line":339,"column":28}},"195":{"start":{"line":340,"column":6},"end":{"line":343,"column":7}},"196":{"start":{"line":342,"column":8},"end":{"line":342,"column":38}},"197":{"start":{"line":345,"column":4},"end":{"line":345,"column":33}},"198":{"start":{"line":348,"column":0},"end":{"line":361,"column":1}},"199":{"start":{"line":349,"column":17},"end":{"line":349,"column":19}},"200":{"start":{"line":350,"column":17},"end":{"line":350,"column":62}},"201":{"start":{"line":351,"column":4},"end":{"line":351,"column":35}},"202":{"start":{"line":352,"column":4},"end":{"line":359,"column":5}},"203":{"start":{"line":353,"column":23},"end":{"line":353,"column":76}},"204":{"start":{"line":354,"column":6},"end":{"line":354,"column":28}},"205":{"start":{"line":355,"column":6},"end":{"line":358,"column":7}},"206":{"start":{"line":356,"column":28},"end":{"line":356,"column":76}},"207":{"start":{"line":357,"column":8},"end":{"line":357,"column":33}},"208":{"start":{"line":360,"column":4},"end":{"line":360,"column":33}},"209":{"start":{"line":363,"column":0},"end":{"line":376,"column":1}},"210":{"start":{"line":365,"column":19},"end":{"line":365,"column":64}},"211":{"start":{"line":366,"column":2},"end":{"line":375,"column":3}},"212":{"start":{"line":367,"column":19},"end":{"line":367,"column":21}},"213":{"start":{"line":368,"column":18},"end":{"line":368,"column":60}},"214":{"start":{"line":369,"column":4},"end":{"line":369,"column":32}},"215":{"start":{"line":370,"column":4},"end":{"line":370,"column":11}},"216":{"start":{"line":373,"column":4},"end":{"line":373,"column":42}},"217":{"start":{"line":374,"column":4},"end":{"line":374,"column":11}},"218":{"start":{"line":378,"column":0},"end":{"line":394,"column":1}},"219":{"start":{"line":379,"column":19},"end":{"line":379,"column":64}},"220":{"start":{"line":380,"column":2},"end":{"line":380,"column":11}},"221":{"start":{"line":381,"column":2},"end":{"line":393,"column":3}},"222":{"start":{"line":382,"column":23},"end":{"line":382,"column":38}},"223":{"start":{"line":383,"column":4},"end":{"line":386,"column":5}},"224":{"start":{"line":384,"column":6},"end":{"line":384,"column":58}},"225":{"start":{"line":385,"column":6},"end":{"line":385,"column":25}},"226":{"start":{"line":387,"column":4},"end":{"line":387,"column":33}},"227":{"start":{"line":388,"column":4},"end":{"line":388,"column":11}},"228":{"start":{"line":391,"column":4},"end":{"line":391,"column":42}},"229":{"start":{"line":392,"column":4},"end":{"line":392,"column":11}}},"fnMap":{"0":{"name":"(anonymous_0)","decl":{"start":{"line":7,"column":20},"end":{"line":7,"column":21}},"loc":{"start":{"line":7,"column":34},"end":{"line":9,"column":3}},"line":7},"1":{"name":"(anonymous_1)","decl":{"start":{"line":11,"column":20},"end":{"line":11,"column":21}},"loc":{"start":{"line":11,"column":41},"end":{"line":17,"column":3}},"line":11},"2":{"name":"(anonymous_2)","decl":{"start":{"line":19,"column":25},"end":{"line":19,"column":26}},"loc":{"start":{"line":19,"column":44},"end":{"line":39,"column":3}},"line":19},"3":{"name":"(anonymous_3)","decl":{"start":{"line":41,"column":30},"end":{"line":41,"column":31}},"loc":{"start":{"line":41,"column":49},"end":{"line":64,"column":1}},"line":41},"4":{"name":"(anonymous_4)","decl":{"start":{"line":66,"column":31},"end":{"line":66,"column":32}},"loc":{"start":{"line":66,"column":50},"end":{"line":79,"column":3}},"line":66},"5":{"name":"(anonymous_5)","decl":{"start":{"line":82,"column":28},"end":{"line":82,"column":29}},"loc":{"start":{"line":82,"column":47},"end":{"line":95,"column":1}},"line":82},"6":{"name":"(anonymous_6)","decl":{"start":{"line":97,"column":29},"end":{"line":97,"column":30}},"loc":{"start":{"line":97,"column":48},"end":{"line":110,"column":1}},"line":97},"7":{"name":"(anonymous_7)","decl":{"start":{"line":112,"column":29},"end":{"line":112,"column":30}},"loc":{"start":{"line":112,"column":48},"end":{"line":134,"column":1}},"line":112},"8":{"name":"(anonymous_8)","decl":{"start":{"line":136,"column":33},"end":{"line":136,"column":34}},"loc":{"start":{"line":136,"column":52},"end":{"line":149,"column":3}},"line":136},"9":{"name":"(anonymous_9)","decl":{"start":{"line":151,"column":26},"end":{"line":151,"column":27}},"loc":{"start":{"line":151,"column":45},"end":{"line":188,"column":1}},"line":151},"10":{"name":"(anonymous_10)","decl":{"start":{"line":189,"column":28},"end":{"line":189,"column":29}},"loc":{"start":{"line":189,"column":47},"end":{"line":257,"column":1}},"line":189},"11":{"name":"(anonymous_11)","decl":{"start":{"line":258,"column":29},"end":{"line":258,"column":30}},"loc":{"start":{"line":258,"column":48},"end":{"line":296,"column":1}},"line":258},"12":{"name":"(anonymous_12)","decl":{"start":{"line":297,"column":28},"end":{"line":297,"column":29}},"loc":{"start":{"line":297,"column":47},"end":{"line":315,"column":1}},"line":297},"13":{"name":"(anonymous_13)","decl":{"start":{"line":318,"column":28},"end":{"line":318,"column":29}},"loc":{"start":{"line":318,"column":47},"end":{"line":330,"column":1}},"line":318},"14":{"name":"(anonymous_14)","decl":{"start":{"line":333,"column":25},"end":{"line":333,"column":26}},"loc":{"start":{"line":333,"column":44},"end":{"line":346,"column":1}},"line":333},"15":{"name":"(anonymous_15)","decl":{"start":{"line":348,"column":26},"end":{"line":348,"column":27}},"loc":{"start":{"line":348,"column":45},"end":{"line":361,"column":1}},"line":348},"16":{"name":"(anonymous_16)","decl":{"start":{"line":363,"column":25},"end":{"line":363,"column":26}},"loc":{"start":{"line":363,"column":44},"end":{"line":376,"column":1}},"line":363},"17":{"name":"(anonymous_17)","decl":{"start":{"line":378,"column":30},"end":{"line":378,"column":31}},"loc":{"start":{"line":378,"column":48},"end":{"line":394,"column":1}},"line":378}},"branchMap":{"0":{"loc":{"start":{"line":13,"column":4},"end":{"line":15,"column":5}},"type":"if","locations":[{"start":{"line":13,"column":4},"end":{"line":15,"column":5}},{"start":{},"end":{}}],"line":13},"1":{"loc":{"start":{"line":26,"column":6},"end":{"line":29,"column":7}},"type":"if","locations":[{"start":{"line":26,"column":6},"end":{"line":29,"column":7}},{"start":{},"end":{}}],"line":26},"2":{"loc":{"start":{"line":31,"column":4},"end":{"line":35,"column":5}},"type":"if","locations":[{"start":{"line":31,"column":4},"end":{"line":35,"column":5}},{"start":{"line":33,"column":9},"end":{"line":35,"column":5}}],"line":31},"3":{"loc":{"start":{"line":44,"column":4},"end":{"line":63,"column":5}},"type":"if","locations":[{"start":{"line":44,"column":4},"end":{"line":63,"column":5}},{"start":{"line":61,"column":9},"end":{"line":63,"column":5}}],"line":44},"4":{"loc":{"start":{"line":50,"column":6},"end":{"line":52,"column":7}},"type":"if","locations":[{"start":{"line":50,"column":6},"end":{"line":52,"column":7}},{"start":{},"end":{}}],"line":50},"5":{"loc":{"start":{"line":54,"column":4},"end":{"line":59,"column":5}},"type":"if","locations":[{"start":{"line":54,"column":4},"end":{"line":59,"column":5}},{"start":{"line":57,"column":8},"end":{"line":59,"column":5}}],"line":54},"6":{"loc":{"start":{"line":61,"column":9},"end":{"line":63,"column":5}},"type":"if","locations":[{"start":{"line":61,"column":9},"end":{"line":63,"column":5}},{"start":{},"end":{}}],"line":61},"7":{"loc":{"start":{"line":73,"column":6},"end":{"line":76,"column":7}},"type":"if","locations":[{"start":{"line":73,"column":6},"end":{"line":76,"column":7}},{"start":{},"end":{}}],"line":73},"8":{"loc":{"start":{"line":89,"column":6},"end":{"line":92,"column":7}},"type":"if","locations":[{"start":{"line":89,"column":6},"end":{"line":92,"column":7}},{"start":{},"end":{}}],"line":89},"9":{"loc":{"start":{"line":104,"column":6},"end":{"line":107,"column":7}},"type":"if","locations":[{"start":{"line":104,"column":6},"end":{"line":107,"column":7}},{"start":{},"end":{}}],"line":104},"10":{"loc":{"start":{"line":120,"column":8},"end":{"line":128,"column":9}},"type":"if","locations":[{"start":{"line":120,"column":8},"end":{"line":128,"column":9}},{"start":{},"end":{}}],"line":120},"11":{"loc":{"start":{"line":143,"column":6},"end":{"line":146,"column":7}},"type":"if","locations":[{"start":{"line":143,"column":6},"end":{"line":146,"column":7}},{"start":{},"end":{}}],"line":143},"12":{"loc":{"start":{"line":158,"column":4},"end":{"line":179,"column":5}},"type":"if","locations":[{"start":{"line":158,"column":4},"end":{"line":179,"column":5}},{"start":{},"end":{}}],"line":158},"13":{"loc":{"start":{"line":158,"column":8},"end":{"line":158,"column":64}},"type":"binary-expr","locations":[{"start":{"line":158,"column":8},"end":{"line":158,"column":22}},{"start":{"line":158,"column":26},"end":{"line":158,"column":64}}],"line":158},"14":{"loc":{"start":{"line":181,"column":2},"end":{"line":187,"column":3}},"type":"if","locations":[{"start":{"line":181,"column":2},"end":{"line":187,"column":3}},{"start":{"line":184,"column":6},"end":{"line":187,"column":3}}],"line":181},"15":{"loc":{"start":{"line":195,"column":4},"end":{"line":205,"column":5}},"type":"if","locations":[{"start":{"line":195,"column":4},"end":{"line":205,"column":5}},{"start":{"line":201,"column":9},"end":{"line":205,"column":5}}],"line":195},"16":{"loc":{"start":{"line":195,"column":8},"end":{"line":195,"column":89}},"type":"binary-expr","locations":[{"start":{"line":195,"column":8},"end":{"line":195,"column":24}},{"start":{"line":195,"column":28},"end":{"line":195,"column":59}},{"start":{"line":195,"column":63},"end":{"line":195,"column":88}}],"line":195},"17":{"loc":{"start":{"line":201,"column":9},"end":{"line":205,"column":5}},"type":"if","locations":[{"start":{"line":201,"column":9},"end":{"line":205,"column":5}},{"start":{},"end":{}}],"line":201},"18":{"loc":{"start":{"line":201,"column":13},"end":{"line":201,"column":94}},"type":"binary-expr","locations":[{"start":{"line":201,"column":13},"end":{"line":201,"column":29}},{"start":{"line":201,"column":34},"end":{"line":201,"column":65}},{"start":{"line":201,"column":69},"end":{"line":201,"column":93}}],"line":201},"19":{"loc":{"start":{"line":207,"column":2},"end":{"line":256,"column":3}},"type":"if","locations":[{"start":{"line":207,"column":2},"end":{"line":256,"column":3}},{"start":{},"end":{}}],"line":207},"20":{"loc":{"start":{"line":261,"column":2},"end":{"line":295,"column":1}},"type":"if","locations":[{"start":{"line":261,"column":2},"end":{"line":295,"column":1}},{"start":{"line":292,"column":5},"end":{"line":295,"column":1}}],"line":261},"21":{"loc":{"start":{"line":267,"column":4},"end":{"line":285,"column":5}},"type":"if","locations":[{"start":{"line":267,"column":4},"end":{"line":285,"column":5}},{"start":{"line":280,"column":9},"end":{"line":285,"column":5}}],"line":267},"22":{"loc":{"start":{"line":267,"column":8},"end":{"line":267,"column":89}},"type":"binary-expr","locations":[{"start":{"line":267,"column":8},"end":{"line":267,"column":24}},{"start":{"line":267,"column":29},"end":{"line":267,"column":60}},{"start":{"line":267,"column":64},"end":{"line":267,"column":88}}],"line":267},"23":{"loc":{"start":{"line":273,"column":8},"end":{"line":275,"column":9}},"type":"if","locations":[{"start":{"line":273,"column":8},"end":{"line":275,"column":9}},{"start":{},"end":{}}],"line":273},"24":{"loc":{"start":{"line":280,"column":9},"end":{"line":285,"column":5}},"type":"if","locations":[{"start":{"line":280,"column":9},"end":{"line":285,"column":5}},{"start":{},"end":{}}],"line":280},"25":{"loc":{"start":{"line":280,"column":13},"end":{"line":280,"column":95}},"type":"binary-expr","locations":[{"start":{"line":280,"column":13},"end":{"line":280,"column":29}},{"start":{"line":280,"column":34},"end":{"line":280,"column":65}},{"start":{"line":280,"column":69},"end":{"line":280,"column":94}}],"line":280},"26":{"loc":{"start":{"line":287,"column":2},"end":{"line":290,"column":3}},"type":"if","locations":[{"start":{"line":287,"column":2},"end":{"line":290,"column":3}},{"start":{},"end":{}}],"line":287},"27":{"loc":{"start":{"line":303,"column":4},"end":{"line":309,"column":5}},"type":"if","locations":[{"start":{"line":303,"column":4},"end":{"line":309,"column":5}},{"start":{},"end":{}}],"line":303},"28":{"loc":{"start":{"line":303,"column":8},"end":{"line":303,"column":59}},"type":"binary-expr","locations":[{"start":{"line":303,"column":8},"end":{"line":303,"column":24}},{"start":{"line":303,"column":28},"end":{"line":303,"column":59}}],"line":303},"29":{"loc":{"start":{"line":311,"column":2},"end":{"line":3
[...]
,"D:\\collage\\senior1 spring\\software\\Twitter\\app\\models\\index.js": {"path":"D:\\collage\\senior1 spring\\software\\Twitter\\app\\models\\index.js","statementMap":{"0":{"start":{"line":1,"column":17},"end":{"line":1,"column":36}},"1":{"start":{"line":2,"column":0},"end":{"line":2,"column":34}},"2":{"start":{"line":3,"column":11},"end":{"line":3,"column":13}},"3":{"start":{"line":4,"column":0},"end":{"line":4,"column":23}},"4":{"start":{"line":5,"column":0},"end":{"line":5,"column":34}},"5":{"start":{"line":6,"column":0},"end":{"line":6,"column":36}},"6":{"start":{"line":7,"column":0},"end":{"line":7,"column":20}}},"fnMap":{},"branchMap":{},"s":{"0":6,"1":6,"2":6,"3":6,"4":6,"5":6,"6":6},"f":{},"b":{},"_coverageSchema":"1a1c01bbd47fc00a2c39e90264f33305004495a9","hash":"cabcf7ed6e99fe07254b859baf120490e2397312"}
,"D:\\collage\\senior1 spring\\software\\Twitter\\app\\models\\tweet.model.js": {"path":"D:\\collage\\senior1 spring\\software\\Twitter\\app\\models\\tweet.model.js","statementMap":{"0":{"start":{"line":1,"column":19},"end":{"line":1,"column":33}},"1":{"start":{"line":2,"column":17},"end":{"line":2,"column":36}},"2":{"start":{"line":3,"column":13},"end":{"line":3,"column":36}},"3":{"start":{"line":4,"column":15},"end":{"line":4,"column":30}},"4":{"start":{"line":6,"column":20},"end":{"line":69,"column":2}},"5":{"start":{"line":71,"column":1},"end":{"line":74,"column":2}},"6":{"start":{"line":72,"column":14},"end":{"line":72,"column":29}},"7":{"start":{"line":73,"column":2},"end":{"line":73,"column":15}},"8":{"start":{"line":75,"column":0},"end":{"line":75,"column":54}}},"fnMap":{"0":{"name":"(anonymous_0)","decl":{"start":{"line":71,"column":30},"end":{"line":71,"column":31}},"loc":{"start":{"line":71,"column":41},"end":{"line":74,"column":1}},"line":71}},"branchMap":{},"s":{"0":6,"1":6,"2":6,"3":6,"4":6,"5":6,"6":9,"7":9,"8":6},"f":{"0":9},"b":{},"_coverageSchema":"1a1c01bbd47fc00a2c39e90264f33305004495a9","hash":"009a7b076be452d89931d01d1e0fd824b9f68fd2"}
,"D:\\collage\\senior1 spring\\software\\Twitter\\app\\models\\user.model.js": {"path":"D:\\collage\\senior1 spring\\software\\Twitter\\app\\models\\user.model.js","statementMap":{"0":{"start":{"line":1,"column":19},"end":{"line":1,"column":33}},"1":{"start":{"line":2,"column":17},"end":{"line":2,"column":36}},"2":{"start":{"line":3,"column":15},"end":{"line":3,"column":30}},"3":{"start":{"line":5,"column":19},"end":{"line":92,"column":2}},"4":{"start":{"line":94,"column":0},"end":{"line":98,"column":2}},"5":{"start":{"line":95,"column":13},"end":{"line":95,"column":28}},"6":{"start":{"line":96,"column":2},"end":{"line":96,"column":23}},"7":{"start":{"line":97,"column":2},"end":{"line":97,"column":14}},"8":{"start":{"line":100,"column":0},"end":{"line":100,"column":52}}},"fnMap":{"0":{"name":"(anonymous_0)","decl":{"start":{"line":94,"column":28},"end":{"line":94,"column":29}},"loc":{"start":{"line":94,"column":39},"end":{"line":98,"column":1}},"line":94}},"branchMap":{},"s":{"0":6,"1":6,"2":6,"3":6,"4":6,"5":39,"6":39,"7":39,"8":6},"f":{"0":39},"b":{},"_coverageSchema":"1a1c01bbd47fc00a2c39e90264f33305004495a9","hash":"0af19ff8d7ce8a868219c78e2a842b5626af721a"}
,"D:\\collage\\senior1 spring\\software\\Twitter\\app\\routes\\OAuth.routes.js": {"path":"D:\\collage\\senior1 spring\\software\\Twitter\\app\\routes\\OAuth.routes.js","statementMap":{"0":{"start":{"line":1,"column":25},"end":{"line":1,"column":49}},"1":{"start":{"line":2,"column":19},"end":{"line":2,"column":61}},"2":{"start":{"line":4,"column":0},"end":{"line":19,"column":2}},"3":{"start":{"line":6,"column":2},"end":{"line":12,"column":5}},"4":{"start":{"line":7,"column":4},"end":{"line":10,"column":6}},"5":{"start":{"line":11,"column":4},"end":{"line":11,"column":11}},"6":{"start":{"line":14,"column":2},"end":{"line":14,"column":141}},"7":{"start":{"line":15,"column":2},"end":{"line":15,"column":60}}},"fnMap":{"0":{"name":"(anonymous_0)","decl":{"start":{"line":4,"column":17},"end":{"line":4,"column":18}},"loc":{"start":{"line":4,"column":31},"end":{"line":19,"column":1}},"line":4},"1":{"name":"(anonymous_1)","decl":{"start":{"line":6,"column":10},"end":{"line":6,"column":11}},"loc":{"start":{"line":6,"column":35},"end":{"line":12,"column":3}},"line":6}},"branchMap":{},"s":{"0":6,"1":6,"2":6,"3":6,"4":46,"5":46,"6":6,"7":6},"f":{"0":6,"1":46},"b":{},"_coverageSchema":"1a1c01bbd47fc00a2c39e90264f33305004495a9","hash":"60cb307f8954285a03fee4a534a47feb8c6774c0"}
,"D:\\collage\\senior1 spring\\software\\Twitter\\app\\routes\\admin.routes.js": {"path":"D:\\collage\\senior1 spring\\software\\Twitter\\app\\routes\\admin.routes.js","statementMap":{"0":{"start":{"line":1,"column":19},"end":{"line":1,"column":61}},"1":{"start":{"line":3,"column":20},"end":{"line":3,"column":44}},"2":{"start":{"line":4,"column":0},"end":{"line":17,"column":2}},"3":{"start":{"line":6,"column":2},"end":{"line":12,"column":5}},"4":{"start":{"line":7,"column":4},"end":{"line":10,"column":6}},"5":{"start":{"line":11,"column":4},"end":{"line":11,"column":11}},"6":{"start":{"line":15,"column":2},"end":{"line":15,"column":94}},"7":{"start":{"line":16,"column":1},"end":{"line":16,"column":97}}},"fnMap":{"0":{"name":"(anonymous_0)","decl":{"start":{"line":4,"column":17},"end":{"line":4,"column":18}},"loc":{"start":{"line":4,"column":31},"end":{"line":17,"column":1}},"line":4},"1":{"name":"(anonymous_1)","decl":{"start":{"line":6,"column":10},"end":{"line":6,"column":11}},"loc":{"start":{"line":6,"column":35},"end":{"line":12,"column":3}},"line":6}},"branchMap":{},"s":{"0":6,"1":6,"2":6,"3":6,"4":22,"5":22,"6":6,"7":6},"f":{"0":6,"1":22},"b":{},"_coverageSchema":"1a1c01bbd47fc00a2c39e90264f33305004495a9","hash":"76a1569b5ce331c328569a5a8493318207394be8"}
,"D:\\collage\\senior1 spring\\software\\Twitter\\app\\routes\\adminBlock.routes.js": {"path":"D:\\collage\\senior1 spring\\software\\Twitter\\app\\routes\\adminBlock.routes.js","statementMap":{"0":{"start":{"line":1,"column":19},"end":{"line":1,"column":61}},"1":{"start":{"line":2,"column":20},"end":{"line":2,"column":44}},"2":{"start":{"line":4,"column":0},"end":{"line":15,"column":4}},"3":{"start":{"line":6,"column":2},"end":{"line":12,"column":5}},"4":{"start":{"line":7,"column":4},"end":{"line":10,"column":6}},"5":{"start":{"line":11,"column":4},"end":{"line":11,"column":11}},"6":{"start":{"line":14,"column":0},"end":{"line":14,"column":127}}},"fnMap":{"0":{"name":"(anonymous_0)","decl":{"start":{"line":4,"column":17},"end":{"line":4,"column":18}},"loc":{"start":{"line":4,"column":31},"end":{"line":15,"column":3}},"line":4},"1":{"name":"(anonymous_1)","decl":{"start":{"line":6,"column":10},"end":{"line":6,"column":11}},"loc":{"start":{"line":6,"column":35},"end":{"line":12,"column":3}},"line":6}},"branchMap":{},"s":{"0":6,"1":6,"2":6,"3":6,"4":18,"5":18,"6":6},"f":{"0":6,"1":18},"b":{},"_coverageSchema":"1a1c01bbd47fc00a2c39e90264f33305004495a9","hash":"ad3c29750b6cc73e0115605375a94a785b10da30"}
,"D:\\collage\\senior1 spring\\software\\Twitter\\app\\routes\\auth.routes.js": {"path":"D:\\collage\\senior1 spring\\software\\Twitter\\app\\routes\\auth.routes.js","statementMap":{"0":{"start":{"line":1,"column":25},"end":{"line":1,"column":49}},"1":{"start":{"line":2,"column":19},"end":{"line":2,"column":60}},"2":{"start":{"line":4,"column":0},"end":{"line":20,"column":2}},"3":{"start":{"line":6,"column":2},"end":{"line":12,"column":5}},"4":{"start":{"line":7,"column":4},"end":{"line":10,"column":6}},"5":{"start":{"line":11,"column":4},"end":{"line":11,"column":11}},"6":{"start":{"line":14,"column":2},"end":{"line":14,"column":158}},"7":{"start":{"line":15,"column":2},"end":{"line":15,"column":46}},"8":{"start":{"line":16,"column":2},"end":{"line":16,"column":56}},"9":{"start":{"line":17,"column":2},"end":{"line":17,"column":58}}},"fnMap":{"0":{"name":"(anonymous_0)","decl":{"start":{"line":4,"column":17},"end":{"line":4,"column":18}},"loc":{"start":{"line":4,"column":31},"end":{"line":20,"column":1}},"line":4},"1":{"name":"(anonymous_1)","decl":{"start":{"line":6,"column":10},"end":{"line":6,"column":11}},"loc":{"start":{"line":6,"column":35},"end":{"line":12,"column":3}},"line":6}},"branchMap":{},"s":{"0":6,"1":6,"2":6,"3":6,"4":84,"5":84,"6":6,"7":6,"8":6,"9":6},"f":{"0":6,"1":84},"b":{},"_coverageSchema":"1a1c01bbd47fc00a2c39e90264f33305004495a9","hash":"3d00a72cb27e39afae1fd23d9b374403b7e623c6"}
,"D:\\collage\\senior1 spring\\software\\Twitter\\app\\routes\\search.routes.js": {"path":"D:\\collage\\senior1 spring\\software\\Twitter\\app\\routes\\search.routes.js","statementMap":{"0":{"start":{"line":1,"column":19},"end":{"line":1,"column":62}},"1":{"start":{"line":2,"column":34},"end":{"line":2,"column":58}},"2":{"start":{"line":4,"column":0},"end":{"line":22,"column":2}},"3":{"start":{"line":6,"column":2},"end":{"line":12,"column":5}},"4":{"start":{"line":7,"column":4},"end":{"line":10,"column":6}},"5":{"start":{"line":11,"column":4},"end":{"line":11,"column":11}},"6":{"start":{"line":13,"column":4},"end":{"line":13,"column":49}},"7":{"start":{"line":14,"column":4},"end":{"line":14,"column":55}},"8":{"start":{"line":15,"column":4},"end":{"line":15,"column":54}}},"fnMap":{"0":{"name":"(anonymous_0)","decl":{"start":{"line":4,"column":17},"end":{"line":4,"column":18}},"loc":{"start":{"line":4,"column":31},"end":{"line":22,"column":1}},"line":4},"1":{"name":"(anonymous_1)","decl":{"start":{"line":6,"column":10},"end":{"line":6,"column":11}},"loc":{"start":{"line":6,"column":35},"end":{"line":12,"column":3}},"line":6}},"branchMap":{},"s":{"0":6,"1":6,"2":6,"3":6,"4":29,"5":29,"6":6,"7":6,"8":6},"f":{"0":6,"1":29},"b":{},"_coverageSchema":"1a1c01bbd47fc00a2c39e90264f33305004495a9","hash":"518de7893241d9c5040b62fb5fa27d0f7eba4426"}
,"D:\\collage\\senior1 spring\\software\\Twitter\\app\\routes\\settings.routes.js": {"path":"D:\\collage\\senior1 spring\\software\\Twitter\\app\\routes\\settings.routes.js","statementMap":{"0":{"start":{"line":1,"column":19},"end":{"line":1,"column":64}},"1":{"start":{"line":2,"column":34},"end":{"line":2,"column":58}},"2":{"start":{"line":4,"column":0},"end":{"line":21,"column":2}},"3":{"start":{"line":6,"column":2},"end":{"line":12,"column":5}},"4":{"start":{"line":7,"column":4},"end":{"line":10,"column":6}},"5":{"start":{"line":11,"column":4},"end":{"line":11,"column":11}},"6":{"start":{"line":14,"column":2},"end":{"line":14,"column":125}},"7":{"start":{"line":15,"column":2},"end":{"line":15,"column":74}},"8":{"start":{"line":16,"column":2},"end":{"line":16,"column":85}},"9":{"start":{"line":18,"column":2},"end":{"line":18,"column":134}},"10":{"start":{"line":19,"column":2},"end":{"line":19,"column":92}},"11":{"start":{"line":20,"column":2},"end":{"line":20,"column":92}}},"fnMap":{"0":{"name":"(anonymous_0)","decl":{"start":{"line":4,"column":17},"end":{"line":4,"column":18}},"loc":{"start":{"line":4,"column":31},"end":{"line":21,"column":1}},"line":4},"1":{"name":"(anonymous_1)","decl":{"start":{"line":6,"column":10},"end":{"line":6,"column":11}},"loc":{"start":{"line":6,"column":35},"end":{"line":12,"column":3}},"line":6}},"branchMap":{},"s":{"0":6,"1":6,"2":6,"3":6,"4":40,"5":40,"6":6,"7":6,"8":6,"9":6,"10":6,"11":6},"f":{"0":6,"1":40},"b":{},"_coverageSchema":"1a1c01bbd47fc00a2c39e90264f33305004495a9","hash":"6e787aa299d11a7151fc42b762d542ac272e8963"}
,"D:\\collage\\senior1 spring\\software\\Twitter\\app\\routes\\tweets.routes.js": {"path":"D:\\collage\\senior1 spring\\software\\Twitter\\app\\routes\\tweets.routes.js","statementMap":{"0":{"start":{"line":1,"column":19},"end":{"line":1,"column":62}},"1":{"start":{"line":2,"column":20},"end":{"line":2,"column":44}},"2":{"start":{"line":4,"column":0},"end":{"line":21,"column":4}},"3":{"start":{"line":6,"column":2},"end":{"line":12,"column":5}},"4":{"start":{"line":7,"column":4},"end":{"line":10,"column":6}},"5":{"start":{"line":11,"column":4},"end":{"line":11,"column":11}},"6":{"start":{"line":15,"column":0},"end":{"line":15,"column":96}},"7":{"start":{"line":17,"column":0},"end":{"line":17,"column":64}},"8":{"start":{"line":18,"column":0},"end":{"line":18,"column":44}},"9":{"start":{"line":19,"column":0},"end":{"line":19,"column":81}},"10":{"start":{"line":20,"column":0},"end":{"line":20,"column":84}}},"fnMap":{"0":{"name":"(anonymous_0)","decl":{"start":{"line":4,"column":17},"end":{"line":4,"column":18}},"loc":{"start":{"line":4,"column":31},"end":{"line":21,"column":3}},"line":4},"1":{"name":"(anonymous_1)","decl":{"start":{"line":6,"column":10},"end":{"line":6,"column":11}},"loc":{"start":{"line":6,"column":35},"end":{"line":12,"column":3}},"line":6}},"branchMap":{},"s":{"0":6,"1":6,"2":6,"3":6,"4":10,"5":10,"6":6,"7":6,"8":6,"9":6,"10":6},"f":{"0":6,"1":10},"b":{},"_coverageSchema":"1a1c01bbd47fc00a2c39e90264f33305004495a9","hash":"6a02972293d544efe674220c5e4b579c424350cf"}
,"D:\\collage\\senior1 spring\\software\\Twitter\\app\\routes\\user.routes.js": {"path":"D:\\collage\\senior1 spring\\software\\Twitter\\app\\routes\\user.routes.js","statementMap":{"0":{"start":{"line":1,"column":20},"end":{"line":1,"column":44}},"1":{"start":{"line":2,"column":19},"end":{"line":2,"column":60}},"2":{"start":{"line":3,"column":0},"end":{"line":26,"column":1}},"3":{"start":{"line":4,"column":2},"end":{"line":10,"column":5}},"4":{"start":{"line":5,"column":4},"end":{"line":8,"column":6}},"5":{"start":{"line":9,"column":4},"end":{"line":9,"column":11}},"6":{"start":{"line":12,"column":2},"end":{"line":12,"column":50}},"7":{"start":{"line":13,"column":2},"end":{"line":13,"column":61}},"8":{"start":{"line":14,"column":2},"end":{"line":14,"column":66}},"9":{"start":{"line":15,"column":2},"end":{"line":15,"column":68}},"10":{"start":{"line":16,"column":2},"end":{"line":16,"column":68}},"11":{"start":{"line":17,"column":2},"end":{"line":17,"column":66}},"12":{"start":{"line":18,"column":2},"end":{"line":18,"column":83}},"13":{"start":{"line":19,"column":2},"end":{"line":19,"column":92}},"14":{"start":{"line":20,"column":2},"end":{"line":20,"column":80}},"15":{"start":{"line":21,"column":2},"end":{"line":21,"column":87}},"16":{"start":{"line":22,"column":2},"end":{"line":22,"column":89}},"17":{"start":{"line":23,"column":2},"end":{"line":23,"column":77}},"18":{"start":{"line":24,"column":2},"end":{"line":24,"column":78}},"19":{"start":{"line":25,"column":2},"end":{"line":25,"column":88}}},"fnMap":{"0":{"name":"(anonymous_0)","decl":{"start":{"line":3,"column":17},"end":{"line":3,"column":18}},"loc":{"start":{"line":3,"column":31},"end":{"line":26,"column":1}},"line":3},"1":{"name":"(anonymous_1)","decl":{"start":{"line":4,"column":10},"end":{"line":4,"column":11}},"loc":{"start":{"line":4,"column":35},"end":{"line":10,"column":3}},"line":4}},"branchMap":{},"s":{"0":6,"1":6,"2":6,"3":6,"4":46,"5":46,"6":6,"7":6,"8":6,"9":6,"10":6,"11":6,"12":6,"13":6,"14":6,"15":6,"16":6,"17":6,"18":6,"19":6},"f":{"0":6,"1":46},"b":{},"_coverageSchema":"1a1c01bbd47fc00a2c39e90264f33305004495a9","hash":"ddc16547a993f4d854cf9045b3d2744243012b87"}
,"D:\\collage\\senior1 spring\\software\\Twitter\\app\\utils\\email.js": {"path":"D:\\collage\\senior1 spring\\software\\Twitter\\app\\utils\\email.js","statementMap":{"0":{"start":{"line":1,"column":0},"end":{"line":1,"column":27}},"1":{"start":{"line":2,"column":19},"end":{"line":2,"column":40}},"2":{"start":{"line":3,"column":20},"end":{"line":3,"column":56}},"3":{"start":{"line":5,"column":18},"end":{"line":38,"column":1}},"4":{"start":{"line":6,"column":2},"end":{"line":37,"column":3}},"5":{"start":{"line":8,"column":24},"end":{"line":14,"column":6}},"6":{"start":{"line":17,"column":4},"end":{"line":25,"column":6}},"7":{"start":{"line":27,"column":4},"end":{"line":32,"column":7}},"8":{"start":{"line":35,"column":4},"end":{"line":35,"column":34}},"9":{"start":{"line":36,"column":4},"end":{"line":36,"column":23}},"10":{"start":{"line":40,"column":0},"end":{"line":40,"column":27}}},"fnMap":{"0":{"name":"(anonymous_0)","decl":{"start":{"line":5,"column":18},"end":{"line":5,"column":19}},"loc":{"start":{"line":5,"column":50},"end":{"line":38,"column":1}},"line":5},"1":{"name":"(anonymous_1)","decl":{"start":{"line":17,"column":23},"end":{"line":17,"column":24}},"loc":{"start":{"line":17,"column":38},"end":{"line":25,"column":5}},"line":17}},"branchMap":{},"s":{"0":6,"1":6,"2":6,"3":6,"4":3,"5":3,"6":3,"7":3,"8":0,"9":0,"10":6},"f":{"0":3,"1":0},"b":{},"_coverageSchema":"1a1c01bbd47fc00a2c39e90264f33305004495a9","hash":"04915530777235b9475ffb36c2b04da43e33d3fc"}
,"D:\\collage\\senior1 spring\\software\\Twitter\\app\\utils\\search.js": {"path":"D:\\collage\\senior1 spring\\software\\Twitter\\app\\utils\\search.js","statementMap":{"0":{"start":{"line":2,"column":11},"end":{"line":2,"column":31}},"1":{"start":{"line":3,"column":13},"end":{"line":3,"column":20}},"2":{"start":{"line":4,"column":14},"end":{"line":4,"column":22}},"3":{"start":{"line":5,"column":0},"end":{"line":5,"column":27}},"4":{"start":{"line":7,"column":0},"end":{"line":12,"column":1}},"5":{"start":{"line":8,"column":22},"end":{"line":8,"column":90}},"6":{"start":{"line":9,"column":4},"end":{"line":9,"column":27}},"7":{"start":{"line":10,"column":4},"end":{"line":10,"column":21}},"8":{"start":{"line":14,"column":0},"end":{"line":18,"column":1}},"9":{"start":{"line":15,"column":22},"end":{"line":15,"column":98}},"10":{"start":{"line":16,"column":4},"end":{"line":16,"column":27}},"11":{"start":{"line":17,"column":4},"end":{"line":17,"column":21}},"12":{"start":{"line":20,"column":0},"end":{"line":24,"column":1}},"13":{"start":{"line":21,"column":23},"end":{"line":21,"column":114}},"14":{"start":{"line":22,"column":4},"end":{"line":22,"column":28}},"15":{"start":{"line":23,"column":4},"end":{"line":23,"column":22}},"16":{"start":{"line":26,"column":0},"end":{"line":29,"column":1}},"17":{"start":{"line":27,"column":22},"end":{"line":27,"column":87}},"18":{"start":{"line":28,"column":4},"end":{"line":28,"column":21}}},"fnMap":{"0":{"name":"(anonymous_0)","decl":{"start":{"line":7,"column":27},"end":{"line":7,"column":28}},"loc":{"start":{"line":7,"column":43},"end":{"line":12,"column":1}},"line":7},"1":{"name":"(anonymous_1)","decl":{"start":{"line":14,"column":31},"end":{"line":14,"column":32}},"loc":{"start":{"line":14,"column":51},"end":{"line":18,"column":1}},"line":14},"2":{"name":"(anonymous_2)","decl":{"start":{"line":20,"column":26},"end":{"line":20,"column":27}},"loc":{"start":{"line":20,"column":42},"end":{"line":24,"column":1}},"line":20},"3":{"name":"(anonymous_3)","decl":{"start":{"line":26,"column":25},"end":{"line":26,"column":26}},"loc":{"start":{"line":26,"column":39},"end":{"line":29,"column":1}},"line":26}},"branchMap":{},"s":{"0":6,"1":6,"2":6,"3":6,"4":6,"5":3,"6":3,"7":3,"8":6,"9":2,"10":2,"11":2,"12":6,"13":3,"14":3,"15":3,"16":6,"17":1,"18":1},"f":{"0":3,"1":2,"2":3,"3":1},"b":{},"_coverageSchema":"1a1c01bbd47fc00a2c39e90264f33305004495a9","hash":"65b950a349d8ca3a333bc983c69b21b368fe8549"}
}
