{"D:\\collage\\senior1 spring\\software\\Twitter\\app.js": {"path":"D:\\collage\\senior1 spring\\software\\Twitter\\app.js","statementMap":{"0":{"start":{"line":1,"column":0},"end":{"line":1,"column":27}},"1":{"start":{"line":2,"column":16},"end":{"line":2,"column":34}},"2":{"start":{"line":3,"column":19},"end":{"line":3,"column":41}},"3":{"start":{"line":4,"column":13},"end":{"line":4,"column":28}},"4":{"start":{"line":5,"column":12},"end":{"line":5,"column":21}},"5":{"start":{"line":6,"column":11},"end":{"line":6,"column":34}},"6":{"start":{"line":12,"column":18},"end":{"line":12,"column":47}},"7":{"start":{"line":13,"column":20},"end":{"line":13,"column":52}},"8":{"start":{"line":15,"column":18},"end":{"line":17,"column":1}},"9":{"start":{"line":19,"column":0},"end":{"line":19,"column":27}},"10":{"start":{"line":20,"column":0},"end":{"line":20,"column":24}},"11":{"start":{"line":21,"column":0},"end":{"line":21,"column":48}},"12":{"start":{"line":23,"column":0},"end":{"line":23,"column":63}},"13":{"start":{"line":25,"column":0},"end":{"line":42,"column":1}},"14":{"start":{"line":28,"column":2},"end":{"line":41,"column":5}},"15":{"start":{"line":36,"column":4},"end":{"line":36,"column":52}},"16":{"start":{"line":39,"column":4},"end":{"line":39,"column":43}},"17":{"start":{"line":40,"column":4},"end":{"line":40,"column":19}},"18":{"start":{"line":45,"column":0},"end":{"line":47,"column":3}},"19":{"start":{"line":46,"column":2},"end":{"line":46,"column":61}},"20":{"start":{"line":50,"column":0},"end":{"line":50,"column":41}},"21":{"start":{"line":51,"column":0},"end":{"line":51,"column":41}},"22":{"start":{"line":52,"column":0},"end":{"line":52,"column":42}},"23":{"start":{"line":53,"column":0},"end":{"line":53,"column":45}},"24":{"start":{"line":54,"column":0},"end":{"line":54,"column":43}},"25":{"start":{"line":55,"column":0},"end":{"line":55,"column":42}},"26":{"start":{"line":56,"column":0},"end":{"line":56,"column":47}},"27":{"start":{"line":57,"column":0},"end":{"line":57,"column":43}},"28":{"start":{"line":62,"column":0},"end":{"line":62,"column":21}}},"fnMap":{"0":{"name":"(anonymous_0)","decl":{"start":{"line":35,"column":8},"end":{"line":35,"column":9}},"loc":{"start":{"line":35,"column":14},"end":{"line":37,"column":3}},"line":35},"1":{"name":"(anonymous_1)","decl":{"start":{"line":38,"column":9},"end":{"line":38,"column":10}},"loc":{"start":{"line":38,"column":16},"end":{"line":41,"column":3}},"line":38},"2":{"name":"(anonymous_2)","decl":{"start":{"line":45,"column":13},"end":{"line":45,"column":14}},"loc":{"start":{"line":45,"column":27},"end":{"line":47,"column":1}},"line":45}},"branchMap":{"0":{"loc":{"start":{"line":25,"column":0},"end":{"line":42,"column":1}},"type":"if","locations":[{"start":{"line":25,"column":0},"end":{"line":42,"column":1}},{"start":{},"end":{}}],"line":25}},"s":{"0":3,"1":3,"2":3,"3":3,"4":3,"5":3,"6":3,"7":3,"8":3,"9":3,"10":3,"11":3,"12":3,"13":3,"14":0,"15":0,"16":0,"17":0,"18":3,"19":0,"20":3,"21":3,"22":3,"23":3,"24":3,"25":3,"26":3,"27":3,"28":3},"f":{"0":0,"1":0,"2":0},"b":{"0":[0,3]},"_coverageSchema":"1a1c01bbd47fc00a2c39e90264f33305004495a9","hash":"8eee9d89aadd6a0fe9857b1ccf79e33dc1000817"}
,"D:\\collage\\senior1 spring\\software\\Twitter\\app\\config\\auth.config.js": {"path":"D:\\collage\\senior1 spring\\software\\Twitter\\app\\config\\auth.config.js","statementMap":{"0":{"start":{"line":1,"column":0},"end":{"line":8,"column":2}}},"fnMap":{},"branchMap":{},"s":{"0":3},"f":{},"b":{},"_coverageSchema":"1a1c01bbd47fc00a2c39e90264f33305004495a9","hash":"7ff1c2d5e65aa4dbbd36adeb859a323504a8d278"}
,"D:\\collage\\senior1 spring\\software\\Twitter\\app\\config\\email.config.js": {"path":"D:\\collage\\senior1 spring\\software\\Twitter\\app\\config\\email.config.js","statementMap":{"0":{"start":{"line":2,"column":0},"end":{"line":2,"column":35}},"1":{"start":{"line":3,"column":0},"end":{"line":3,"column":29}},"2":{"start":{"line":4,"column":0},"end":{"line":4,"column":17}},"3":{"start":{"line":5,"column":0},"end":{"line":5,"column":34}},"4":{"start":{"line":6,"column":0},"end":{"line":6,"column":37}}},"fnMap":{},"branchMap":{},"s":{"0":3,"1":3,"2":3,"3":3,"4":3},"f":{},"b":{},"_coverageSchema":"1a1c01bbd47fc00a2c39e90264f33305004495a9","hash":"98806425d2200d62f009f334cc6a6db2b0e50e98"}
,"D:\\collage\\senior1 spring\\software\\Twitter\\app\\controllers\\OAuth.controller.js": {"path":"D:\\collage\\senior1 spring\\software\\Twitter\\app\\controllers\\OAuth.controller.js","statementMap":{"0":{"start":{"line":1,"column":0},"end":{"line":1,"column":27}},"1":{"start":{"line":2,"column":15},"end":{"line":2,"column":47}},"2":{"start":{"line":4,"column":18},"end":{"line":4,"column":43}},"3":{"start":{"line":5,"column":11},"end":{"line":5,"column":31}},"4":{"start":{"line":6,"column":13},"end":{"line":6,"column":20}},"5":{"start":{"line":7,"column":10},"end":{"line":7,"column":33}},"6":{"start":{"line":8,"column":13},"end":{"line":8,"column":32}},"7":{"start":{"line":32,"column":0},"end":{"line":57,"column":2}},"8":{"start":{"line":36,"column":15},"end":{"line":44,"column":4}},"9":{"start":{"line":46,"column":2},"end":{"line":55,"column":5}},"10":{"start":{"line":47,"column":4},"end":{"line":50,"column":5}},"11":{"start":{"line":48,"column":6},"end":{"line":48,"column":45}},"12":{"start":{"line":49,"column":6},"end":{"line":49,"column":13}},"13":{"start":{"line":54,"column":4},"end":{"line":54,"column":31}},"14":{"start":{"line":79,"column":0},"end":{"line":110,"column":2}},"15":{"start":{"line":81,"column":2},"end":{"line":109,"column":7}},"16":{"start":{"line":85,"column":6},"end":{"line":88,"column":7}},"17":{"start":{"line":86,"column":8},"end":{"line":86,"column":47}},"18":{"start":{"line":87,"column":8},"end":{"line":87,"column":15}},"19":{"start":{"line":89,"column":6},"end":{"line":91,"column":7}},"20":{"start":{"line":90,"column":8},"end":{"line":90,"column":68}},"21":{"start":{"line":93,"column":18},"end":{"line":95,"column":8}},"22":{"start":{"line":99,"column":6},"end":{"line":102,"column":9}}},"fnMap":{"0":{"name":"(anonymous_0)","decl":{"start":{"line":32,"column":23},"end":{"line":32,"column":24}},"loc":{"start":{"line":32,"column":37},"end":{"line":57,"column":1}},"line":32},"1":{"name":"(anonymous_1)","decl":{"start":{"line":46,"column":12},"end":{"line":46,"column":13}},"loc":{"start":{"line":46,"column":27},"end":{"line":55,"column":3}},"line":46},"2":{"name":"(anonymous_2)","decl":{"start":{"line":79,"column":23},"end":{"line":79,"column":24}},"loc":{"start":{"line":79,"column":37},"end":{"line":110,"column":1}},"line":79},"3":{"name":"(anonymous_3)","decl":{"start":{"line":84,"column":10},"end":{"line":84,"column":11}},"loc":{"start":{"line":84,"column":25},"end":{"line":109,"column":5}},"line":84}},"branchMap":{"0":{"loc":{"start":{"line":47,"column":4},"end":{"line":50,"column":5}},"type":"if","locations":[{"start":{"line":47,"column":4},"end":{"line":50,"column":5}},{"start":{},"end":{}}],"line":47},"1":{"loc":{"start":{"line":85,"column":6},"end":{"line":88,"column":7}},"type":"if","locations":[{"start":{"line":85,"column":6},"end":{"line":88,"column":7}},{"start":{},"end":{}}],"line":85},"2":{"loc":{"start":{"line":89,"column":6},"end":{"line":91,"column":7}},"type":"if","locations":[{"start":{"line":89,"column":6},"end":{"line":91,"column":7}},{"start":{},"end":{}}],"line":89}},"s":{"0":3,"1":3,"2":3,"3":3,"4":3,"5":3,"6":3,"7":3,"8":1,"9":1,"10":1,"11":0,"12":0,"13":1,"14":3,"15":3,"16":3,"17":0,"18":0,"19":3,"20":1,"21":2,"22":2},"f":{"0":1,"1":1,"2":3,"3":3},"b":{"0":[0,1],"1":[0,3],"2":[1,2]},"_coverageSchema":"1a1c01bbd47fc00a2c39e90264f33305004495a9","hash":"52da05eee498b3da1d1c63138d76935d7d77f804"}
,"D:\\collage\\senior1 spring\\software\\Twitter\\app\\controllers\\admin.controller.js": {"path":"D:\\collage\\senior1 spring\\software\\Twitter\\app\\controllers\\admin.controller.js","statementMap":{"0":{"start":{"line":2,"column":15},"end":{"line":2,"column":47}},"1":{"start":{"line":3,"column":18},"end":{"line":3,"column":43}},"2":{"start":{"line":4,"column":11},"end":{"line":4,"column":31}},"3":{"start":{"line":5,"column":13},"end":{"line":5,"column":20}},"4":{"start":{"line":6,"column":13},"end":{"line":6,"column":21}},"5":{"start":{"line":7,"column":27},"end":{"line":7,"column":50}},"6":{"start":{"line":8,"column":11},"end":{"line":8,"column":34}},"7":{"start":{"line":14,"column":0},"end":{"line":45,"column":2}},"8":{"start":{"line":15,"column":2},"end":{"line":44,"column":3}},"9":{"start":{"line":16,"column":3},"end":{"line":19,"column":4}},"10":{"start":{"line":17,"column":5},"end":{"line":17,"column":44}},"11":{"start":{"line":18,"column":5},"end":{"line":18,"column":12}},"12":{"start":{"line":20,"column":3},"end":{"line":22,"column":4}},"13":{"start":{"line":21,"column":5},"end":{"line":21,"column":49}},"14":{"start":{"line":23,"column":0},"end":{"line":41,"column":1}},"15":{"start":{"line":25,"column":2},"end":{"line":36,"column":5}},"16":{"start":{"line":26,"column":4},"end":{"line":29,"column":5}},"17":{"start":{"line":27,"column":6},"end":{"line":27,"column":43}},"18":{"start":{"line":28,"column":6},"end":{"line":28,"column":13}},"19":{"start":{"line":31,"column":4},"end":{"line":33,"column":5}},"20":{"start":{"line":32,"column":6},"end":{"line":32,"column":46}},"21":{"start":{"line":35,"column":4},"end":{"line":35,"column":37}},"22":{"start":{"line":40,"column":2},"end":{"line":40,"column":60}},"23":{"start":{"line":49,"column":0},"end":{"line":86,"column":2}},"24":{"start":{"line":50,"column":2},"end":{"line":50,"column":12}},"25":{"start":{"line":51,"column":23},"end":{"line":51,"column":35}},"26":{"start":{"line":52,"column":22},"end":{"line":52,"column":34}},"27":{"start":{"line":53,"column":24},"end":{"line":53,"column":36}},"28":{"start":{"line":55,"column":6},"end":{"line":84,"column":7}},"29":{"start":{"line":56,"column":6},"end":{"line":59,"column":7}},"30":{"start":{"line":57,"column":8},"end":{"line":57,"column":45}},"31":{"start":{"line":58,"column":8},"end":{"line":58,"column":15}},"32":{"start":{"line":60,"column":7},"end":{"line":60,"column":47}},"33":{"start":{"line":61,"column":6},"end":{"line":61,"column":34}},"34":{"start":{"line":62,"column":8},"end":{"line":82,"column":9}},"35":{"start":{"line":63,"column":8},"end":{"line":66,"column":9}},"36":{"start":{"line":64,"column":10},"end":{"line":64,"column":47}},"37":{"start":{"line":65,"column":10},"end":{"line":65,"column":17}},"38":{"start":{"line":67,"column":8},"end":{"line":67,"column":50}},"39":{"start":{"line":68,"column":8},"end":{"line":68,"column":35}},"40":{"start":{"line":69,"column":10},"end":{"line":69,"column":27}}},"fnMap":{"0":{"name":"(anonymous_0)","decl":{"start":{"line":14,"column":20},"end":{"line":14,"column":21}},"loc":{"start":{"line":14,"column":40},"end":{"line":45,"column":1}},"line":14},"1":{"name":"(anonymous_1)","decl":{"start":{"line":15,"column":39},"end":{"line":15,"column":40}},"loc":{"start":{"line":15,"column":56},"end":{"line":44,"column":1}},"line":15},"2":{"name":"(anonymous_2)","decl":{"start":{"line":25,"column":27},"end":{"line":25,"column":28}},"loc":{"start":{"line":25,"column":46},"end":{"line":36,"column":3}},"line":25},"3":{"name":"(anonymous_3)","decl":{"start":{"line":49,"column":23},"end":{"line":49,"column":24}},"loc":{"start":{"line":49,"column":40},"end":{"line":86,"column":1}},"line":49},"4":{"name":"(anonymous_4)","decl":{"start":{"line":55,"column":39},"end":{"line":55,"column":40}},"loc":{"start":{"line":55,"column":56},"end":{"line":84,"column":5}},"line":55},"5":{"name":"(anonymous_5)","decl":{"start":{"line":62,"column":104},"end":{"line":62,"column":105}},"loc":{"start":{"line":62,"column":121},"end":{"line":82,"column":7}},"line":62}},"branchMap":{"0":{"loc":{"start":{"line":16,"column":3},"end":{"line":19,"column":4}},"type":"if","locations":[{"start":{"line":16,"column":3},"end":{"line":19,"column":4}},{"start":{},"end":{}}],"line":16},"1":{"loc":{"start":{"line":20,"column":3},"end":{"line":22,"column":4}},"type":"if","locations":[{"start":{"line":20,"column":3},"end":{"line":22,"column":4}},{"start":{},"end":{}}],"line":20},"2":{"loc":{"start":{"line":23,"column":0},"end":{"line":41,"column":1}},"type":"if","locations":[{"start":{"line":23,"column":0},"end":{"line":41,"column":1}},{"start":{"line":39,"column":4},"end":{"line":41,"column":1}}],"line":23},"3":{"loc":{"start":{"line":26,"column":4},"end":{"line":29,"column":5}},"type":"if","locations":[{"start":{"line":26,"column":4},"end":{"line":29,"column":5}},{"start":{},"end":{}}],"line":26},"4":{"loc":{"start":{"line":31,"column":4},"end":{"line":33,"column":5}},"type":"if","locations":[{"start":{"line":31,"column":4},"end":{"line":33,"column":5}},{"start":{},"end":{}}],"line":31},"5":{"loc":{"start":{"line":56,"column":6},"end":{"line":59,"column":7}},"type":"if","locations":[{"start":{"line":56,"column":6},"end":{"line":59,"column":7}},{"start":{},"end":{}}],"line":56},"6":{"loc":{"start":{"line":63,"column":8},"end":{"line":66,"column":9}},"type":"if","locations":[{"start":{"line":63,"column":8},"end":{"line":66,"column":9}},{"start":{},"end":{}}],"line":63}},"s":{"0":3,"1":3,"2":3,"3":3,"4":3,"5":3,"6":3,"7":3,"8":0,"9":0,"10":0,"11":0,"12":0,"13":0,"14":0,"15":0,"16":0,"17":0,"18":0,"19":0,"20":0,"21":0,"22":0,"23":3,"24":0,"25":0,"26":0,"27":0,"28":0,"29":0,"30":0,"31":0,"32":0,"33":0,"34":0,"35":0,"36":0,"37":0,"38":0,"39":0,"40":0},"f":{"0":0,"1":0,"2":0,"3":0,"4":0,"5":0},"b":{"0":[0,0],"1":[0,0],"2":[0,0],"3":[0,0],"4":[0,0],"5":[0,0],"6":[0,0]},"_coverageSchema":"1a1c01bbd47fc00a2c39e90264f33305004495a9","hash":"838a983c72962c7f1d98de18ccd9b6df9423970c"}
,"D:\\collage\\senior1 spring\\software\\Twitter\\app\\controllers\\adminBlock.controller.js": {"path":"D:\\collage\\senior1 spring\\software\\Twitter\\app\\controllers\\adminBlock.controller.js","statementMap":{"0":{"start":{"line":2,"column":15},"end":{"line":2,"column":47}},"1":{"start":{"line":3,"column":18},"end":{"line":3,"column":43}},"2":{"start":{"line":4,"column":11},"end":{"line":4,"column":31}},"3":{"start":{"line":5,"column":13},"end":{"line":5,"column":20}},"4":{"start":{"line":6,"column":27},"end":{"line":6,"column":50}},"5":{"start":{"line":7,"column":11},"end":{"line":7,"column":34}},"6":{"start":{"line":11,"column":0},"end":{"line":53,"column":2}},"7":{"start":{"line":15,"column":2},"end":{"line":52,"column":3}},"8":{"start":{"line":16,"column":3},"end":{"line":19,"column":4}},"9":{"start":{"line":17,"column":5},"end":{"line":17,"column":44}},"10":{"start":{"line":18,"column":5},"end":{"line":18,"column":12}},"11":{"start":{"line":20,"column":3},"end":{"line":22,"column":4}},"12":{"start":{"line":21,"column":5},"end":{"line":21,"column":49}},"13":{"start":{"line":23,"column":0},"end":{"line":50,"column":1}},"14":{"start":{"line":24,"column":14},"end":{"line":24,"column":30}},"15":{"start":{"line":25,"column":15},"end":{"line":25,"column":32}},"16":{"start":{"line":27,"column":3},"end":{"line":46,"column":5}},"17":{"start":{"line":28,"column":5},"end":{"line":31,"column":6}},"18":{"start":{"line":29,"column":7},"end":{"line":29,"column":46}},"19":{"start":{"line":30,"column":7},"end":{"line":30,"column":14}},"20":{"start":{"line":32,"column":5},"end":{"line":34,"column":6}},"21":{"start":{"line":33,"column":7},"end":{"line":33,"column":53}},"22":{"start":{"line":35,"column":1},"end":{"line":45,"column":2}},"23":{"start":{"line":36,"column":3},"end":{"line":44,"column":6}},"24":{"start":{"line":38,"column":5},"end":{"line":41,"column":6}},"25":{"start":{"line":39,"column":7},"end":{"line":39,"column":46}},"26":{"start":{"line":40,"column":7},"end":{"line":40,"column":14}},"27":{"start":{"line":42,"column":5},"end":{"line":42,"column":47}},"28":{"start":{"line":49,"column":2},"end":{"line":49,"column":60}}},"fnMap":{"0":{"name":"(anonymous_0)","decl":{"start":{"line":11,"column":16},"end":{"line":11,"column":17}},"loc":{"start":{"line":11,"column":32},"end":{"line":53,"column":1}},"line":11},"1":{"name":"(anonymous_1)","decl":{"start":{"line":15,"column":39},"end":{"line":15,"column":40}},"loc":{"start":{"line":15,"column":57},"end":{"line":52,"column":1}},"line":15},"2":{"name":"(anonymous_2)","decl":{"start":{"line":27,"column":37},"end":{"line":27,"column":38}},"loc":{"start":{"line":27,"column":66},"end":{"line":46,"column":3}},"line":27},"3":{"name":"(anonymous_3)","decl":{"start":{"line":36,"column":177},"end":{"line":36,"column":178}},"loc":{"start":{"line":36,"column":210},"end":{"line":44,"column":4}},"line":36}},"branchMap":{"0":{"loc":{"start":{"line":16,"column":3},"end":{"line":19,"column":4}},"type":"if","locations":[{"start":{"line":16,"column":3},"end":{"line":19,"column":4}},{"start":{},"end":{}}],"line":16},"1":{"loc":{"start":{"line":20,"column":3},"end":{"line":22,"column":4}},"type":"if","locations":[{"start":{"line":20,"column":3},"end":{"line":22,"column":4}},{"start":{},"end":{}}],"line":20},"2":{"loc":{"start":{"line":23,"column":0},"end":{"line":50,"column":1}},"type":"if","locations":[{"start":{"line":23,"column":0},"end":{"line":50,"column":1}},{"start":{"line":48,"column":4},"end":{"line":50,"column":1}}],"line":23},"3":{"loc":{"start":{"line":28,"column":5},"end":{"line":31,"column":6}},"type":"if","locations":[{"start":{"line":28,"column":5},"end":{"line":31,"column":6}},{"start":{},"end":{}}],"line":28},"4":{"loc":{"start":{"line":32,"column":5},"end":{"line":34,"column":6}},"type":"if","locations":[{"start":{"line":32,"column":5},"end":{"line":34,"column":6}},{"start":{},"end":{}}],"line":32},"5":{"loc":{"start":{"line":35,"column":1},"end":{"line":45,"column":2}},"type":"if","locations":[{"start":{"line":35,"column":1},"end":{"line":45,"column":2}},{"start":{},"end":{}}],"line":35},"6":{"loc":{"start":{"line":38,"column":5},"end":{"line":41,"column":6}},"type":"if","locations":[{"start":{"line":38,"column":5},"end":{"line":41,"column":6}},{"start":{},"end":{}}],"line":38}},"s":{"0":3,"1":3,"2":3,"3":3,"4":3,"5":3,"6":3,"7":0,"8":0,"9":0,"10":0,"11":0,"12":0,"13":0,"14":0,"15":0,"16":0,"17":0,"18":0,"19":0,"20":0,"21":0,"22":0,"23":0,"24":0,"25":0,"26":0,"27":0,"28":0},"f":{"0":0,"1":0,"2":0,"3":0},"b":{"0":[0,0],"1":[0,0],"2":[0,0],"3":[0,0],"4":[0,0],"5":[0,0],"6":[0,0]},"_coverageSchema":"1a1c01bbd47fc00a2c39e90264f33305004495a9","hash":"2a6e7ff4da88baecec19db37690daa0a25edc821"}
,"D:\\collage\\senior1 spring\\software\\Twitter\\app\\controllers\\auth.controller.js": {"path":"D:\\collage\\senior1 spring\\software\\Twitter\\app\\controllers\\auth.controller.js","statementMap":{"0":{"start":{"line":1,"column":0},"end":{"line":1,"column":27}},"1":{"start":{"line":2,"column":15},"end":{"line":2,"column":47}},"2":{"start":{"line":3,"column":18},"end":{"line":3,"column":43}},"3":{"start":{"line":4,"column":11},"end":{"line":4,"column":31}},"4":{"start":{"line":5,"column":13},"end":{"line":5,"column":20}},"5":{"start":{"line":6,"column":11},"end":{"line":6,"column":34}},"6":{"start":{"line":7,"column":27},"end":{"line":7,"column":50}},"7":{"start":{"line":8,"column":13},"end":{"line":8,"column":32}},"8":{"start":{"line":37,"column":0},"end":{"line":80,"column":2}},"9":{"start":{"line":40,"column":15},"end":{"line":47,"column":4}},"10":{"start":{"line":48,"column":2},"end":{"line":54,"column":5}},"11":{"start":{"line":49,"column":4},"end":{"line":53,"column":5}},"12":{"start":{"line":51,"column":6},"end":{"line":51,"column":45}},"13":{"start":{"line":52,"column":6},"end":{"line":52,"column":13}},"14":{"start":{"line":57,"column":2},"end":{"line":79,"column":2}},"15":{"start":{"line":71,"column":22},"end":{"line":74,"column":33}},"16":{"start":{"line":75,"column":6},"end":{"line":75,"column":54}},"17":{"start":{"line":77,"column":6},"end":{"line":77,"column":111}},"18":{"start":{"line":95,"column":0},"end":{"line":128,"column":1}},"19":{"start":{"line":96,"column":2},"end":{"line":126,"column":3}},"20":{"start":{"line":97,"column":4},"end":{"line":123,"column":7}},"21":{"start":{"line":98,"column":6},"end":{"line":103,"column":7}},"22":{"start":{"line":99,"column":8},"end":{"line":101,"column":9}},"23":{"start":{"line":100,"column":10},"end":{"line":100,"column":94}},"24":{"start":{"line":102,"column":8},"end":{"line":102,"column":70}},"25":{"start":{"line":105,"column":28},"end":{"line":114,"column":8}},"26":{"start":{"line":116,"column":22},"end":{"line":119,"column":33}},"27":{"start":{"line":120,"column":6},"end":{"line":120,"column":57}},"28":{"start":{"line":121,"column":6},"end":{"line":121,"column":119}},"29":{"start":{"line":125,"column":4},"end":{"line":125,"column":72}},"30":{"start":{"line":141,"column":0},"end":{"line":170,"column":1}},"31":{"start":{"line":142,"column":2},"end":{"line":167,"column":3}},"32":{"start":{"line":143,"column":4},"end":{"line":164,"column":7}},"33":{"start":{"line":144,"column":6},"end":{"line":149,"column":7}},"34":{"start":{"line":145,"column":8},"end":{"line":147,"column":9}},"35":{"start":{"line":146,"column":10},"end":{"line":146,"column":94}},"36":{"start":{"line":148,"column":8},"end":{"line":148,"column":70}},"37":{"start":{"line":151,"column":6},"end":{"line":153,"column":9}},"38":{"start":{"line":155,"column":18},"end":{"line":160,"column":7}},"39":{"start":{"line":162,"column":6},"end":{"line":162,"column":78}},"40":{"start":{"line":166,"column":4},"end":{"line":166,"column":78}},"41":{"start":{"line":191,"column":0},"end":{"line":243,"column":2}},"42":{"start":{"line":193,"column":2},"end":{"line":242,"column":7}},"43":{"start":{"line":199,"column":6},"end":{"line":202,"column":7}},"44":{"start":{"line":200,"column":8},"end":{"line":200,"column":47}},"45":{"start":{"line":201,"column":8},"end":{"line":201,"column":15}},"46":{"start":{"line":203,"column":6},"end":{"line":205,"column":7}},"47":{"start":{"line":204,"column":8},"end":{"line":204,"column":68}},"48":{"start":{"line":206,"column":6},"end":{"line":208,"column":7}},"49":{"start":{"line":207,"column":8},"end":{"line":207,"column":88}},"50":{"start":{"line":209,"column":28},"end":{"line":212,"column":9}},"51":{"start":{"line":219,"column":6},"end":{"line":224,"column":7}},"52":{"start":{"line":220,"column":8},"end":{"line":223,"column":11}},"53":{"start":{"line":225,"column":18},"end":{"line":227,"column":8}},"54":{"start":{"line":231,"column":6},"end":{"line":241,"column":7}},"55":{"start":{"line":232,"column":8},"end":{"line":235,"column":11}},"56":{"start":{"line":237,"column":8},"end":{"line":240,"column":11}}},"fnMap":{"0":{"name":"signup","decl":{"start":{"line":37,"column":26},"end":{"line":37,"column":32}},"loc":{"start":{"line":37,"column":43},"end":{"line":80,"column":1}},"line":37},"1":{"name":"(anonymous_1)","decl":{"start":{"line":48,"column":12},"end":{"line":48,"column":13}},"loc":{"start":{"line":48,"column":27},"end":{"line":54,"column":3}},"line":48},"2":{"name":"(anonymous_2)","decl":{"start":{"line":68,"column":4},"end":{"line":68,"column":5}},"loc":{"start":{"line":68,"column":25},"end":{"line":78,"column":5}},"line":68},"3":{"name":"(anonymous_3)","decl":{"start":{"line":95,"column":22},"end":{"line":95,"column":23}},"loc":{"start":{"line":95,"column":36},"end":{"line":128,"column":1}},"line":95},"4":{"name":"(anonymous_4)","decl":{"start":{"line":97,"column":72},"end":{"line":97,"column":73}},"loc":{"start":{"line":97,"column":90},"end":{"line":123,"column":5}},"line":97},"5":{"name":"(anonymous_5)","decl":{"start":{"line":141,"column":23},"end":{"line":141,"column":24}},"loc":{"start":{"line":141,"column":37},"end":{"line":170,"column":1}},"line":141},"6":{"name":"(anonymous_6)","decl":{"start":{"line":143,"column":63},"end":{"line":143,"column":64}},"loc":{"start":{"line":143,"column":81},"end":{"line":164,"column":5}},"line":143},"7":{"name":"(anonymous_7)","decl":{"start":{"line":151,"column":88},"end":{"line":151,"column":89}},"loc":{"start":{"line":151,"column":102},"end":{"line":153,"column":7}},"line":151},"8":{"name":"(anonymous_8)","decl":{"start":{"line":191,"column":17},"end":{"line":191,"column":18}},"loc":{"start":{"line":191,"column":31},"end":{"line":243,"column":1}},"line":191},"9":{"name":"(anonymous_9)","decl":{"start":{"line":198,"column":10},"end":{"line":198,"column":11}},"loc":{"start":{"line":198,"column":25},"end":{"line":242,"column":5}},"line":198}},"branchMap":{"0":{"loc":{"start":{"line":49,"column":4},"end":{"line":53,"column":5}},"type":"if","locations":[{"start":{"line":49,"column":4},"end":{"line":53,"column":5}},{"start":{},"end":{}}],"line":49},"1":{"loc":{"start":{"line":98,"column":6},"end":{"line":103,"column":7}},"type":"if","locations":[{"start":{"line":98,"column":6},"end":{"line":103,"column":7}},{"start":{},"end":{}}],"line":98},"2":{"loc":{"start":{"line":99,"column":8},"end":{"line":101,"column":9}},"type":"if","locations":[{"start":{"line":99,"column":8},"end":{"line":101,"column":9}},{"start":{},"end":{}}],"line":99},"3":{"loc":{"start":{"line":144,"column":6},"end":{"line":149,"column":7}},"type":"if","locations":[{"start":{"line":144,"column":6},"end":{"line":149,"column":7}},{"start":{},"end":{}}],"line":144},"4":{"loc":{"start":{"line":145,"column":8},"end":{"line":147,"column":9}},"type":"if","locations":[{"start":{"line":145,"column":8},"end":{"line":147,"column":9}},{"start":{},"end":{}}],"line":145},"5":{"loc":{"start":{"line":199,"column":6},"end":{"line":202,"column":7}},"type":"if","locations":[{"start":{"line":199,"column":6},"end":{"line":202,"column":7}},{"start":{},"end":{}}],"line":199},"6":{"loc":{"start":{"line":203,"column":6},"end":{"line":205,"column":7}},"type":"if","locations":[{"start":{"line":203,"column":6},"end":{"line":205,"column":7}},{"start":{},"end":{}}],"line":203},"7":{"loc":{"start":{"line":206,"column":6},"end":{"line":208,"column":7}},"type":"if","locations":[{"start":{"line":206,"column":6},"end":{"line":208,"column":7}},{"start":{},"end":{}}],"line":206},"8":{"loc":{"start":{"line":219,"column":6},"end":{"line":224,"column":7}},"type":"if","locations":[{"start":{"line":219,"column":6},"end":{"line":224,"column":7}},{"start":{},"end":{}}],"line":219},"9":{"loc":{"start":{"line":231,"column":6},"end":{"line":241,"column":7}},"type":"if","locations":[{"start":{"line":231,"column":6},"end":{"line":241,"column":7}},{"start":{"line":236,"column":11},"end":{"line":241,"column":7}}],"line":231}},"s":{"0":3,"1":3,"2":3,"3":3,"4":3,"5":3,"6":3,"7":3,"8":3,"9":1,"10":1,"11":1,"12":0,"13":0,"14":1,"15":1,"16":1,"17":1,"18":3,"19":1,"20":1,"21":1,"22":0,"23":0,"24":0,"25":1,"26":1,"27":1,"28":1,"29":0,"30":3,"31":1,"32":1,"33":1,"34":0,"35":0,"36":0,"37":1,"38":1,"39":1,"40":0,"41":3,"42":11,"43":11,"44":0,"45":0,"46":11,"47":1,"48":10,"49":2,"50":8,"51":8,"52":2,"53":6,"54":6,"55":2,"56":4},"f":{"0":1,"1":1,"2":1,"3":1,"4":1,"5":1,"6":1,"7":1,"8":11,"9":11},"b":{"0":[0,1],"1":[0,1],"2":[0,0],"3":[0,1],"4":[0,0],"5":[0,11],"6":[1,10],"7":[2,8],"8":[2,6],"9":[2,4]},"_coverageSchema":"1a1c01bbd47fc00a2c39e90264f33305004495a9","hash":"b3ee5bb96ce3f999eb38db6a7c021f5d73665bff"}
,"D:\\collage\\senior1 spring\\software\\Twitter\\app\\controllers\\search.controller.js": {"path":"D:\\collage\\senior1 spring\\software\\Twitter\\app\\controllers\\search.controller.js","statementMap":{"0":{"start":{"line":1,"column":0},"end":{"line":1,"column":27}},"1":{"start":{"line":2,"column":27},"end":{"line":2,"column":56}},"2":{"start":{"line":4,"column":0},"end":{"line":9,"column":1}},"3":{"start":{"line":5,"column":18},"end":{"line":5,"column":57}},"4":{"start":{"line":7,"column":4},"end":{"line":7,"column":22}},"5":{"start":{"line":8,"column":4},"end":{"line":8,"column":58}}},"fnMap":{"0":{"name":"(anonymous_0)","decl":{"start":{"line":4,"column":22},"end":{"line":4,"column":23}},"loc":{"start":{"line":4,"column":41},"end":{"line":9,"column":1}},"line":4}},"branchMap":{},"s":{"0":3,"1":3,"2":3,"3":0,"4":0,"5":0},"f":{"0":0},"b":{},"_coverageSchema":"1a1c01bbd47fc00a2c39e90264f33305004495a9","hash":"342462edb77b1f4690ea8dca09d657cb96c4b5b4"}
,"D:\\collage\\senior1 spring\\software\\Twitter\\app\\controllers\\settings.controller.js": {"path":"D:\\collage\\senior1 spring\\software\\Twitter\\app\\controllers\\settings.controller.js","statementMap":{"0":{"start":{"line":1,"column":0},"end":{"line":1,"column":27}},"1":{"start":{"line":2,"column":15},"end":{"line":2,"column":47}},"2":{"start":{"line":3,"column":18},"end":{"line":3,"column":43}},"3":{"start":{"line":4,"column":17},"end":{"line":4,"column":45}},"4":{"start":{"line":5,"column":11},"end":{"line":5,"column":31}},"5":{"start":{"line":6,"column":13},"end":{"line":6,"column":20}},"6":{"start":{"line":7,"column":11},"end":{"line":7,"column":34}},"7":{"start":{"line":8,"column":27},"end":{"line":8,"column":50}},"8":{"start":{"line":9,"column":13},"end":{"line":9,"column":32}},"9":{"start":{"line":35,"column":0},"end":{"line":70,"column":2}},"10":{"start":{"line":37,"column":17},"end":{"line":41,"column":5}},"11":{"start":{"line":43,"column":2},"end":{"line":69,"column":7}},"12":{"start":{"line":45,"column":6},"end":{"line":48,"column":7}},"13":{"start":{"line":46,"column":8},"end":{"line":46,"column":47}},"14":{"start":{"line":47,"column":8},"end":{"line":47,"column":15}},"15":{"start":{"line":49,"column":6},"end":{"line":51,"column":7}},"16":{"start":{"line":50,"column":8},"end":{"line":50,"column":68}},"17":{"start":{"line":55,"column":28},"end":{"line":58,"column":7}},"18":{"start":{"line":59,"column":6},"end":{"line":61,"column":7}},"19":{"start":{"line":60,"column":8},"end":{"line":60,"column":66}},"20":{"start":{"line":62,"column":6},"end":{"line":64,"column":7}},"21":{"start":{"line":63,"column":8},"end":{"line":63,"column":97}},"22":{"start":{"line":65,"column":6},"end":{"line":65,"column":58}},"23":{"start":{"line":66,"column":6},"end":{"line":66,"column":18}},"24":{"start":{"line":67,"column":6},"end":{"line":67,"column":75}},"25":{"start":{"line":92,"column":0},"end":{"line":133,"column":2}},"26":{"start":{"line":95,"column":17},"end":{"line":99,"column":6}},"27":{"start":{"line":101,"column":4},"end":{"line":132,"column":7}},"28":{"start":{"line":104,"column":8},"end":{"line":107,"column":9}},"29":{"start":{"line":105,"column":10},"end":{"line":105,"column":49}},"30":{"start":{"line":106,"column":10},"end":{"line":106,"column":17}},"31":{"start":{"line":108,"column":8},"end":{"line":111,"column":9}},"32":{"start":{"line":109,"column":10},"end":{"line":109,"column":62}},"33":{"start":{"line":110,"column":10},"end":{"line":110,"column":17}},"34":{"start":{"line":113,"column":8},"end":{"line":131,"column":8}},"35":{"start":{"line":126,"column":28},"end":{"line":126,"column":91}},"36":{"start":{"line":127,"column":12},"end":{"line":127,"column":68}},"37":{"start":{"line":129,"column":12},"end":{"line":129,"column":121}},"38":{"start":{"line":154,"column":0},"end":{"line":176,"column":1}},"39":{"start":{"line":155,"column":4},"end":{"line":175,"column":5}},"40":{"start":{"line":156,"column":6},"end":{"line":172,"column":9}},"41":{"start":{"line":157,"column":8},"end":{"line":162,"column":9}},"42":{"start":{"line":158,"column":10},"end":{"line":160,"column":11}},"43":{"start":{"line":159,"column":12},"end":{"line":159,"column":96}},"44":{"start":{"line":161,"column":10},"end":{"line":161,"column":72}},"45":{"start":{"line":164,"column":20},"end":{"line":166,"column":10}},"46":{"start":{"line":168,"column":8},"end":{"line":170,"column":11}},"47":{"start":{"line":174,"column":6},"end":{"line":174,"column":83}},"48":{"start":{"line":197,"column":0},"end":{"line":222,"column":2}},"49":{"start":{"line":199,"column":17},"end":{"line":202,"column":5}},"50":{"start":{"line":204,"column":2},"end":{"line":221,"column":7}},"51":{"start":{"line":206,"column":6},"end":{"line":209,"column":7}},"52":{"start":{"line":207,"column":8},"end":{"line":207,"column":47}},"53":{"start":{"line":208,"column":8},"end":{"line":208,"column":15}},"54":{"start":{"line":210,"column":6},"end":{"line":212,"column":7}},"55":{"start":{"line":211,"column":8},"end":{"line":211,"column":68}},"56":{"start":{"line":214,"column":6},"end":{"line":216,"column":7}},"57":{"start":{"line":215,"column":8},"end":{"line":215,"column":97}},"58":{"start":{"line":217,"column":6},"end":{"line":217,"column":58}},"59":{"start":{"line":218,"column":6},"end":{"line":218,"column":18}},"60":{"start":{"line":219,"column":6},"end":{"line":219,"column":73}},"61":{"start":{"line":237,"column":0},"end":{"line":246,"column":1}},"62":{"start":{"line":239,"column":2},"end":{"line":245,"column":4}},"63":{"start":{"line":240,"column":4},"end":{"line":243,"column":5}},"64":{"start":{"line":241,"column":6},"end":{"line":241,"column":45}},"65":{"start":{"line":242,"column":6},"end":{"line":242,"column":13}},"66":{"start":{"line":244,"column":4},"end":{"line":244,"column":86}},"67":{"start":{"line":260,"column":0},"end":{"line":276,"column":1}},"68":{"start":{"line":262,"column":2},"end":{"line":275,"column":4}},"69":{"start":{"line":263,"column":4},"end":{"line":266,"column":5}},"70":{"start":{"line":264,"column":6},"end":{"line":264,"column":45}},"71":{"start":{"line":265,"column":6},"end":{"line":265,"column":13}},"72":{"start":{"line":267,"column":16},"end":{"line":272,"column":5}},"73":{"start":{"line":273,"column":4},"end":{"line":273,"column":21}}},"fnMap":{"0":{"name":"(anonymous_0)","decl":{"start":{"line":35,"column":25},"end":{"line":35,"column":26}},"loc":{"start":{"line":35,"column":39},"end":{"line":70,"column":1}},"line":35},"1":{"name":"(anonymous_1)","decl":{"start":{"line":44,"column":10},"end":{"line":44,"column":11}},"loc":{"start":{"line":44,"column":25},"end":{"line":69,"column":5}},"line":44},"2":{"name":"(anonymous_2)","decl":{"start":{"line":92,"column":34},"end":{"line":92,"column":35}},"loc":{"start":{"line":92,"column":48},"end":{"line":133,"column":1}},"line":92},"3":{"name":"(anonymous_3)","decl":{"start":{"line":103,"column":14},"end":{"line":103,"column":15}},"loc":{"start":{"line":103,"column":34},"end":{"line":132,"column":5}},"line":103},"4":{"name":"(anonymous_4)","decl":{"start":{"line":123,"column":10},"end":{"line":123,"column":11}},"loc":{"start":{"line":123,"column":31},"end":{"line":130,"column":11}},"line":123},"5":{"name":"(anonymous_5)","decl":{"start":{"line":154,"column":37},"end":{"line":154,"column":38}},"loc":{"start":{"line":154,"column":51},"end":{"line":176,"column":1}},"line":154},"6":{"name":"(anonymous_6)","decl":{"start":{"line":156,"column":65},"end":{"line":156,"column":66}},"loc":{"start":{"line":156,"column":83},"end":{"line":172,"column":7}},"line":156},"7":{"name":"(anonymous_7)","decl":{"start":{"line":197,"column":30},"end":{"line":197,"column":31}},"loc":{"start":{"line":197,"column":44},"end":{"line":222,"column":1}},"line":197},"8":{"name":"(anonymous_8)","decl":{"start":{"line":205,"column":10},"end":{"line":205,"column":11}},"loc":{"start":{"line":205,"column":25},"end":{"line":221,"column":5}},"line":205},"9":{"name":"(anonymous_9)","decl":{"start":{"line":237,"column":28},"end":{"line":237,"column":29}},"loc":{"start":{"line":237,"column":42},"end":{"line":246,"column":1}},"line":237},"10":{"name":"(anonymous_10)","decl":{"start":{"line":239,"column":119},"end":{"line":239,"column":120}},"loc":{"start":{"line":239,"column":133},"end":{"line":245,"column":3}},"line":239},"11":{"name":"(anonymous_11)","decl":{"start":{"line":260,"column":28},"end":{"line":260,"column":29}},"loc":{"start":{"line":260,"column":42},"end":{"line":276,"column":1}},"line":260},"12":{"name":"(anonymous_12)","decl":{"start":{"line":262,"column":89},"end":{"line":262,"column":90}},"loc":{"start":{"line":262,"column":103},"end":{"line":275,"column":3}},"line":262}},"branchMap":{"0":{"loc":{"start":{"line":45,"column":6},"end":{"line":48,"column":7}},"type":"if","locations":[{"start":{"line":45,"column":6},"end":{"line":48,"column":7}},{"start":{},"end":{}}],"line":45},"1":{"loc":{"start":{"line":49,"column":6},"end":{"line":51,"column":7}},"type":"if","locations":[{"start":{"line":49,"column":6},"end":{"line":51,"column":7}},{"start":{},"end":{}}],"line":49},"2":{"loc":{"start":{"line":59,"column":6},"end":{"line":61,"column":7}},"type":"if","locations":[{"start":{"line":59,"column":6},"end":{"line":61,"column":7}},{"start":{},"end":{}}],"line":59},"3":{"loc":{"start":{"line":62,"column":6},"end":{"line":64,"column":7}},"type":"if","locations":[{"start":{"line":62,"column":6},"end":{"line":64,"column":7}},{"start":{},"end":{}}],"line":62},"4":{"loc":{"start":{"line":104,"column":8},"end":{"line":107,"column":9}},"type":"if","locations":[{"start":{"line":104,"column":8},"end":{"line":107,"column":9}},{"start":{},"end":{}}],"line":104},"5":{"loc":{"start":{"line":108,"column":8},"end":{"line":111,"column":9}},"type":"if","locations":[{"start":{"line":108,"column":8},"end":{"line":111,"column":9}},{"start":{},"end":{}}],"line":108},"6":{"loc":{"start":{"line":157,"column":8},"end":{"line":162,"column":9}},"type":"if","locations":[{"start":{"line":157,"column":8},"end":{"line":162,"column":9}},{"start":{},"end":{}}],"line":157},"7":{"loc":{"start":{"line":158,"column":10},"end":{"line":160,"column":11}},"type":"if","locations":[{"start":{"line":158,"column":10},"end":{"line":160,"column":11}},{"start":{},"end":{}}],"line":158},"8":{"loc":{"start":{"line":206,"column":6},"end":{"line":209,"column":7}},"type":"if","locations":[{"start":{"line":206,"column":6},"end":{"line":209,"column":7}},{"start":{},"end":{}}],"line":206},"9":{"loc":{"start":{"line":210,"column":6},"end":{"line":212,"column":7}},"type":"if","locations":[{"start":{"line":210,"column":6},"end":{"line":212,"column":7}},{"start":{},"end":{}}],"line":210},"10":{"loc":{"start":{"line":214,"column":6},"end":{"line":216,"column":7}},"type":"if","locations":[{"start":{"line":214,"column":6},"end":{"line":216,"column":7}},{"start":{},"end":{}}],"line":214},"11":{"loc":{"start":{"line":240,"column":4},"end":{"line":243,"column":5}},"type":"if","locations":[{"start":{"line":240,"column":4},"end":{"line":243,"column":5}},{"start":{},"end":{}}],"line":240},"12":{"loc":{"start":{"line":263,"column":4},"end":{"line":266,"column":5}},"type":"if","locations":[{"start":{"line":263,"column":4},"end":{"line":266,"column":5}},{"start":{},"end":{}}],"line":263}},"s":{"0":3,"1":3,"2":3,"3":3,"4":3,"5":3,"6":3,"7":3,"8":3,"9":3,"10":3,"11":3,"12":3,"13":0,"14":0,"15":3,"16":0,"17":3,"18":3,"19":1,"20":2,"21":1,"22":1,"23":1,"24":1,"25":3,"26":2,"27":2,"28":2,"29":0,"30":0,"31":2,"32":1,"33":1,"34":1,"35":1,"36":1,"37":1,"38":3,"39":1,"40":1,"41":1,"42":0,"43":0,"44":0,"45":1,"46":1,"47":0,"48":3,"49":2,"50":2,"51":2,"52":0,"53":0,"54":2,"55":0,"56":2,"57":1,"58":1,"59":1,"60":1,"61":3,"62":1,"63":1,"64":0,"65":0,"66":1,"67":3,"68":1,"69":1,"70":0,"71":0,"72":1,"73":1},"f":{"0":3,"1":3,"2":2,"3":2,"4":1,"5":1,"6":1,"7":2,"8":2,"9":1,"10":1,"11":1,"12":1},"b":{"0":[0,3],"1":[0,3],"2":[1,2],"3":[1,1],"4":[0,2],"5":[1,1],"6":[0,1],"7":[0,0],"8":[0,2],"9":[0,2],"10":[1,1],"11":[0,1],"12":[0,1]},"_coverageSchema":"1a1c01bbd47fc00a2c39e90264f33305004495a9","hash":"8a3b9674edde319ff65d4d6266df03c882dcb178"}
,"D:\\collage\\senior1 spring\\software\\Twitter\\app\\controllers\\tweets.controller.js": {"path":"D:\\collage\\senior1 spring\\software\\Twitter\\app\\controllers\\tweets.controller.js","statementMap":{"0":{"start":{"line":2,"column":0},"end":{"line":2,"column":27}},"1":{"start":{"line":3,"column":15},"end":{"line":3,"column":47}},"2":{"start":{"line":4,"column":11},"end":{"line":4,"column":31}},"3":{"start":{"line":5,"column":14},"end":{"line":5,"column":22}},"4":{"start":{"line":6,"column":13},"end":{"line":6,"column":20}},"5":{"start":{"line":7,"column":27},"end":{"line":7,"column":50}},"6":{"start":{"line":8,"column":11},"end":{"line":8,"column":34}},"7":{"start":{"line":9,"column":24},"end":{"line":9,"column":44}},"8":{"start":{"line":10,"column":29},"end":{"line":10,"column":60}},"9":{"start":{"line":15,"column":0},"end":{"line":75,"column":2}},"10":{"start":{"line":16,"column":2},"end":{"line":74,"column":5}},"11":{"start":{"line":17,"column":3},"end":{"line":20,"column":4}},"12":{"start":{"line":18,"column":5},"end":{"line":18,"column":44}},"13":{"start":{"line":19,"column":5},"end":{"line":19,"column":12}},"14":{"start":{"line":21,"column":3},"end":{"line":23,"column":4}},"15":{"start":{"line":22,"column":5},"end":{"line":22,"column":31}},"16":{"start":{"line":25,"column":4},"end":{"line":36,"column":3}},"17":{"start":{"line":26,"column":6},"end":{"line":26,"column":36}},"18":{"start":{"line":27,"column":6},"end":{"line":27,"column":57}},"19":{"start":{"line":28,"column":31},"end":{"line":28,"column":58}},"20":{"start":{"line":29,"column":31},"end":{"line":29,"column":70}},"21":{"start":{"line":30,"column":6},"end":{"line":30,"column":37}},"22":{"start":{"line":32,"column":8},"end":{"line":35,"column":9}},"23":{"start":{"line":34,"column":12},"end":{"line":34,"column":77}},"24":{"start":{"line":38,"column":4},"end":{"line":73,"column":5}},"25":{"start":{"line":39,"column":6},"end":{"line":72,"column":10}},"26":{"start":{"line":40,"column":8},"end":{"line":43,"column":9}},"27":{"start":{"line":41,"column":10},"end":{"line":41,"column":49}},"28":{"start":{"line":42,"column":10},"end":{"line":42,"column":17}},"29":{"start":{"line":46,"column":22},"end":{"line":52,"column":8}},"30":{"start":{"line":53,"column":6},"end":{"line":71,"column":9}},"31":{"start":{"line":54,"column":8},"end":{"line":56,"column":9}},"32":{"start":{"line":55,"column":10},"end":{"line":55,"column":49}},"33":{"start":{"line":57,"column":8},"end":{"line":59,"column":9}},"34":{"start":{"line":58,"column":10},"end":{"line":58,"column":63}},"35":{"start":{"line":60,"column":8},"end":{"line":70,"column":9}},"36":{"start":{"line":61,"column":10},"end":{"line":69,"column":13}},"37":{"start":{"line":64,"column":12},"end":{"line":64,"column":45}},"38":{"start":{"line":68,"column":12},"end":{"line":68,"column":49}},"39":{"start":{"line":77,"column":0},"end":{"line":87,"column":2}},"40":{"start":{"line":78,"column":2},"end":{"line":84,"column":4}},"41":{"start":{"line":80,"column":4},"end":{"line":80,"column":28}},"42":{"start":{"line":83,"column":4},"end":{"line":83,"column":40}},"43":{"start":{"line":89,"column":0},"end":{"line":90,"column":2}},"44":{"start":{"line":93,"column":0},"end":{"line":124,"column":2}},"45":{"start":{"line":94,"column":16},"end":{"line":94,"column":29}},"46":{"start":{"line":95,"column":15},"end":{"line":95,"column":25}},"47":{"start":{"line":98,"column":2},"end":{"line":121,"column":4}},"48":{"start":{"line":99,"column":4},"end":{"line":101,"column":5}},"49":{"start":{"line":100,"column":6},"end":{"line":100,"column":43}},"50":{"start":{"line":102,"column":4},"end":{"line":120,"column":5}},"51":{"start":{"line":103,"column":6},"end":{"line":116,"column":8}},"52":{"start":{"line":104,"column":8},"end":{"line":115,"column":9}},"53":{"start":{"line":106,"column":10},"end":{"line":114,"column":12}},"54":{"start":{"line":107,"column":12},"end":{"line":109,"column":13}},"55":{"start":{"line":108,"column":14},"end":{"line":108,"column":51}},"56":{"start":{"line":110,"column":12},"end":{"line":113,"column":13}},"57":{"start":{"line":111,"column":14},"end":{"line":111,"column":92}},"58":{"start":{"line":112,"column":14},"end":{"line":112,"column":75}},"59":{"start":{"line":119,"column":6},"end":{"line":119,"column":40}},"60":{"start":{"line":126,"column":0},"end":{"line":158,"column":2}},"61":{"start":{"line":127,"column":16},"end":{"line":127,"column":29}},"62":{"start":{"line":128,"column":15},"end":{"line":128,"column":25}},"63":{"start":{"line":130,"column":2},"end":{"line":156,"column":4}},"64":{"start":{"line":131,"column":4},"end":{"line":133,"column":5}},"65":{"start":{"line":132,"column":6},"end":{"line":132,"column":43}},"66":{"start":{"line":135,"column":4},"end":{"line":152,"column":5}},"67":{"start":{"line":136,"column":6},"end":{"line":151,"column":8}},"68":{"start":{"line":137,"column":8},"end":{"line":150,"column":9}},"69":{"start":{"line":138,"column":10},"end":{"line":148,"column":12}},"70":{"start":{"line":139,"column":12},"end":{"line":141,"column":13}},"71":{"start":{"line":140,"column":14},"end":{"line":140,"column":51}},"72":{"start":{"line":142,"column":12},"end":{"line":147,"column":13}},"73":{"start":{"line":143,"column":14},"end":{"line":143,"column":53}},"74":{"start":{"line":144,"column":14},"end":{"line":144,"column":92}},"75":{"start":{"line":145,"column":14},"end":{"line":145,"column":75}},"76":{"start":{"line":146,"column":14},"end":{"line":146,"column":46}}},"fnMap":{"0":{"name":"(anonymous_0)","decl":{"start":{"line":15,"column":17},"end":{"line":15,"column":18}},"loc":{"start":{"line":15,"column":33},"end":{"line":75,"column":1}},"line":15},"1":{"name":"(anonymous_1)","decl":{"start":{"line":16,"column":39},"end":{"line":16,"column":40}},"loc":{"start":{"line":16,"column":57},"end":{"line":74,"column":3}},"line":16},"2":{"name":"(anonymous_2)","decl":{"start":{"line":39,"column":124},"end":{"line":39,"column":125}},"loc":{"start":{"line":39,"column":136},"end":{"line":72,"column":8}},"line":39},"3":{"name":"(anonymous_3)","decl":{"start":{"line":53,"column":47},"end":{"line":53,"column":48}},"loc":{"start":{"line":53,"column":70},"end":{"line":71,"column":7}},"line":53},"4":{"name":"(anonymous_4)","decl":{"start":{"line":63,"column":16},"end":{"line":63,"column":17}},"loc":{"start":{"line":63,"column":28},"end":{"line":65,"column":11}},"line":63},"5":{"name":"(anonymous_5)","decl":{"start":{"line":66,"column":17},"end":{"line":66,"column":18}},"loc":{"start":{"line":66,"column":23},"end":{"line":69,"column":11}},"line":66},"6":{"name":"(anonymous_6)","decl":{"start":{"line":77,"column":15},"end":{"line":77,"column":16}},"loc":{"start":{"line":77,"column":26},"end":{"line":87,"column":1}},"line":77},"7":{"name":"(anonymous_7)","decl":{"start":{"line":79,"column":8},"end":{"line":79,"column":9}},"loc":{"start":{"line":79,"column":25},"end":{"line":81,"column":3}},"line":79},"8":{"name":"(anonymous_8)","decl":{"start":{"line":82,"column":9},"end":{"line":82,"column":10}},"loc":{"start":{"line":82,"column":16},"end":{"line":84,"column":3}},"line":82},"9":{"name":"(anonymous_9)","decl":{"start":{"line":89,"column":16},"end":{"line":89,"column":17}},"loc":{"start":{"line":89,"column":27},"end":{"line":90,"column":1}},"line":89},"10":{"name":"(anonymous_10)","decl":{"start":{"line":93,"column":18},"end":{"line":93,"column":19}},"loc":{"start":{"line":93,"column":35},"end":{"line":124,"column":1}},"line":93},"11":{"name":"(anonymous_11)","decl":{"start":{"line":98,"column":29},"end":{"line":98,"column":30}},"loc":{"start":{"line":98,"column":51},"end":{"line":121,"column":3}},"line":98},"12":{"name":"(anonymous_12)","decl":{"start":{"line":103,"column":89},"end":{"line":103,"column":90}},"loc":{"start":{"line":103,"column":116},"end":{"line":116,"column":7}},"line":103},"13":{"name":"(anonymous_13)","decl":{"start":{"line":106,"column":39},"end":{"line":106,"column":40}},"loc":{"start":{"line":106,"column":62},"end":{"line":114,"column":11}},"line":106},"14":{"name":"(anonymous_14)","decl":{"start":{"line":126,"column":20},"end":{"line":126,"column":21}},"loc":{"start":{"line":126,"column":32},"end":{"line":158,"column":1}},"line":126},"15":{"name":"(anonymous_15)","decl":{"start":{"line":130,"column":29},"end":{"line":130,"column":30}},"loc":{"start":{"line":130,"column":48},"end":{"line":156,"column":3}},"line":130},"16":{"name":"(anonymous_16)","decl":{"start":{"line":136,"column":89},"end":{"line":136,"column":90}},"loc":{"start":{"line":136,"column":116},"end":{"line":151,"column":7}},"line":136},"17":{"name":"(anonymous_17)","decl":{"start":{"line":138,"column":39},"end":{"line":138,"column":40}},"loc":{"start":{"line":138,"column":62},"end":{"line":148,"column":11}},"line":138}},"branchMap":{"0":{"loc":{"start":{"line":17,"column":3},"end":{"line":20,"column":4}},"type":"if","locations":[{"start":{"line":17,"column":3},"end":{"line":20,"column":4}},{"start":{},"end":{}}],"line":17},"1":{"loc":{"start":{"line":21,"column":3},"end":{"line":23,"column":4}},"type":"if","locations":[{"start":{"line":21,"column":3},"end":{"line":23,"column":4}},{"start":{},"end":{}}],"line":21},"2":{"loc":{"start":{"line":25,"column":4},"end":{"line":36,"column":3}},"type":"if","locations":[{"start":{"line":25,"column":4},"end":{"line":36,"column":3}},{"start":{},"end":{}}],"line":25},"3":{"loc":{"start":{"line":32,"column":8},"end":{"line":35,"column":9}},"type":"if","locations":[{"start":{"line":32,"column":8},"end":{"line":35,"column":9}},{"start":{},"end":{}}],"line":32},"4":{"loc":{"start":{"line":38,"column":4},"end":{"line":73,"column":5}},"type":"if","locations":[{"start":{"line":38,"column":4},"end":{"line":73,"column":5}},{"start":{},"end":{}}],"line":38},"5":{"loc":{"start":{"line":38,"column":7},"end":{"line":38,"column":102}},"type":"binary-expr","locations":[{"start":{"line":38,"column":7},"end":{"line":38,"column":47}},{"start":{"line":38,"column":51},"end":{"line":38,"column":102}}],"line":38},"6":{"loc":{"start":{"line":40,"column":8},"end":{"line":43,"column":9}},"type":"if","locations":[{"start":{"line":40,"column":8},"end":{"line":43,"column":9}},{"start":{},"end":{}}],"line":40},"7":{"loc":{"start":{"line":54,"column":8},"end":{"line":56,"column":9}},"type":"if","locations":[{"start":{"line":54,"column":8},"end":{"line":56,"column":9}},{"start":{},"end":{}}],"line":54},"8":{"loc":{"start":{"line":57,"column":8},"end":{"line":59,"column":9}},"type":"if","locations":[{"start":{"line":57,"column":8},"end":{"line":59,"column":9}},{"start":{},"end":{}}],"line":57},"9":{"loc":{"start":{"line":60,"column":8},"end":{"line":70,"column":9}},"type":"if","locations":[{"start":{"line":60,"column":8},"end":{"line":70,"column":9}},{"start":{},"end":{}}],"line":60},"10":{"loc":{"start":{"line":99,"column":4},"end":{"line":101,"column":5}},"type":"if","locations":[{"start":{"line":99,"column":4},"end":{"line":101,"column":5}},{"start":{},"end":{}}],"line":99},"11":{"loc":{"start":{"line":102,"column":4},"end":{"line":120,"column":5}},"type":"if","locations":[{"start":{"line":102,"column":4},"end":{"line":120,"column":5}},{"start":{"line":118,"column":8},"end":{"line":120,"column":5}}],"line":102},"12":{"loc":{"start":{"line":104,"column":8},"end":{"line":115,"column":9}},"type":"if","locations":[{"start":{"line":104,"column":8},"end":{"line":115,"column":9}},{"start":{},"end":{}}],"line":104},"13":{"loc":{"start":{"line":107,"column":12},"end":{"line":109,"column":13}},"type":"if","locations":[{"start":{"line":107,"column":12},"end":{"line":109,"column":13}},{"start":{},"end":{}}],"line":107},"14":{"loc":{"start":{"line":110,"column":12},"end":{"line":113,"column":13}},"type":"if","locations":[{"start":{"line":110,"column":12},"end":{"line":113,"column":13}},{"start":{},"end":{}}],"line":110},"15":{"loc":{"start":{"line":131,"column":4},"end":{"line":133,"column":5}},"type":"if","locations":[{"start":{"line":131,"column":4},"end":{"line":133,"column":5}},{"start":{},"end":{}}],"line":131},"16":{"loc":{"start":{"line":135,"column":4},"end":{"line":152,"column":5}},"type":"if","locations":[{"start":{"line":135,"column":4},"end":{"line":152,"column":5}},{"start":{},"end":{}}],"line":135},"17":{"loc":{"start":{"line":137,"column":8},"end":{"line":150,"column":9}},"type":"if","locations":[{"start":{"line":137,"column":8},"end":{"line":150,"column":9}},{"start":{},"end":{}}],"line":137},"18":{"loc":{"start":{"line":139,"column":12},"end":{"line":141,"column":13}},"type":"if","locations":[{"start":{"line":139,"column":12},"end":{"line":141,"column":13}},{"start":{},"end":{}}],"line":139},"19":{"loc":{"start":{"line":142,"column":12},"end":{"line":147,"column":13}},"type":"if","locations":[{"start":{"line":142,"column":12},"end":{"line":147,"column":13}},{"start":{},"end":{}}],"line":142}},"s":{"0":3,"1":3,"2":3,"3":3,"4":3,"5":3,"6":3,"7":3,"8":3,"9":3,"10":0,"11":0,"12":0,"13":0,"14":0,"15":0,"16":0,"17":0,"18":0,"19":0,"20":0,"21":0,"22":0,"23":0,"24":0,"25":0,"26":0,"27":0,"28":0,"29":0,"30":0,"31":0,"32":0,"33":0,"34":0,"35":0,"36":0,"37":0,"38":0,"39":3,"40":0,"41":0,"42":0,"43":3,"44":3,"45":0,"46":0,"47":0,"48":0,"49":0,"50":0,"51":0,"52":0,"53":0,"54":0,"55":0,"56":0,"57":0,"58":0,"59":0,"60":3,"61":0,"62":0,"63":0,"64":0,"65":0,"66":0,"67":0,"68":0,"69":0,"70":0,"71":0,"72":0,"73":0,"74":0,"75":0,"76":0},"f":{"0":0,"1":0,"2":0,"3":0,"4":0,"5":0,"6":0,"7":0,"8":0,"9":0,"10":0,"11":0,"12":0,"13":0,"14":0,"15":0,"16":0,"17":0},"b":{"0":[0,0],"1":[0,0],"2":[0,0],"3":[0,0],"4":[0,0],"5":[0,0],"6":[0,0],"7":[0,0],"8":[0,0],"9":[0,0],"10":[0,0],"11":[0,0],"12":[0,0],"13":[0,0],"14":[0,0],"15":[0,0],"16":[0,0],"17":[0,0],"18":[0,0],"19":[0,0]},"_coverageSchema":"1a1c01bbd47fc00a2c39e90264f33305004495a9","hash":"7f3bf9333819463ddb3e8fb4d87db2f929e140ae"}
,"D:\\collage\\senior1 spring\\software\\Twitter\\app\\controllers\\user.controller.js": {"path":"D:\\collage\\senior1 spring\\software\\Twitter\\app\\controllers\\user.controller.js","statementMap":{"0":{"start":{"line":1,"column":0},"end":{"line":3,"column":2}},"1":{"start":{"line":2,"column":4},"end":{"line":2,"column":48}}},"fnMap":{"0":{"name":"(anonymous_0)","decl":{"start":{"line":1,"column":20},"end":{"line":1,"column":21}},"loc":{"start":{"line":1,"column":34},"end":{"line":3,"column":1}},"line":1}},"branchMap":{},"s":{"0":3,"1":0},"f":{"0":0},"b":{},"_coverageSchema":"1a1c01bbd47fc00a2c39e90264f33305004495a9","hash":"7cd6f20dd13ecd3c501f275f682e8558785bc734"}
,"D:\\collage\\senior1 spring\\software\\Twitter\\app\\middleware\\authJwt.js": {"path":"D:\\collage\\senior1 spring\\software\\Twitter\\app\\middleware\\authJwt.js","statementMap":{"0":{"start":{"line":1,"column":12},"end":{"line":1,"column":35}},"1":{"start":{"line":2,"column":15},"end":{"line":2,"column":50}},"2":{"start":{"line":3,"column":11},"end":{"line":3,"column":31}},"3":{"start":{"line":4,"column":13},"end":{"line":4,"column":20}},"4":{"start":{"line":6,"column":30},"end":{"line":6,"column":33}},"5":{"start":{"line":8,"column":0},"end":{"line":29,"column":2}},"6":{"start":{"line":9,"column":14},"end":{"line":9,"column":43}},"7":{"start":{"line":10,"column":2},"end":{"line":12,"column":3}},"8":{"start":{"line":11,"column":4},"end":{"line":11,"column":67}},"9":{"start":{"line":13,"column":2},"end":{"line":28,"column":5}},"10":{"start":{"line":14,"column":4},"end":{"line":20,"column":5}},"11":{"start":{"line":15,"column":6},"end":{"line":17,"column":7}},"12":{"start":{"line":16,"column":8},"end":{"line":16,"column":92}},"13":{"start":{"line":18,"column":6},"end":{"line":18,"column":23}},"14":{"start":{"line":19,"column":6},"end":{"line":19,"column":73}},"15":{"start":{"line":26,"column":4},"end":{"line":26,"column":28}},"16":{"start":{"line":27,"column":4},"end":{"line":27,"column":11}},"17":{"start":{"line":32,"column":16},"end":{"line":34,"column":1}},"18":{"start":{"line":35,"column":0},"end":{"line":35,"column":25}}},"fnMap":{"0":{"name":"(anonymous_0)","decl":{"start":{"line":8,"column":14},"end":{"line":8,"column":15}},"loc":{"start":{"line":8,"column":34},"end":{"line":29,"column":1}},"line":8},"1":{"name":"(anonymous_1)","decl":{"start":{"line":13,"column":35},"end":{"line":13,"column":36}},"loc":{"start":{"line":13,"column":53},"end":{"line":28,"column":3}},"line":13}},"branchMap":{"0":{"loc":{"start":{"line":10,"column":2},"end":{"line":12,"column":3}},"type":"if","locations":[{"start":{"line":10,"column":2},"end":{"line":12,"column":3}},{"start":{},"end":{}}],"line":10},"1":{"loc":{"start":{"line":14,"column":4},"end":{"line":20,"column":5}},"type":"if","locations":[{"start":{"line":14,"column":4},"end":{"line":20,"column":5}},{"start":{},"end":{}}],"line":14},"2":{"loc":{"start":{"line":15,"column":6},"end":{"line":17,"column":7}},"type":"if","locations":[{"start":{"line":15,"column":6},"end":{"line":17,"column":7}},{"start":{},"end":{}}],"line":15}},"s":{"0":3,"1":3,"2":3,"3":3,"4":3,"5":3,"6":8,"7":8,"8":0,"9":8,"10":8,"11":0,"12":0,"13":0,"14":0,"15":8,"16":8,"17":3,"18":3},"f":{"0":8,"1":8},"b":{"0":[0,8],"1":[0,8],"2":[0,0]},"_coverageSchema":"1a1c01bbd47fc00a2c39e90264f33305004495a9","hash":"8b6871293664f254ef0bf9079c2d71eb65babe6f"}
,"D:\\collage\\senior1 spring\\software\\Twitter\\app\\middleware\\index.js": {"path":"D:\\collage\\senior1 spring\\software\\Twitter\\app\\middleware\\index.js","statementMap":{"0":{"start":{"line":1,"column":16},"end":{"line":1,"column":36}},"1":{"start":{"line":2,"column":21},"end":{"line":2,"column":46}},"2":{"start":{"line":3,"column":0},"end":{"line":6,"column":2}}},"fnMap":{},"branchMap":{},"s":{"0":3,"1":3,"2":3},"f":{},"b":{},"_coverageSchema":"1a1c01bbd47fc00a2c39e90264f33305004495a9","hash":"2072c1d2bdf227bc056ccc7d24df108d11374118"}
,"D:\\collage\\senior1 spring\\software\\Twitter\\app\\middleware\\verifySignUp.js": {"path":"D:\\collage\\senior1 spring\\software\\Twitter\\app\\middleware\\verifySignUp.js","statementMap":{"0":{"start":{"line":1,"column":11},"end":{"line":1,"column":31}},"1":{"start":{"line":2,"column":13},"end":{"line":2,"column":20}},"2":{"start":{"line":4,"column":0},"end":{"line":33,"column":2}},"3":{"start":{"line":7,"column":2},"end":{"line":32,"column":5}},"4":{"start":{"line":10,"column":4},"end":{"line":13,"column":5}},"5":{"start":{"line":11,"column":6},"end":{"line":11,"column":45}},"6":{"start":{"line":12,"column":6},"end":{"line":12,"column":13}},"7":{"start":{"line":14,"column":4},"end":{"line":17,"column":5}},"8":{"start":{"line":15,"column":6},"end":{"line":15,"column":99}},"9":{"start":{"line":16,"column":6},"end":{"line":16,"column":13}},"10":{"start":{"line":19,"column":4},"end":{"line":31,"column":7}},"11":{"start":{"line":22,"column":6},"end":{"line":25,"column":7}},"12":{"start":{"line":23,"column":8},"end":{"line":23,"column":47}},"13":{"start":{"line":24,"column":8},"end":{"line":24,"column":15}},"14":{"start":{"line":26,"column":6},"end":{"line":29,"column":7}},"15":{"start":{"line":27,"column":8},"end":{"line":27,"column":98}},"16":{"start":{"line":28,"column":8},"end":{"line":28,"column":15}},"17":{"start":{"line":30,"column":6},"end":{"line":30,"column":13}},"18":{"start":{"line":35,"column":0},"end":{"line":43,"column":2}},"19":{"start":{"line":36,"column":25},"end":{"line":36,"column":101}},"20":{"start":{"line":37,"column":19},"end":{"line":37,"column":57}},"21":{"start":{"line":38,"column":2},"end":{"line":41,"column":3}},"22":{"start":{"line":39,"column":4},"end":{"line":39,"column":168}},"23":{"start":{"line":40,"column":4},"end":{"line":40,"column":11}},"24":{"start":{"line":42,"column":2},"end":{"line":42,"column":9}},"25":{"start":{"line":45,"column":0},"end":{"line":53,"column":2}},"26":{"start":{"line":46,"column":21},"end":{"line":46,"column":149}},"27":{"start":{"line":47,"column":18},"end":{"line":47,"column":71}},"28":{"start":{"line":48,"column":2},"end":{"line":51,"column":3}},"29":{"start":{"line":49,"column":4},"end":{"line":49,"column":67}},"30":{"start":{"line":50,"column":4},"end":{"line":50,"column":11}},"31":{"start":{"line":52,"column":2},"end":{"line":52,"column":9}},"32":{"start":{"line":54,"column":0},"end":{"line":71,"column":2}},"33":{"start":{"line":57,"column":2},"end":{"line":69,"column":5}},"34":{"start":{"line":60,"column":4},"end":{"line":63,"column":5}},"35":{"start":{"line":61,"column":6},"end":{"line":61,"column":45}},"36":{"start":{"line":62,"column":6},"end":{"line":62,"column":13}},"37":{"start":{"line":64,"column":4},"end":{"line":67,"column":5}},"38":{"start":{"line":65,"column":6},"end":{"line":65,"column":100}},"39":{"start":{"line":66,"column":6},"end":{"line":66,"column":13}},"40":{"start":{"line":68,"column":4},"end":{"line":68,"column":11}},"41":{"start":{"line":73,"column":21},"end":{"line":78,"column":1}},"42":{"start":{"line":79,"column":0},"end":{"line":79,"column":30}}},"fnMap":{"0":{"name":"(anonymous_0)","decl":{"start":{"line":4,"column":31},"end":{"line":4,"column":32}},"loc":{"start":{"line":4,"column":51},"end":{"line":33,"column":1}},"line":4},"1":{"name":"(anonymous_1)","decl":{"start":{"line":9,"column":10},"end":{"line":9,"column":11}},"loc":{"start":{"line":9,"column":25},"end":{"line":32,"column":3}},"line":9},"2":{"name":"(anonymous_2)","decl":{"start":{"line":21,"column":12},"end":{"line":21,"column":13}},"loc":{"start":{"line":21,"column":27},"end":{"line":31,"column":5}},"line":21},"3":{"name":"(anonymous_3)","decl":{"start":{"line":35,"column":26},"end":{"line":35,"column":27}},"loc":{"start":{"line":35,"column":46},"end":{"line":43,"column":1}},"line":35},"4":{"name":"(anonymous_4)","decl":{"start":{"line":45,"column":18},"end":{"line":45,"column":19}},"loc":{"start":{"line":45,"column":38},"end":{"line":53,"column":1}},"line":45},"5":{"name":"(anonymous_5)","decl":{"start":{"line":54,"column":24},"end":{"line":54,"column":25}},"loc":{"start":{"line":54,"column":44},"end":{"line":71,"column":1}},"line":54},"6":{"name":"(anonymous_6)","decl":{"start":{"line":59,"column":10},"end":{"line":59,"column":11}},"loc":{"start":{"line":59,"column":25},"end":{"line":69,"column":3}},"line":59}},"branchMap":{"0":{"loc":{"start":{"line":10,"column":4},"end":{"line":13,"column":5}},"type":"if","locations":[{"start":{"line":10,"column":4},"end":{"line":13,"column":5}},{"start":{},"end":{}}],"line":10},"1":{"loc":{"start":{"line":14,"column":4},"end":{"line":17,"column":5}},"type":"if","locations":[{"start":{"line":14,"column":4},"end":{"line":17,"column":5}},{"start":{},"end":{}}],"line":14},"2":{"loc":{"start":{"line":22,"column":6},"end":{"line":25,"column":7}},"type":"if","locations":[{"start":{"line":22,"column":6},"end":{"line":25,"column":7}},{"start":{},"end":{}}],"line":22},"3":{"loc":{"start":{"line":26,"column":6},"end":{"line":29,"column":7}},"type":"if","locations":[{"start":{"line":26,"column":6},"end":{"line":29,"column":7}},{"start":{},"end":{}}],"line":26},"4":{"loc":{"start":{"line":38,"column":2},"end":{"line":41,"column":3}},"type":"if","locations":[{"start":{"line":38,"column":2},"end":{"line":41,"column":3}},{"start":{},"end":{}}],"line":38},"5":{"loc":{"start":{"line":48,"column":2},"end":{"line":51,"column":3}},"type":"if","locations":[{"start":{"line":48,"column":2},"end":{"line":51,"column":3}},{"start":{},"end":{}}],"line":48},"6":{"loc":{"start":{"line":60,"column":4},"end":{"line":63,"column":5}},"type":"if","locations":[{"start":{"line":60,"column":4},"end":{"line":63,"column":5}},{"start":{},"end":{}}],"line":60},"7":{"loc":{"start":{"line":64,"column":4},"end":{"line":67,"column":5}},"type":"if","locations":[{"start":{"line":64,"column":4},"end":{"line":67,"column":5}},{"start":{},"end":{}}],"line":64}},"s":{"0":3,"1":3,"2":3,"3":8,"4":8,"5":0,"6":0,"7":8,"8":2,"9":2,"10":6,"11":6,"12":0,"13":0,"14":6,"15":2,"16":2,"17":4,"18":3,"19":8,"20":8,"21":8,"22":2,"23":2,"24":6,"25":3,"26":3,"27":3,"28":3,"29":1,"30":1,"31":2,"32":3,"33":4,"34":4,"35":0,"36":0,"37":4,"38":1,"39":1,"40":3,"41":3,"42":3},"f":{"0":8,"1":8,"2":6,"3":8,"4":3,"5":4,"6":4},"b":{"0":[0,8],"1":[2,6],"2":[0,6],"3":[2,4],"4":[2,6],"5":[1,2],"6":[0,4],"7":[1,3]},"_coverageSchema":"1a1c01bbd47fc00a2c39e90264f33305004495a9","hash":"7c10e6b5acd1902a8a1a741b85b4e041019c3302"}
,"D:\\collage\\senior1 spring\\software\\Twitter\\app\\models\\index.js": {"path":"D:\\collage\\senior1 spring\\software\\Twitter\\app\\models\\index.js","statementMap":{"0":{"start":{"line":1,"column":17},"end":{"line":1,"column":36}},"1":{"start":{"line":2,"column":0},"end":{"line":2,"column":34}},"2":{"start":{"line":3,"column":11},"end":{"line":3,"column":13}},"3":{"start":{"line":4,"column":0},"end":{"line":4,"column":23}},"4":{"start":{"line":5,"column":0},"end":{"line":5,"column":34}},"5":{"start":{"line":6,"column":0},"end":{"line":6,"column":36}},"6":{"start":{"line":7,"column":0},"end":{"line":7,"column":20}}},"fnMap":{},"branchMap":{},"s":{"0":3,"1":3,"2":3,"3":3,"4":3,"5":3,"6":3},"f":{},"b":{},"_coverageSchema":"1a1c01bbd47fc00a2c39e90264f33305004495a9","hash":"cabcf7ed6e99fe07254b859baf120490e2397312"}
,"D:\\collage\\senior1 spring\\software\\Twitter\\app\\models\\tweet.model.js": {"path":"D:\\collage\\senior1 spring\\software\\Twitter\\app\\models\\tweet.model.js","statementMap":{"0":{"start":{"line":1,"column":17},"end":{"line":1,"column":36}},"1":{"start":{"line":2,"column":13},"end":{"line":2,"column":36}},"2":{"start":{"line":3,"column":15},"end":{"line":3,"column":30}},"3":{"start":{"line":5,"column":20},"end":{"line":60,"column":2}},"4":{"start":{"line":62,"column":1},"end":{"line":65,"column":2}},"5":{"start":{"line":63,"column":14},"end":{"line":63,"column":29}},"6":{"start":{"line":64,"column":2},"end":{"line":64,"column":15}},"7":{"start":{"line":66,"column":0},"end":{"line":66,"column":54}}},"fnMap":{"0":{"name":"(anonymous_0)","decl":{"start":{"line":62,"column":30},"end":{"line":62,"column":31}},"loc":{"start":{"line":62,"column":41},"end":{"line":65,"column":1}},"line":62}},"branchMap":{},"s":{"0":3,"1":3,"2":3,"3":3,"4":3,"5":0,"6":0,"7":3},"f":{"0":0},"b":{},"_coverageSchema":"1a1c01bbd47fc00a2c39e90264f33305004495a9","hash":"8a56c4b170f094606004508a30f0d5430417e7e0"}
,"D:\\collage\\senior1 spring\\software\\Twitter\\app\\models\\user.model.js": {"path":"D:\\collage\\senior1 spring\\software\\Twitter\\app\\models\\user.model.js","statementMap":{"0":{"start":{"line":1,"column":17},"end":{"line":1,"column":36}},"1":{"start":{"line":2,"column":15},"end":{"line":2,"column":30}},"2":{"start":{"line":4,"column":19},"end":{"line":91,"column":2}},"3":{"start":{"line":93,"column":0},"end":{"line":97,"column":2}},"4":{"start":{"line":94,"column":13},"end":{"line":94,"column":28}},"5":{"start":{"line":95,"column":2},"end":{"line":95,"column":23}},"6":{"start":{"line":96,"column":2},"end":{"line":96,"column":14}},"7":{"start":{"line":99,"column":0},"end":{"line":99,"column":52}}},"fnMap":{"0":{"name":"(anonymous_0)","decl":{"start":{"line":93,"column":28},"end":{"line":93,"column":29}},"loc":{"start":{"line":93,"column":39},"end":{"line":97,"column":1}},"line":93}},"branchMap":{},"s":{"0":3,"1":3,"2":3,"3":3,"4":6,"5":6,"6":6,"7":3},"f":{"0":6},"b":{},"_coverageSchema":"1a1c01bbd47fc00a2c39e90264f33305004495a9","hash":"e98603e2ce0fd876ce4253567abe602d04b4ca3c"}
,"D:\\collage\\senior1 spring\\software\\Twitter\\app\\routes\\OAuth.routes.js": {"path":"D:\\collage\\senior1 spring\\software\\Twitter\\app\\routes\\OAuth.routes.js","statementMap":{"0":{"start":{"line":1,"column":25},"end":{"line":1,"column":49}},"1":{"start":{"line":2,"column":19},"end":{"line":2,"column":61}},"2":{"start":{"line":4,"column":0},"end":{"line":19,"column":2}},"3":{"start":{"line":6,"column":2},"end":{"line":12,"column":5}},"4":{"start":{"line":7,"column":4},"end":{"line":10,"column":6}},"5":{"start":{"line":11,"column":4},"end":{"line":11,"column":11}},"6":{"start":{"line":14,"column":2},"end":{"line":14,"column":141}},"7":{"start":{"line":15,"column":2},"end":{"line":15,"column":60}}},"fnMap":{"0":{"name":"(anonymous_0)","decl":{"start":{"line":4,"column":17},"end":{"line":4,"column":18}},"loc":{"start":{"line":4,"column":31},"end":{"line":19,"column":1}},"line":4},"1":{"name":"(anonymous_1)","decl":{"start":{"line":6,"column":10},"end":{"line":6,"column":11}},"loc":{"start":{"line":6,"column":35},"end":{"line":12,"column":3}},"line":6}},"branchMap":{},"s":{"0":3,"1":3,"2":3,"3":3,"4":17,"5":17,"6":3,"7":3},"f":{"0":3,"1":17},"b":{},"_coverageSchema":"1a1c01bbd47fc00a2c39e90264f33305004495a9","hash":"60cb307f8954285a03fee4a534a47feb8c6774c0"}
,"D:\\collage\\senior1 spring\\software\\Twitter\\app\\routes\\admin.routes.js": {"path":"D:\\collage\\senior1 spring\\software\\Twitter\\app\\routes\\admin.routes.js","statementMap":{"0":{"start":{"line":1,"column":19},"end":{"line":1,"column":61}},"1":{"start":{"line":2,"column":20},"end":{"line":2,"column":44}},"2":{"start":{"line":4,"column":0},"end":{"line":17,"column":2}},"3":{"start":{"line":6,"column":2},"end":{"line":12,"column":5}},"4":{"start":{"line":7,"column":4},"end":{"line":10,"column":6}},"5":{"start":{"line":11,"column":4},"end":{"line":11,"column":11}},"6":{"start":{"line":15,"column":2},"end":{"line":15,"column":71}},"7":{"start":{"line":16,"column":2},"end":{"line":16,"column":75}}},"fnMap":{"0":{"name":"(anonymous_0)","decl":{"start":{"line":4,"column":17},"end":{"line":4,"column":18}},"loc":{"start":{"line":4,"column":31},"end":{"line":17,"column":1}},"line":4},"1":{"name":"(anonymous_1)","decl":{"start":{"line":6,"column":10},"end":{"line":6,"column":11}},"loc":{"start":{"line":6,"column":35},"end":{"line":12,"column":3}},"line":6}},"branchMap":{},"s":{"0":3,"1":3,"2":3,"3":3,"4":0,"5":0,"6":3,"7":3},"f":{"0":3,"1":0},"b":{},"_coverageSchema":"1a1c01bbd47fc00a2c39e90264f33305004495a9","hash":"b02c675cfa942cf5ed058c2321dc780beea35a73"}
,"D:\\collage\\senior1 spring\\software\\Twitter\\app\\routes\\adminBlock.routes.js": {"path":"D:\\collage\\senior1 spring\\software\\Twitter\\app\\routes\\adminBlock.routes.js","statementMap":{"0":{"start":{"line":1,"column":19},"end":{"line":1,"column":66}},"1":{"start":{"line":2,"column":20},"end":{"line":2,"column":44}},"2":{"start":{"line":4,"column":0},"end":{"line":15,"column":4}},"3":{"start":{"line":6,"column":2},"end":{"line":12,"column":5}},"4":{"start":{"line":7,"column":4},"end":{"line":10,"column":6}},"5":{"start":{"line":11,"column":4},"end":{"line":11,"column":11}},"6":{"start":{"line":14,"column":0},"end":{"line":14,"column":69}}},"fnMap":{"0":{"name":"(anonymous_0)","decl":{"start":{"line":4,"column":17},"end":{"line":4,"column":18}},"loc":{"start":{"line":4,"column":31},"end":{"line":15,"column":3}},"line":4},"1":{"name":"(anonymous_1)","decl":{"start":{"line":6,"column":10},"end":{"line":6,"column":11}},"loc":{"start":{"line":6,"column":35},"end":{"line":12,"column":3}},"line":6}},"branchMap":{},"s":{"0":3,"1":3,"2":3,"3":3,"4":0,"5":0,"6":3},"f":{"0":3,"1":0},"b":{},"_coverageSchema":"1a1c01bbd47fc00a2c39e90264f33305004495a9","hash":"e8894c706d6b7e62c3f1705bb6c6bcf1e99133b5"}
,"D:\\collage\\senior1 spring\\software\\Twitter\\app\\routes\\auth.routes.js": {"path":"D:\\collage\\senior1 spring\\software\\Twitter\\app\\routes\\auth.routes.js","statementMap":{"0":{"start":{"line":1,"column":25},"end":{"line":1,"column":49}},"1":{"start":{"line":2,"column":19},"end":{"line":2,"column":60}},"2":{"start":{"line":4,"column":0},"end":{"line":19,"column":2}},"3":{"start":{"line":6,"column":2},"end":{"line":12,"column":5}},"4":{"start":{"line":7,"column":4},"end":{"line":10,"column":6}},"5":{"start":{"line":11,"column":4},"end":{"line":11,"column":11}},"6":{"start":{"line":14,"column":2},"end":{"line":14,"column":158}},"7":{"start":{"line":15,"column":2},"end":{"line":15,"column":46}},"8":{"start":{"line":16,"column":2},"end":{"line":16,"column":56}},"9":{"start":{"line":17,"column":2},"end":{"line":17,"column":69}}},"fnMap":{"0":{"name":"(anonymous_0)","decl":{"start":{"line":4,"column":17},"end":{"line":4,"column":18}},"loc":{"start":{"line":4,"column":31},"end":{"line":19,"column":1}},"line":4},"1":{"name":"(anonymous_1)","decl":{"start":{"line":6,"column":10},"end":{"line":6,"column":11}},"loc":{"start":{"line":6,"column":35},"end":{"line":12,"column":3}},"line":6}},"branchMap":{},"s":{"0":3,"1":3,"2":3,"3":3,"4":34,"5":34,"6":3,"7":3,"8":3,"9":3},"f":{"0":3,"1":34},"b":{},"_coverageSchema":"1a1c01bbd47fc00a2c39e90264f33305004495a9","hash":"44147b9d52b85b7e1ea28136e64c047451e9515a"}
,"D:\\collage\\senior1 spring\\software\\Twitter\\app\\routes\\search.routes.js": {"path":"D:\\collage\\senior1 spring\\software\\Twitter\\app\\routes\\search.routes.js","statementMap":{"0":{"start":{"line":1,"column":19},"end":{"line":1,"column":62}},"1":{"start":{"line":2,"column":34},"end":{"line":2,"column":58}},"2":{"start":{"line":4,"column":0},"end":{"line":19,"column":2}},"3":{"start":{"line":6,"column":2},"end":{"line":12,"column":5}},"4":{"start":{"line":7,"column":4},"end":{"line":10,"column":6}},"5":{"start":{"line":11,"column":4},"end":{"line":11,"column":11}},"6":{"start":{"line":13,"column":4},"end":{"line":13,"column":51}}},"fnMap":{"0":{"name":"(anonymous_0)","decl":{"start":{"line":4,"column":17},"end":{"line":4,"column":18}},"loc":{"start":{"line":4,"column":31},"end":{"line":19,"column":1}},"line":4},"1":{"name":"(anonymous_1)","decl":{"start":{"line":6,"column":10},"end":{"line":6,"column":11}},"loc":{"start":{"line":6,"column":35},"end":{"line":12,"column":3}},"line":6}},"branchMap":{},"s":{"0":3,"1":3,"2":3,"3":3,"4":0,"5":0,"6":3},"f":{"0":3,"1":0},"b":{},"_coverageSchema":"1a1c01bbd47fc00a2c39e90264f33305004495a9","hash":"366f60082e922f11809d43462d4416653a0aba53"}
,"D:\\collage\\senior1 spring\\software\\Twitter\\app\\routes\\settings.routes.js": {"path":"D:\\collage\\senior1 spring\\software\\Twitter\\app\\routes\\settings.routes.js","statementMap":{"0":{"start":{"line":1,"column":19},"end":{"line":1,"column":64}},"1":{"start":{"line":2,"column":34},"end":{"line":2,"column":58}},"2":{"start":{"line":4,"column":0},"end":{"line":20,"column":2}},"3":{"start":{"line":6,"column":2},"end":{"line":12,"column":5}},"4":{"start":{"line":7,"column":4},"end":{"line":10,"column":6}},"5":{"start":{"line":11,"column":4},"end":{"line":11,"column":11}},"6":{"start":{"line":14,"column":2},"end":{"line":14,"column":125}},"7":{"start":{"line":15,"column":2},"end":{"line":15,"column":74}},"8":{"start":{"line":16,"column":2},"end":{"line":16,"column":89}},"9":{"start":{"line":17,"column":2},"end":{"line":17,"column":134}},"10":{"start":{"line":18,"column":2},"end":{"line":18,"column":92}},"11":{"start":{"line":19,"column":2},"end":{"line":19,"column":92}}},"fnMap":{"0":{"name":"(anonymous_0)","decl":{"start":{"line":4,"column":17},"end":{"line":4,"column":18}},"loc":{"start":{"line":4,"column":31},"end":{"line":20,"column":1}},"line":4},"1":{"name":"(anonymous_1)","decl":{"start":{"line":6,"column":10},"end":{"line":6,"column":11}},"loc":{"start":{"line":6,"column":35},"end":{"line":12,"column":3}},"line":6}},"branchMap":{},"s":{"0":3,"1":3,"2":3,"3":3,"4":11,"5":11,"6":3,"7":3,"8":3,"9":3,"10":3,"11":3},"f":{"0":3,"1":11},"b":{},"_coverageSchema":"1a1c01bbd47fc00a2c39e90264f33305004495a9","hash":"060568988186b8fb1481a41beadef550e7dfb778"}
,"D:\\collage\\senior1 spring\\software\\Twitter\\app\\routes\\tweets.routes.js": {"path":"D:\\collage\\senior1 spring\\software\\Twitter\\app\\routes\\tweets.routes.js","statementMap":{"0":{"start":{"line":1,"column":19},"end":{"line":1,"column":62}},"1":{"start":{"line":2,"column":20},"end":{"line":2,"column":44}},"2":{"start":{"line":4,"column":0},"end":{"line":21,"column":4}},"3":{"start":{"line":6,"column":2},"end":{"line":12,"column":5}},"4":{"start":{"line":7,"column":4},"end":{"line":10,"column":6}},"5":{"start":{"line":11,"column":4},"end":{"line":11,"column":11}},"6":{"start":{"line":15,"column":0},"end":{"line":15,"column":65}},"7":{"start":{"line":17,"column":0},"end":{"line":17,"column":44}},"8":{"start":{"line":18,"column":0},"end":{"line":18,"column":44}},"9":{"start":{"line":19,"column":0},"end":{"line":19,"column":81}},"10":{"start":{"line":20,"column":0},"end":{"line":20,"column":84}}},"fnMap":{"0":{"name":"(anonymous_0)","decl":{"start":{"line":4,"column":17},"end":{"line":4,"column":18}},"loc":{"start":{"line":4,"column":31},"end":{"line":21,"column":3}},"line":4},"1":{"name":"(anonymous_1)","decl":{"start":{"line":6,"column":10},"end":{"line":6,"column":11}},"loc":{"start":{"line":6,"column":35},"end":{"line":12,"column":3}},"line":6}},"branchMap":{},"s":{"0":3,"1":3,"2":3,"3":3,"4":0,"5":0,"6":3,"7":3,"8":3,"9":3,"10":3},"f":{"0":3,"1":0},"b":{},"_coverageSchema":"1a1c01bbd47fc00a2c39e90264f33305004495a9","hash":"ec85a927c03568bc25b8c21ac1f749403e4e5740"}
,"D:\\collage\\senior1 spring\\software\\Twitter\\app\\routes\\user.routes.js": {"path":"D:\\collage\\senior1 spring\\software\\Twitter\\app\\routes\\user.routes.js","statementMap":{"0":{"start":{"line":1,"column":20},"end":{"line":1,"column":44}},"1":{"start":{"line":2,"column":19},"end":{"line":2,"column":60}},"2":{"start":{"line":3,"column":0},"end":{"line":13,"column":1}},"3":{"start":{"line":4,"column":2},"end":{"line":10,"column":5}},"4":{"start":{"line":5,"column":4},"end":{"line":8,"column":6}},"5":{"start":{"line":9,"column":4},"end":{"line":9,"column":11}},"6":{"start":{"line":12,"column":2},"end":{"line":12,"column":71}}},"fnMap":{"0":{"name":"(anonymous_0)","decl":{"start":{"line":3,"column":17},"end":{"line":3,"column":18}},"loc":{"start":{"line":3,"column":31},"end":{"line":13,"column":1}},"line":3},"1":{"name":"(anonymous_1)","decl":{"start":{"line":4,"column":10},"end":{"line":4,"column":11}},"loc":{"start":{"line":4,"column":35},"end":{"line":10,"column":3}},"line":4}},"branchMap":{},"s":{"0":3,"1":3,"2":3,"3":3,"4":17,"5":17,"6":3},"f":{"0":3,"1":17},"b":{},"_coverageSchema":"1a1c01bbd47fc00a2c39e90264f33305004495a9","hash":"e7f5e8b86e78e7a78265d8145a9f98c6829ef547"}
,"D:\\collage\\senior1 spring\\software\\Twitter\\app\\utils\\email.js": {"path":"D:\\collage\\senior1 spring\\software\\Twitter\\app\\utils\\email.js","statementMap":{"0":{"start":{"line":1,"column":0},"end":{"line":1,"column":27}},"1":{"start":{"line":2,"column":19},"end":{"line":2,"column":40}},"2":{"start":{"line":3,"column":20},"end":{"line":3,"column":56}},"3":{"start":{"line":5,"column":18},"end":{"line":38,"column":1}},"4":{"start":{"line":6,"column":2},"end":{"line":37,"column":3}},"5":{"start":{"line":8,"column":24},"end":{"line":14,"column":6}},"6":{"start":{"line":17,"column":4},"end":{"line":25,"column":6}},"7":{"start":{"line":27,"column":4},"end":{"line":32,"column":7}},"8":{"start":{"line":35,"column":4},"end":{"line":35,"column":34}},"9":{"start":{"line":36,"column":4},"end":{"line":36,"column":23}},"10":{"start":{"line":40,"column":0},"end":{"line":40,"column":27}}},"fnMap":{"0":{"name":"(anonymous_0)","decl":{"start":{"line":5,"column":18},"end":{"line":5,"column":19}},"loc":{"start":{"line":5,"column":50},"end":{"line":38,"column":1}},"line":5},"1":{"name":"(anonymous_1)","decl":{"start":{"line":17,"column":23},"end":{"line":17,"column":24}},"loc":{"start":{"line":17,"column":38},"end":{"line":25,"column":5}},"line":17}},"branchMap":{},"s":{"0":3,"1":3,"2":3,"3":3,"4":3,"5":3,"6":3,"7":3,"8":0,"9":0,"10":3},"f":{"0":3,"1":0},"b":{},"_coverageSchema":"1a1c01bbd47fc00a2c39e90264f33305004495a9","hash":"04915530777235b9475ffb36c2b04da43e33d3fc"}
,"D:\\collage\\senior1 spring\\software\\Twitter\\app\\utils\\search.js": {"path":"D:\\collage\\senior1 spring\\software\\Twitter\\app\\utils\\search.js","statementMap":{"0":{"start":{"line":2,"column":11},"end":{"line":2,"column":31}},"1":{"start":{"line":3,"column":13},"end":{"line":3,"column":20}},"2":{"start":{"line":4,"column":0},"end":{"line":4,"column":27}},"3":{"start":{"line":6,"column":0},"end":{"line":23,"column":1}},"4":{"start":{"line":13,"column":22},"end":{"line":13,"column":67}},"5":{"start":{"line":19,"column":4},"end":{"line":19,"column":27}},"6":{"start":{"line":21,"column":4},"end":{"line":21,"column":21}},"7":{"start":{"line":25,"column":0},"end":{"line":27,"column":1}},"8":{"start":{"line":26,"column":4},"end":{"line":26,"column":62}},"9":{"start":{"line":29,"column":0},"end":{"line":31,"column":1}},"10":{"start":{"line":30,"column":4},"end":{"line":30,"column":64}}},"fnMap":{"0":{"name":"(anonymous_0)","decl":{"start":{"line":6,"column":27},"end":{"line":6,"column":28}},"loc":{"start":{"line":6,"column":43},"end":{"line":23,"column":1}},"line":6},"1":{"name":"(anonymous_1)","decl":{"start":{"line":25,"column":27},"end":{"line":25,"column":28}},"loc":{"start":{"line":25,"column":41},"end":{"line":27,"column":1}},"line":25},"2":{"name":"(anonymous_2)","decl":{"start":{"line":29,"column":26},"end":{"line":29,"column":27}},"loc":{"start":{"line":29,"column":41},"end":{"line":31,"column":1}},"line":29}},"branchMap":{},"s":{"0":3,"1":3,"2":3,"3":3,"4":0,"5":0,"6":0,"7":3,"8":0,"9":3,"10":0},"f":{"0":0,"1":0,"2":0},"b":{},"_coverageSchema":"1a1c01bbd47fc00a2c39e90264f33305004495a9","hash":"023ae8f1fc1f883a9746781dcc78adef08958b93"}
}
