TN:
SF:app.js
FN:35,(anonymous_0)
FN:38,(anonymous_1)
FN:45,(anonymous_2)
FNF:3
FNH:0
FNDA:0,(anonymous_0)
FNDA:0,(anonymous_1)
FNDA:0,(anonymous_2)
DA:1,7
DA:2,7
DA:3,7
DA:4,7
DA:5,7
DA:6,7
DA:12,7
DA:13,7
DA:15,7
DA:19,7
DA:20,7
DA:21,7
DA:23,7
DA:25,7
DA:28,0
DA:36,0
DA:39,0
DA:40,0
DA:45,7
DA:46,0
DA:50,7
DA:51,7
DA:52,7
DA:53,7
DA:54,7
DA:55,7
DA:56,7
DA:57,7
DA:58,7
DA:62,7
LF:30
LH:25
BRDA:25,0,0,0
BRDA:25,0,1,7
BRF:2
BRH:1
end_of_record
TN:
SF:app\config\auth.config.js
FNF:0
FNH:0
DA:1,7
LF:1
LH:1
BRF:0
BRH:0
end_of_record
TN:
SF:app\config\email.config.js
FNF:0
FNH:0
DA:2,7
DA:3,7
DA:4,7
DA:5,7
DA:6,7
LF:5
LH:5
BRF:0
BRH:0
end_of_record
TN:
SF:app\controllers\OAuth.controller.js
FN:32,(anonymous_0)
FN:46,(anonymous_1)
FN:79,(anonymous_2)
FN:84,(anonymous_3)
FNF:4
FNH:4
FNDA:1,(anonymous_0)
FNDA:1,(anonymous_1)
FNDA:3,(anonymous_2)
FNDA:3,(anonymous_3)
DA:1,7
DA:2,7
DA:4,7
DA:5,7
DA:6,7
DA:7,7
DA:8,7
DA:32,7
DA:36,1
DA:46,1
DA:47,1
DA:48,0
DA:49,0
DA:54,1
DA:79,7
DA:81,3
DA:85,3
DA:86,0
DA:87,0
DA:89,3
DA:90,1
DA:93,2
DA:99,2
LF:23
LH:19
BRDA:47,0,0,0
BRDA:47,0,1,1
BRDA:85,1,0,0
BRDA:85,1,1,3
BRDA:89,2,0,1
BRDA:89,2,1,2
BRF:6
BRH:4
end_of_record
TN:
SF:app\controllers\admin.controller.js
FN:55,(anonymous_0)
FN:72,(anonymous_1)
FN:93,(anonymous_2)
FN:109,(anonymous_3)
FN:148,(anonymous_4)
FN:150,(anonymous_5)
FN:187,(anonymous_6)
FN:298,(anonymous_7)
FN:346,(anonymous_8)
FNF:9
FNH:8
FNDA:5,(anonymous_0)
FNDA:5,(anonymous_1)
FNDA:3,(anonymous_2)
FNDA:3,(anonymous_3)
FNDA:1,(anonymous_4)
FNDA:1,(anonymous_5)
FNDA:1,(anonymous_6)
FNDA:1,(anonymous_7)
FNDA:0,(anonymous_8)
DA:2,7
DA:3,7
DA:4,7
DA:5,7
DA:6,7
DA:7,7
DA:8,7
DA:9,7
DA:10,7
DA:55,7
DA:58,5
DA:59,5
DA:61,5
DA:72,5
DA:73,5
DA:74,0
DA:75,0
DA:77,5
DA:78,0
DA:80,5
DA:81,5
DA:82,1
DA:86,5
DA:87,1
DA:91,5
DA:92,3
DA:93,3
DA:95,3
DA:96,0
DA:97,0
DA:100,3
DA:107,3
DA:108,3
DA:110,3
DA:111,0
DA:112,0
DA:114,3
DA:115,3
DA:117,3
DA:148,7
DA:150,1
DA:151,1
DA:152,0
DA:153,0
DA:156,1
DA:187,7
DA:188,1
DA:189,1
DA:190,1
DA:191,1
DA:192,1
DA:193,1
DA:194,1
DA:195,1
DA:196,1
DA:197,1
DA:198,1
DA:199,1
DA:200,1
DA:201,1
DA:202,1
DA:204,1
DA:205,1
DA:207,1
DA:208,1
DA:211,1
DA:301,1
DA:302,1
DA:304,1
DA:305,1
DA:307,1
DA:308,1
DA:310,1
DA:311,1
DA:313,1
DA:314,1
DA:316,1
DA:317,1
DA:319,1
DA:320,1
DA:322,1
DA:323,1
DA:325,1
DA:326,1
DA:328,1
DA:329,1
DA:331,1
DA:332,1
DA:334,1
DA:335,1
DA:337,1
DA:338,1
DA:340,1
DA:341,1
DA:343,1
DA:347,0
LF:96
LH:86
BRDA:73,0,0,0
BRDA:73,0,1,5
BRDA:77,1,0,0
BRDA:77,1,1,5
BRDA:80,2,0,5
BRDA:80,2,1,0
BRDA:81,3,0,1
BRDA:81,3,1,4
BRDA:86,4,0,1
BRDA:86,4,1,4
BRDA:91,5,0,3
BRDA:91,5,1,2
BRDA:91,6,0,5
BRDA:91,6,1,4
BRDA:91,6,2,4
BRDA:95,7,0,0
BRDA:95,7,1,3
BRDA:110,8,0,0
BRDA:110,8,1,3
BRDA:114,9,0,3
BRDA:114,9,1,0
BRDA:151,10,0,0
BRDA:151,10,1,1
BRF:23
BRH:16
end_of_record
TN:
SF:app\controllers\auth.controller.js
FN:37,signup
FN:49,(anonymous_1)
FN:72,(anonymous_2)
FN:101,(anonymous_3)
FN:103,(anonymous_4)
FN:122,(anonymous_5)
FN:154,(anonymous_6)
FN:156,(anonymous_7)
FN:234,(anonymous_8)
FN:241,(anonymous_9)
FNF:10
FNH:10
FNDA:1,signup
FNDA:1,(anonymous_1)
FNDA:1,(anonymous_2)
FNDA:1,(anonymous_3)
FNDA:1,(anonymous_4)
FNDA:1,(anonymous_5)
FNDA:1,(anonymous_6)
FNDA:1,(anonymous_7)
FNDA:36,(anonymous_8)
FNDA:36,(anonymous_9)
DA:1,7
DA:2,7
DA:3,7
DA:4,7
DA:5,7
DA:6,7
DA:7,7
DA:8,7
DA:37,7
DA:40,1
DA:49,1
DA:50,1
DA:52,0
DA:53,0
DA:61,1
DA:79,1
DA:82,1
DA:83,1
DA:101,7
DA:102,1
DA:103,1
DA:104,1
DA:105,0
DA:106,0
DA:108,0
DA:111,1
DA:121,1
DA:122,1
DA:123,1
DA:124,1
DA:127,1
DA:128,1
DA:137,0
DA:154,7
DA:155,1
DA:156,1
DA:158,1
DA:159,1
DA:160,1
DA:162,0
DA:163,0
DA:168,0
DA:234,7
DA:236,36
DA:242,36
DA:243,0
DA:244,0
DA:246,36
DA:247,1
DA:249,35
DA:250,2
DA:252,33
DA:262,33
DA:263,2
DA:268,31
DA:274,31
DA:275,2
DA:280,29
LF:58
LH:47
BRDA:50,0,0,0
BRDA:50,0,1,1
BRDA:104,1,0,0
BRDA:104,1,1,1
BRDA:105,2,0,0
BRDA:105,2,1,0
BRDA:158,3,0,1
BRDA:158,3,1,0
BRDA:242,4,0,0
BRDA:242,4,1,36
BRDA:246,5,0,1
BRDA:246,5,1,35
BRDA:249,6,0,2
BRDA:249,6,1,33
BRDA:262,7,0,2
BRDA:262,7,1,31
BRDA:274,8,0,2
BRDA:274,8,1,29
BRF:18
BRH:12
end_of_record
TN:
SF:app\controllers\notifications.controller.js
FN:7,(anonymous_0)
FN:10,(anonymous_1)
FN:22,(anonymous_2)
FN:24,(anonymous_3)
FNF:4
FNH:4
FNDA:1,(anonymous_0)
FNDA:1,(anonymous_1)
FNDA:1,(anonymous_2)
FNDA:1,(anonymous_3)
DA:1,7
DA:2,7
DA:3,7
DA:4,7
DA:5,7
DA:7,7
DA:10,1
DA:11,1
DA:12,0
DA:13,0
DA:15,1
DA:17,1
DA:22,7
DA:24,1
DA:25,1
DA:26,0
DA:27,0
DA:29,1
DA:30,1
LF:19
LH:15
BRDA:11,0,0,0
BRDA:11,0,1,1
BRDA:15,1,0,1
BRDA:15,1,1,0
BRDA:25,2,0,0
BRDA:25,2,1,1
BRDA:29,3,0,1
BRDA:29,3,1,0
BRF:8
BRH:4
end_of_record
TN:
SF:app\controllers\search.controller.js
FN:5,(anonymous_0)
FN:21,(anonymous_1)
FN:50,(anonymous_2)
FNF:3
FNH:3
FNDA:2,(anonymous_0)
FNDA:3,(anonymous_1)
FNDA:2,(anonymous_2)
DA:1,7
DA:3,7
DA:5,7
DA:6,2
DA:7,1
DA:8,1
DA:9,1
DA:10,1
DA:14,1
DA:15,1
DA:16,1
DA:21,7
DA:22,3
DA:23,1
DA:24,1
DA:25,1
DA:27,0
DA:31,1
DA:35,2
DA:39,2
DA:41,2
DA:45,0
DA:50,7
DA:51,2
DA:54,2
DA:55,1
DA:66,1
LF:27
LH:25
BRDA:6,0,0,1
BRDA:6,0,1,1
BRDA:22,1,0,1
BRDA:22,1,1,2
BRDA:25,2,0,0
BRDA:25,2,1,1
BRDA:25,3,0,1
BRDA:25,3,1,1
BRDA:39,4,0,2
BRDA:39,4,1,0
BRDA:39,5,0,2
BRDA:39,5,1,2
BRDA:54,6,0,1
BRDA:54,6,1,1
BRF:14
BRH:12
end_of_record
TN:
SF:app\controllers\settings.controller.js
FN:35,(anonymous_0)
FN:44,(anonymous_1)
FN:92,(anonymous_2)
FN:106,(anonymous_3)
FN:206,(anonymous_4)
FN:208,(anonymous_5)
FN:250,(anonymous_6)
FN:258,(anonymous_7)
FN:290,(anonymous_8)
FN:292,(anonymous_9)
FN:313,(anonymous_10)
FN:315,(anonymous_11)
FNF:12
FNH:12
FNDA:3,(anonymous_0)
FNDA:3,(anonymous_1)
FNDA:2,(anonymous_2)
FNDA:2,(anonymous_3)
FNDA:1,(anonymous_4)
FNDA:1,(anonymous_5)
FNDA:2,(anonymous_6)
FNDA:2,(anonymous_7)
FNDA:1,(anonymous_8)
FNDA:1,(anonymous_9)
FNDA:1,(anonymous_10)
FNDA:1,(anonymous_11)
DA:1,7
DA:2,7
DA:3,7
DA:4,7
DA:5,7
DA:6,7
DA:7,7
DA:8,7
DA:9,7
DA:35,7
DA:37,3
DA:43,3
DA:45,3
DA:46,0
DA:47,0
DA:49,3
DA:50,0
DA:55,3
DA:59,3
DA:60,1
DA:62,2
DA:63,1
DA:65,1
DA:66,1
DA:67,1
DA:92,7
DA:95,2
DA:101,2
DA:102,2
DA:107,2
DA:108,0
DA:109,0
DA:111,2
DA:112,1
DA:113,1
DA:116,1
DA:117,1
DA:119,1
DA:206,7
DA:207,1
DA:208,1
DA:209,1
DA:210,1
DA:214,1
DA:217,1
DA:219,0
DA:220,0
DA:225,0
DA:250,7
DA:252,2
DA:257,2
DA:259,2
DA:260,0
DA:261,0
DA:263,2
DA:264,0
DA:267,2
DA:268,1
DA:270,1
DA:271,1
DA:272,1
DA:290,7
DA:292,1
DA:293,1
DA:294,0
DA:295,0
DA:297,1
DA:313,7
DA:315,1
DA:316,1
DA:317,0
DA:318,0
DA:320,1
DA:326,1
LF:74
LH:59
BRDA:45,0,0,0
BRDA:45,0,1,3
BRDA:49,1,0,0
BRDA:49,1,1,3
BRDA:59,2,0,1
BRDA:59,2,1,2
BRDA:62,3,0,1
BRDA:62,3,1,1
BRDA:107,4,0,0
BRDA:107,4,1,2
BRDA:111,5,0,1
BRDA:111,5,1,1
BRDA:209,6,0,1
BRDA:209,6,1,0
BRDA:259,7,0,0
BRDA:259,7,1,2
BRDA:263,8,0,0
BRDA:263,8,1,2
BRDA:267,9,0,1
BRDA:267,9,1,1
BRDA:293,10,0,0
BRDA:293,10,1,1
BRDA:316,11,0,0
BRDA:316,11,1,1
BRF:24
BRH:16
end_of_record
TN:
SF:app\controllers\tweets.controller.js
FN:66,(anonymous_0)
FN:78,(anonymous_1)
FN:88,(anonymous_2)
FN:89,(anonymous_3)
FN:120,(anonymous_4)
FN:148,(anonymous_5)
FN:151,(anonymous_6)
FN:154,(anonymous_7)
FN:184,(anonymous_8)
FN:192,(anonymous_9)
FN:200,(anonymous_10)
FN:206,(anonymous_11)
FN:210,(anonymous_12)
FN:217,(anonymous_13)
FN:227,(anonymous_14)
FN:230,(anonymous_15)
FN:237,(anonymous_16)
FN:251,(anonymous_17)
FN:274,(anonymous_18)
FN:278,(anonymous_19)
FN:284,(anonymous_20)
FN:286,(anonymous_21)
FN:309,(anonymous_22)
FN:313,(anonymous_23)
FN:322,(anonymous_24)
FN:333,(anonymous_25)
FN:338,(anonymous_26)
FN:345,(anonymous_27)
FN:367,(anonymous_28)
FN:371,(anonymous_29)
FN:380,(anonymous_30)
FN:391,(anonymous_31)
FN:396,(anonymous_32)
FN:403,(anonymous_33)
FN:427,(anonymous_34)
FN:430,(anonymous_35)
FNF:36
FNH:16
FNDA:3,(anonymous_0)
FNDA:2,(anonymous_1)
FNDA:1,(anonymous_2)
FNDA:1,(anonymous_3)
FNDA:0,(anonymous_4)
FNDA:0,(anonymous_5)
FNDA:0,(anonymous_6)
FNDA:0,(anonymous_7)
FNDA:0,(anonymous_8)
FNDA:3,(anonymous_9)
FNDA:3,(anonymous_10)
FNDA:2,(anonymous_11)
FNDA:2,(anonymous_12)
FNDA:2,(anonymous_13)
FNDA:2,(anonymous_14)
FNDA:2,(anonymous_15)
FNDA:2,(anonymous_16)
FNDA:0,(anonymous_17)
FNDA:2,(anonymous_18)
FNDA:2,(anonymous_19)
FNDA:1,(anonymous_20)
FNDA:1,(anonymous_21)
FNDA:0,(anonymous_22)
FNDA:0,(anonymous_23)
FNDA:0,(anonymous_24)
FNDA:0,(anonymous_25)
FNDA:0,(anonymous_26)
FNDA:0,(anonymous_27)
FNDA:0,(anonymous_28)
FNDA:0,(anonymous_29)
FNDA:0,(anonymous_30)
FNDA:0,(anonymous_31)
FNDA:0,(anonymous_32)
FNDA:0,(anonymous_33)
FNDA:0,(anonymous_34)
FNDA:0,(anonymous_35)
DA:2,7
DA:3,7
DA:4,7
DA:5,7
DA:6,7
DA:7,7
DA:8,7
DA:9,7
DA:10,7
DA:11,7
DA:12,7
DA:13,7
DA:19,7
DA:66,7
DA:68,3
DA:76,3
DA:78,2
DA:79,2
DA:80,0
DA:82,2
DA:83,1
DA:85,2
DA:87,1
DA:89,1
DA:98,1
DA:99,1
DA:100,1
DA:101,0
DA:110,0
DA:111,0
DA:117,1
DA:122,0
DA:127,1
DA:148,7
DA:149,0
DA:150,0
DA:151,0
DA:152,0
DA:154,0
DA:155,0
DA:156,0
DA:159,0
DA:160,0
DA:161,0
DA:162,0
DA:163,0
DA:167,0
DA:184,7
DA:192,7
DA:193,3
DA:194,3
DA:200,3
DA:201,3
DA:202,0
DA:204,3
DA:206,2
DA:207,2
DA:210,2
DA:211,2
DA:212,0
DA:215,2
DA:217,2
DA:218,2
DA:219,2
DA:226,2
DA:227,2
DA:228,2
DA:229,2
DA:230,2
DA:231,2
DA:232,2
DA:237,2
DA:238,2
DA:240,0
DA:249,0
DA:250,0
DA:252,0
DA:253,0
DA:254,0
DA:256,0
DA:257,0
DA:262,2
DA:266,1
DA:274,7
DA:275,2
DA:276,2
DA:278,2
DA:279,2
DA:280,0
DA:283,2
DA:284,1
DA:285,1
DA:286,1
DA:287,1
DA:288,0
DA:290,1
DA:292,1
DA:293,1
DA:294,1
DA:303,1
DA:309,7
DA:310,0
DA:311,0
DA:313,0
DA:314,0
DA:315,0
DA:317,0
DA:322,0
DA:323,0
DA:324,0
DA:326,0
DA:327,0
DA:328,0
DA:333,0
DA:334,0
DA:335,0
DA:337,0
DA:338,0
DA:339,0
DA:340,0
DA:344,0
DA:345,0
DA:347,0
DA:349,0
DA:362,0
DA:367,7
DA:368,0
DA:369,0
DA:371,0
DA:372,0
DA:373,0
DA:375,0
DA:380,0
DA:381,0
DA:382,0
DA:384,0
DA:385,0
DA:391,0
DA:392,0
DA:393,0
DA:395,0
DA:396,0
DA:397,0
DA:398,0
DA:402,0
DA:403,0
DA:405,0
DA:407,0
DA:421,0
DA:427,7
DA:428,0
DA:429,0
DA:430,0
DA:431,0
DA:432,0
DA:434,0
DA:435,0
DA:437,0
DA:438,0
LF:159
LH:73
BRDA:76,0,0,2
BRDA:76,0,1,1
BRDA:79,1,0,0
BRDA:79,1,1,2
BRDA:82,2,0,1
BRDA:82,2,1,1
BRDA:85,3,0,1
BRDA:85,3,1,1
BRDA:100,4,0,0
BRDA:100,4,1,1
BRDA:152,5,0,0
BRDA:152,5,1,0
BRDA:155,6,0,0
BRDA:155,6,1,0
BRDA:201,7,0,0
BRDA:201,7,1,3
BRDA:204,8,0,2
BRDA:204,8,1,1
BRDA:207,9,0,2
BRDA:207,9,1,0
BRDA:211,10,0,0
BRDA:211,10,1,2
BRDA:215,11,0,2
BRDA:215,11,1,0
BRDA:218,12,0,2
BRDA:218,12,1,0
BRDA:232,13,0,0
BRDA:232,13,1,2
BRDA:238,14,0,0
BRDA:238,14,1,2
BRDA:244,15,0,0
BRDA:244,15,1,0
BRDA:252,16,0,0
BRDA:252,16,1,0
BRDA:256,17,0,0
BRDA:256,17,1,0
BRDA:279,18,0,0
BRDA:279,18,1,2
BRDA:283,19,0,1
BRDA:283,19,1,1
BRDA:285,20,0,1
BRDA:285,20,1,0
BRDA:287,21,0,0
BRDA:287,21,1,1
BRDA:290,22,0,1
BRDA:290,22,1,0
BRDA:314,23,0,0
BRDA:314,23,1,0
BRDA:317,24,0,0
BRDA:317,24,1,0
BRDA:323,25,0,0
BRDA:323,25,1,0
BRDA:326,26,0,0
BRDA:326,26,1,0
BRDA:334,27,0,0
BRDA:334,27,1,0
BRDA:337,28,0,0
BRDA:337,28,1,0
BRDA:339,29,0,0
BRDA:339,29,1,0
BRDA:344,30,0,0
BRDA:344,30,1,0
BRDA:372,31,0,0
BRDA:372,31,1,0
BRDA:375,32,0,0
BRDA:375,32,1,0
BRDA:381,33,0,0
BRDA:381,33,1,0
BRDA:384,34,0,0
BRDA:384,34,1,0
BRDA:392,35,0,0
BRDA:392,35,1,0
BRDA:395,36,0,0
BRDA:395,36,1,0
BRDA:397,37,0,0
BRDA:397,37,1,0
BRDA:402,38,0,0
BRDA:402,38,1,0
BRDA:431,39,0,0
BRDA:431,39,1,0
BRDA:434,40,0,0
BRDA:434,40,1,0
BRDA:437,41,0,0
BRDA:437,41,1,0
BRF:84
BRH:23
end_of_record
TN:
SF:app\controllers\user.controller.js
FN:7,(anonymous_0)
FN:11,(anonymous_1)
FN:19,(anonymous_2)
FN:41,(anonymous_3)
FN:66,(anonymous_4)
FN:82,(anonymous_5)
FN:97,(anonymous_6)
FN:112,(anonymous_7)
FN:136,(anonymous_8)
FN:151,(anonymous_9)
FN:189,(anonymous_10)
FN:258,(anonymous_11)
FN:297,(anonymous_12)
FN:318,(anonymous_13)
FN:333,(anonymous_14)
FN:348,(anonymous_15)
FN:363,(anonymous_16)
FN:378,(anonymous_17)
FNF:18
FNH:0
FNDA:0,(anonymous_0)
FNDA:0,(anonymous_1)
FNDA:0,(anonymous_2)
FNDA:0,(anonymous_3)
FNDA:0,(anonymous_4)
FNDA:0,(anonymous_5)
FNDA:0,(anonymous_6)
FNDA:0,(anonymous_7)
FNDA:0,(anonymous_8)
FNDA:0,(anonymous_9)
FNDA:0,(anonymous_10)
FNDA:0,(anonymous_11)
FNDA:0,(anonymous_12)
FNDA:0,(anonymous_13)
FNDA:0,(anonymous_14)
FNDA:0,(anonymous_15)
FNDA:0,(anonymous_16)
FNDA:0,(anonymous_17)
DA:2,7
DA:3,7
DA:4,7
DA:5,7
DA:6,7
DA:7,7
DA:8,0
DA:11,7
DA:12,0
DA:13,0
DA:14,0
DA:16,0
DA:19,7
DA:20,0
DA:22,0
DA:24,0
DA:25,0
DA:26,0
DA:28,0
DA:31,0
DA:32,0
DA:34,0
DA:41,7
DA:42,0
DA:43,0
DA:44,0
DA:46,0
DA:47,0
DA:48,0
DA:49,0
DA:50,0
DA:51,0
DA:54,0
DA:55,0
DA:58,0
DA:61,0
DA:62,0
DA:66,7
DA:67,0
DA:68,0
DA:69,0
DA:70,0
DA:71,0
DA:72,0
DA:73,0
DA:74,0
DA:75,0
DA:78,0
DA:82,7
DA:83,0
DA:84,0
DA:85,0
DA:86,0
DA:87,0
DA:88,0
DA:89,0
DA:91,0
DA:94,0
DA:97,7
DA:98,0
DA:99,0
DA:100,0
DA:101,0
DA:102,0
DA:103,0
DA:104,0
DA:105,0
DA:106,0
DA:109,0
DA:112,7
DA:113,0
DA:114,0
DA:115,0
DA:116,0
DA:117,0
DA:118,0
DA:119,0
DA:120,0
DA:122,0
DA:127,0
DA:132,0
DA:133,0
DA:136,7
DA:137,0
DA:138,0
DA:139,0
DA:140,0
DA:141,0
DA:142,0
DA:143,0
DA:144,0
DA:145,0
DA:148,0
DA:151,7
DA:152,0
DA:153,0
DA:154,0
DA:155,0
DA:156,0
DA:157,0
DA:158,0
DA:159,0
DA:160,0
DA:181,0
DA:182,0
DA:185,0
DA:186,0
DA:189,7
DA:190,0
DA:191,0
DA:192,0
DA:193,0
DA:194,0
DA:195,0
DA:196,0
DA:197,0
DA:198,0
DA:199,0
DA:201,0
DA:202,0
DA:203,0
DA:204,0
DA:207,0
DA:208,0
DA:211,0
DA:212,0
DA:231,0
DA:232,0
DA:233,0
DA:252,0
DA:253,0
DA:254,0
DA:255,0
DA:258,7
DA:259,0
DA:260,0
DA:261,0
DA:262,0
DA:263,0
DA:264,0
DA:265,0
DA:266,0
DA:267,0
DA:268,0
DA:269,0
DA:270,0
DA:271,0
DA:273,0
DA:274,0
DA:277,0
DA:278,0
DA:280,0
DA:281,0
DA:282,0
DA:283,0
DA:284,0
DA:287,0
DA:288,0
DA:289,0
DA:293,0
DA:294,0
DA:297,7
DA:298,0
DA:299,0
DA:300,0
DA:301,0
DA:302,0
DA:303,0
DA:304,0
DA:305,0
DA:306,0
DA:307,0
DA:308,0
DA:311,0
DA:312,0
DA:313,0
DA:318,7
DA:319,0
DA:320,0
DA:321,0
DA:322,0
DA:323,0
DA:324,0
DA:327,0
DA:328,0
DA:333,7
DA:334,0
DA:335,0
DA:336,0
DA:337,0
DA:338,0
DA:339,0
DA:340,0
DA:342,0
DA:345,0
DA:348,7
DA:349,0
DA:350,0
DA:351,0
DA:352,0
DA:353,0
DA:354,0
DA:355,0
DA:356,0
DA:357,0
DA:360,0
DA:363,7
DA:365,0
DA:366,0
DA:367,0
DA:368,0
DA:369,0
DA:370,0
DA:373,0
DA:374,0
DA:378,7
DA:379,0
DA:380,0
DA:381,0
DA:382,0
DA:383,0
DA:384,0
DA:385,0
DA:387,0
DA:388,0
DA:391,0
DA:392,0
LF:227
LH:23
BRDA:13,0,0,0
BRDA:13,0,1,0
BRDA:26,1,0,0
BRDA:26,1,1,0
BRDA:31,2,0,0
BRDA:31,2,1,0
BRDA:44,3,0,0
BRDA:44,3,1,0
BRDA:50,4,0,0
BRDA:50,4,1,0
BRDA:54,5,0,0
BRDA:54,5,1,0
BRDA:61,6,0,0
BRDA:61,6,1,0
BRDA:73,7,0,0
BRDA:73,7,1,0
BRDA:89,8,0,0
BRDA:89,8,1,0
BRDA:104,9,0,0
BRDA:104,9,1,0
BRDA:120,10,0,0
BRDA:120,10,1,0
BRDA:143,11,0,0
BRDA:143,11,1,0
BRDA:158,12,0,0
BRDA:158,12,1,0
BRDA:158,13,0,0
BRDA:158,13,1,0
BRDA:181,14,0,0
BRDA:181,14,1,0
BRDA:195,15,0,0
BRDA:195,15,1,0
BRDA:195,16,0,0
BRDA:195,16,1,0
BRDA:195,16,2,0
BRDA:201,17,0,0
BRDA:201,17,1,0
BRDA:201,18,0,0
BRDA:201,18,1,0
BRDA:201,18,2,0
BRDA:207,19,0,0
BRDA:207,19,1,0
BRDA:261,20,0,0
BRDA:261,20,1,0
BRDA:267,21,0,0
BRDA:267,21,1,0
BRDA:267,22,0,0
BRDA:267,22,1,0
BRDA:267,22,2,0
BRDA:273,23,0,0
BRDA:273,23,1,0
BRDA:280,24,0,0
BRDA:280,24,1,0
BRDA:280,25,0,0
BRDA:280,25,1,0
BRDA:280,25,2,0
BRDA:287,26,0,0
BRDA:287,26,1,0
BRDA:303,27,0,0
BRDA:303,27,1,0
BRDA:303,28,0,0
BRDA:303,28,1,0
BRDA:311,29,0,0
BRDA:311,29,1,0
BRDA:320,30,0,0
BRDA:320,30,1,0
BRDA:340,31,0,0
BRDA:340,31,1,0
BRDA:355,32,0,0
BRDA:355,32,1,0
BRDA:366,33,0,0
BRDA:366,33,1,0
BRDA:381,34,0,0
BRDA:381,34,1,0
BRF:74
BRH:0
end_of_record
TN:
SF:app\middleware\authJwt.js
FN:8,(anonymous_0)
FN:13,(anonymous_1)
FN:26,(anonymous_2)
FN:28,(anonymous_3)
FN:53,(anonymous_4)
FN:56,(anonymous_5)
FN:82,(anonymous_6)
FN:99,(anonymous_7)
FN:101,(anonymous_8)
FN:124,(anonymous_9)
FNF:10
FNH:10
FNDA:34,(anonymous_0)
FNDA:33,(anonymous_1)
FNDA:14,(anonymous_2)
FNDA:14,(anonymous_3)
FNDA:4,(anonymous_4)
FNDA:4,(anonymous_5)
FNDA:3,(anonymous_6)
FNDA:8,(anonymous_7)
FNDA:8,(anonymous_8)
FNDA:1,(anonymous_9)
DA:1,7
DA:2,7
DA:3,7
DA:4,7
DA:6,7
DA:8,7
DA:9,34
DA:10,34
DA:11,1
DA:13,33
DA:14,33
DA:15,0
DA:16,0
DA:18,0
DA:20,33
DA:21,33
DA:26,7
DA:28,14
DA:29,14
DA:30,0
DA:31,0
DA:39,14
DA:40,14
DA:41,4
DA:45,10
DA:53,7
DA:56,4
DA:57,4
DA:58,0
DA:59,0
DA:62,4
DA:65,4
DA:66,1
DA:67,1
DA:68,1
DA:69,1
DA:71,1
DA:73,1
DA:74,1
DA:75,1
DA:76,1
DA:80,4
DA:81,3
DA:82,3
DA:83,3
DA:84,0
DA:85,0
DA:87,3
DA:92,4
DA:93,0
DA:99,7
DA:101,8
DA:102,8
DA:103,1
DA:104,1
DA:106,7
DA:107,6
DA:108,2
DA:109,2
DA:110,2
DA:111,2
DA:113,2
DA:115,1
DA:116,1
DA:117,1
DA:118,1
DA:122,2
DA:123,1
DA:124,1
DA:125,1
DA:126,0
DA:127,0
DA:129,1
DA:133,6
DA:134,4
DA:137,7
DA:138,1
DA:146,7
DA:152,7
LF:79
LH:67
BRDA:10,0,0,1
BRDA:10,0,1,33
BRDA:14,1,0,0
BRDA:14,1,1,33
BRDA:15,2,0,0
BRDA:15,2,1,0
BRDA:29,3,0,0
BRDA:29,3,1,14
BRDA:39,4,0,14
BRDA:39,4,1,0
BRDA:40,5,0,4
BRDA:40,5,1,10
BRDA:57,6,0,0
BRDA:57,6,1,4
BRDA:62,7,0,4
BRDA:62,7,1,0
BRDA:65,8,0,1
BRDA:65,8,1,3
BRDA:71,9,0,1
BRDA:71,9,1,0
BRDA:80,10,0,3
BRDA:80,10,1,1
BRDA:80,11,0,4
BRDA:80,11,1,1
BRDA:83,12,0,0
BRDA:83,12,1,3
BRDA:92,13,0,0
BRDA:92,13,1,4
BRDA:102,14,0,1
BRDA:102,14,1,7
BRDA:106,15,0,6
BRDA:106,15,1,1
BRDA:107,16,0,2
BRDA:107,16,1,4
BRDA:113,17,0,1
BRDA:113,17,1,1
BRDA:122,18,0,1
BRDA:122,18,1,1
BRDA:125,19,0,0
BRDA:125,19,1,1
BRDA:133,20,0,4
BRDA:133,20,1,2
BRDA:137,21,0,1
BRDA:137,21,1,6
BRF:44
BRH:33
end_of_record
TN:
SF:app\middleware\index.js
FNF:0
FNH:0
DA:1,7
DA:2,7
DA:3,7
LF:3
LH:3
BRF:0
BRH:0
end_of_record
TN:
SF:app\middleware\verifySignUp.js
FN:4,(anonymous_0)
FN:9,(anonymous_1)
FN:21,(anonymous_2)
FN:35,(anonymous_3)
FN:45,(anonymous_4)
FN:54,(anonymous_5)
FN:59,(anonymous_6)
FNF:7
FNH:7
FNDA:8,(anonymous_0)
FNDA:8,(anonymous_1)
FNDA:6,(anonymous_2)
FNDA:8,(anonymous_3)
FNDA:3,(anonymous_4)
FNDA:4,(anonymous_5)
FNDA:4,(anonymous_6)
DA:1,7
DA:2,7
DA:4,7
DA:7,8
DA:10,8
DA:11,0
DA:12,0
DA:14,8
DA:15,2
DA:16,2
DA:19,6
DA:22,6
DA:23,0
DA:24,0
DA:26,6
DA:27,2
DA:28,2
DA:30,4
DA:35,7
DA:36,8
DA:37,8
DA:38,8
DA:39,2
DA:40,2
DA:42,6
DA:45,7
DA:46,3
DA:47,3
DA:48,3
DA:49,1
DA:50,1
DA:52,2
DA:54,7
DA:57,4
DA:60,4
DA:61,0
DA:62,0
DA:64,4
DA:65,1
DA:66,1
DA:68,3
DA:73,7
DA:79,7
LF:43
LH:37
BRDA:10,0,0,0
BRDA:10,0,1,8
BRDA:14,1,0,2
BRDA:14,1,1,6
BRDA:22,2,0,0
BRDA:22,2,1,6
BRDA:26,3,0,2
BRDA:26,3,1,4
BRDA:38,4,0,2
BRDA:38,4,1,6
BRDA:48,5,0,1
BRDA:48,5,1,2
BRDA:60,6,0,0
BRDA:60,6,1,4
BRDA:64,7,0,1
BRDA:64,7,1,3
BRF:16
BRH:13
end_of_record
TN:
SF:app\models\index.js
FNF:0
FNH:0
DA:1,7
DA:2,7
DA:3,7
DA:4,7
DA:5,7
DA:6,7
DA:7,7
DA:8,7
DA:10,7
LF:9
LH:9
BRF:0
BRH:0
end_of_record
TN:
SF:app\models\notification.model.js
FN:42,(anonymous_0)
FNF:1
FNH:1
FNDA:3,(anonymous_0)
DA:1,7
DA:2,7
DA:3,7
DA:4,7
DA:5,7
DA:8,7
DA:42,7
DA:43,3
DA:44,3
DA:47,7
LF:10
LH:10
BRF:0
BRH:0
end_of_record
TN:
SF:app\models\relations.model.js
FNF:0
FNH:0
DA:1,7
DA:2,7
DA:3,7
DA:5,7
DA:68,7
LF:5
LH:5
BRF:0
BRH:0
end_of_record
TN:
SF:app\models\tweet.model.js
FN:79,(anonymous_0)
FNF:1
FNH:1
FNDA:9,(anonymous_0)
DA:1,7
DA:2,7
DA:3,7
DA:4,7
DA:6,7
DA:79,7
DA:80,9
DA:81,9
DA:83,7
LF:9
LH:9
BRF:0
BRH:0
end_of_record
TN:
SF:app\models\user.model.js
FN:119,(anonymous_0)
FNF:1
FNH:1
FNDA:51,(anonymous_0)
DA:1,7
DA:2,7
DA:3,7
DA:5,7
DA:119,7
DA:120,51
DA:121,51
DA:122,51
DA:125,7
LF:9
LH:9
BRF:0
BRH:0
end_of_record
TN:
SF:app\routes\OAuth.routes.js
FN:4,(anonymous_0)
FN:6,(anonymous_1)
FNF:2
FNH:2
FNDA:7,(anonymous_0)
FNDA:50,(anonymous_1)
DA:1,7
DA:2,7
DA:4,7
DA:6,7
DA:7,50
DA:11,50
DA:14,7
DA:15,7
LF:8
LH:8
BRF:0
BRH:0
end_of_record
TN:
SF:app\routes\admin.routes.js
FN:4,(anonymous_0)
FN:6,(anonymous_1)
FNF:2
FNH:2
FNDA:7,(anonymous_0)
FNDA:26,(anonymous_1)
DA:1,7
DA:3,7
DA:4,7
DA:6,7
DA:7,26
DA:11,26
DA:15,7
DA:16,7
LF:8
LH:8
BRF:0
BRH:0
end_of_record
TN:
SF:app\routes\adminBlock.routes.js
FN:4,(anonymous_0)
FN:6,(anonymous_1)
FNF:2
FNH:2
FNDA:7,(anonymous_0)
FNDA:22,(anonymous_1)
DA:1,7
DA:2,7
DA:4,7
DA:6,7
DA:7,22
DA:11,22
DA:14,7
LF:7
LH:7
BRF:0
BRH:0
end_of_record
TN:
SF:app\routes\auth.routes.js
FN:4,(anonymous_0)
FN:6,(anonymous_1)
FNF:2
FNH:2
FNDA:7,(anonymous_0)
FNDA:92,(anonymous_1)
DA:1,7
DA:2,7
DA:4,7
DA:6,7
DA:7,92
DA:11,92
DA:14,7
DA:15,7
DA:16,7
DA:17,7
LF:10
LH:10
BRF:0
BRH:0
end_of_record
TN:
SF:app\routes\notifications.routes.js
FN:4,(anonymous_0)
FN:6,(anonymous_1)
FNF:2
FNH:2
FNDA:7,(anonymous_0)
FNDA:2,(anonymous_1)
DA:1,7
DA:3,7
DA:4,7
DA:6,7
DA:7,2
DA:11,2
DA:13,7
DA:14,7
LF:8
LH:8
BRF:0
BRH:0
end_of_record
TN:
SF:app\routes\search.routes.js
FN:4,(anonymous_0)
FN:6,(anonymous_1)
FNF:2
FNH:2
FNDA:7,(anonymous_0)
FNDA:33,(anonymous_1)
DA:1,7
DA:2,7
DA:4,7
DA:6,7
DA:7,33
DA:11,33
DA:13,7
DA:14,7
DA:15,7
LF:9
LH:9
BRF:0
BRH:0
end_of_record
TN:
SF:app\routes\settings.routes.js
FN:4,(anonymous_0)
FN:6,(anonymous_1)
FNF:2
FNH:2
FNDA:7,(anonymous_0)
FNDA:44,(anonymous_1)
DA:1,7
DA:2,7
DA:4,7
DA:6,7
DA:7,44
DA:11,44
DA:14,7
DA:15,7
DA:16,7
DA:18,7
DA:19,7
DA:20,7
LF:12
LH:12
BRF:0
BRH:0
end_of_record
TN:
SF:app\routes\tweets.routes.js
FN:4,(anonymous_0)
FN:6,(anonymous_1)
FNF:2
FNH:2
FNDA:7,(anonymous_0)
FNDA:12,(anonymous_1)
DA:1,7
DA:2,7
DA:4,7
DA:6,7
DA:7,12
DA:11,12
DA:15,7
DA:16,7
DA:17,7
DA:18,7
DA:19,7
DA:20,7
DA:21,7
DA:22,7
LF:14
LH:14
BRF:0
BRH:0
end_of_record
TN:
SF:app\routes\user.routes.js
FN:3,(anonymous_0)
FN:4,(anonymous_1)
FNF:2
FNH:2
FNDA:7,(anonymous_0)
FNDA:50,(anonymous_1)
DA:1,7
DA:2,7
DA:3,7
DA:4,7
DA:5,50
DA:9,50
DA:12,7
DA:13,7
DA:14,7
DA:15,7
DA:16,7
DA:17,7
DA:18,7
DA:19,7
DA:20,7
DA:21,7
DA:22,7
DA:23,7
DA:24,7
DA:25,7
LF:20
LH:20
BRF:0
BRH:0
end_of_record
TN:
SF:app\utils\email.js
FN:5,(anonymous_0)
FN:17,(anonymous_1)
FNF:2
FNH:1
FNDA:3,(anonymous_0)
FNDA:0,(anonymous_1)
DA:1,7
DA:2,7
DA:3,7
DA:5,7
DA:6,3
DA:8,3
DA:17,3
DA:27,3
DA:35,0
DA:36,0
DA:40,7
LF:11
LH:9
BRF:0
BRH:0
end_of_record
TN:
SF:app\utils\search.js
FN:7,(anonymous_0)
FN:14,(anonymous_1)
FN:20,(anonymous_2)
FN:26,(anonymous_3)
FNF:4
FNH:4
FNDA:3,(anonymous_0)
FNDA:2,(anonymous_1)
FNDA:3,(anonymous_2)
FNDA:1,(anonymous_3)
DA:2,7
DA:3,7
DA:4,7
DA:5,7
DA:7,7
DA:8,3
DA:9,3
DA:10,3
DA:14,7
DA:15,2
DA:16,2
DA:17,2
DA:20,7
DA:21,3
DA:22,3
DA:23,3
DA:26,7
DA:27,1
DA:28,1
LF:19
LH:19
BRF:0
BRH:0
end_of_record
TN:
SF:app\utils\user.js
FN:7,(anonymous_0)
FNF:1
FNH:1
FNDA:1,(anonymous_0)
DA:1,7
DA:2,7
DA:3,7
DA:4,7
DA:5,7
DA:6,7
DA:7,7
DA:9,1
DA:10,1
DA:11,1
DA:13,1
DA:15,1
DA:16,0
DA:18,0
DA:20,0
DA:24,1
DA:26,0
DA:27,0
LF:18
LH:13
BRDA:11,0,0,1
BRDA:11,0,1,0
BRDA:13,1,0,1
BRDA:13,1,1,0
BRDA:18,2,0,0
BRDA:18,2,1,0
BRDA:26,3,0,0
BRDA:26,3,1,0
BRF:8
BRH:2
end_of_record
