TN:
SF:app.js
FN:35,(anonymous_0)
FN:38,(anonymous_1)
FN:45,(anonymous_2)
FNF:3
FNH:0
FNDA:0,(anonymous_0)
FNDA:0,(anonymous_1)
FNDA:0,(anonymous_2)
DA:1,1
DA:2,1
DA:3,1
DA:4,1
DA:5,1
DA:6,1
DA:12,1
DA:13,1
DA:15,1
DA:19,1
DA:20,1
DA:21,1
DA:23,1
DA:25,1
DA:28,0
DA:36,0
DA:39,0
DA:40,0
DA:45,1
DA:46,0
DA:50,1
DA:51,1
DA:52,1
DA:53,1
DA:54,1
DA:55,1
DA:56,1
DA:57,1
DA:62,1
LF:29
LH:24
BRDA:25,0,0,0
BRDA:25,0,1,1
BRF:2
BRH:1
end_of_record
TN:
SF:app\config\auth.config.js
FNF:0
FNH:0
DA:1,1
LF:1
LH:1
BRF:0
BRH:0
end_of_record
TN:
SF:app\config\email.config.js
FNF:0
FNH:0
DA:2,1
DA:3,1
DA:4,1
DA:5,1
DA:6,1
LF:5
LH:5
BRF:0
BRH:0
end_of_record
TN:
SF:app\controllers\OAuth.controller.js
FN:32,(anonymous_0)
FN:46,(anonymous_1)
FN:79,(anonymous_2)
FN:84,(anonymous_3)
FNF:4
FNH:0
FNDA:0,(anonymous_0)
FNDA:0,(anonymous_1)
FNDA:0,(anonymous_2)
FNDA:0,(anonymous_3)
DA:1,1
DA:2,1
DA:4,1
DA:5,1
DA:6,1
DA:7,1
DA:8,1
DA:32,1
DA:36,0
DA:46,0
DA:47,0
DA:48,0
DA:49,0
DA:54,0
DA:79,1
DA:81,0
DA:85,0
DA:86,0
DA:87,0
DA:89,0
DA:90,0
DA:93,0
DA:99,0
LF:23
LH:9
BRDA:47,0,0,0
BRDA:47,0,1,0
BRDA:85,1,0,0
BRDA:85,1,1,0
BRDA:89,2,0,0
BRDA:89,2,1,0
BRF:6
BRH:0
end_of_record
TN:
SF:app\controllers\admin.controller.js
FN:14,(anonymous_0)
FN:20,(anonymous_1)
FN:35,(anonymous_2)
FN:60,(anonymous_3)
FN:62,(anonymous_4)
FN:76,(anonymous_5)
FN:185,(anonymous_6)
FN:230,(anonymous_7)
FNF:8
FNH:0
FNDA:0,(anonymous_0)
FNDA:0,(anonymous_1)
FNDA:0,(anonymous_2)
FNDA:0,(anonymous_3)
FNDA:0,(anonymous_4)
FNDA:0,(anonymous_5)
FNDA:0,(anonymous_6)
FNDA:0,(anonymous_7)
DA:2,1
DA:3,1
DA:4,1
DA:5,1
DA:6,1
DA:8,1
DA:9,1
DA:14,1
DA:17,0
DA:18,0
DA:20,0
DA:21,0
DA:22,0
DA:23,0
DA:25,0
DA:26,0
DA:28,0
DA:29,0
DA:30,0
DA:34,0
DA:35,0
DA:37,0
DA:38,0
DA:39,0
DA:41,0
DA:60,1
DA:62,0
DA:63,0
DA:64,0
DA:65,0
DA:68,0
DA:76,1
DA:77,0
DA:78,0
DA:79,0
DA:80,0
DA:81,0
DA:82,0
DA:83,0
DA:84,0
DA:85,0
DA:86,0
DA:87,0
DA:88,0
DA:89,0
DA:90,0
DA:93,0
DA:94,0
DA:96,0
DA:97,0
DA:100,0
DA:188,0
DA:189,0
DA:191,0
DA:192,0
DA:194,0
DA:195,0
DA:197,0
DA:198,0
DA:200,0
DA:201,0
DA:203,0
DA:204,0
DA:206,0
DA:207,0
DA:209,0
DA:210,0
DA:212,0
DA:213,0
DA:215,0
DA:216,0
DA:218,0
DA:219,0
DA:221,0
DA:222,0
DA:224,0
DA:225,0
DA:227,0
DA:231,0
LF:79
LH:10
BRDA:21,0,0,0
BRDA:21,0,1,0
BRDA:25,1,0,0
BRDA:25,1,1,0
BRDA:28,2,0,0
BRDA:28,2,1,0
BRDA:29,3,0,0
BRDA:29,3,1,0
BRDA:34,4,0,0
BRDA:34,4,1,0
BRDA:34,5,0,0
BRDA:34,5,1,0
BRDA:37,6,0,0
BRDA:37,6,1,0
BRDA:63,7,0,0
BRDA:63,7,1,0
BRF:16
BRH:0
end_of_record
TN:
SF:app\controllers\auth.controller.js
FN:37,signup
FN:49,(anonymous_1)
FN:72,(anonymous_2)
FN:101,(anonymous_3)
FN:103,(anonymous_4)
FN:122,(anonymous_5)
FN:154,(anonymous_6)
FN:156,(anonymous_7)
FN:234,(anonymous_8)
FN:241,(anonymous_9)
FNF:10
FNH:2
FNDA:0,signup
FNDA:0,(anonymous_1)
FNDA:0,(anonymous_2)
FNDA:0,(anonymous_3)
FNDA:0,(anonymous_4)
FNDA:0,(anonymous_5)
FNDA:0,(anonymous_6)
FNDA:0,(anonymous_7)
FNDA:9,(anonymous_8)
FNDA:9,(anonymous_9)
DA:1,1
DA:2,1
DA:3,1
DA:4,1
DA:5,1
DA:6,1
DA:7,1
DA:8,1
DA:37,1
DA:40,0
DA:49,0
DA:50,0
DA:52,0
DA:53,0
DA:61,0
DA:79,0
DA:82,0
DA:83,0
DA:101,1
DA:102,0
DA:103,0
DA:104,0
DA:105,0
DA:106,0
DA:108,0
DA:111,0
DA:121,0
DA:122,0
DA:123,0
DA:124,0
DA:127,0
DA:128,0
DA:137,0
DA:154,1
DA:155,0
DA:156,0
DA:158,0
DA:159,0
DA:160,0
DA:162,0
DA:163,0
DA:168,0
DA:234,1
DA:236,9
DA:242,9
DA:243,0
DA:244,0
DA:246,9
DA:247,0
DA:249,9
DA:250,0
DA:252,9
DA:262,9
DA:263,0
DA:268,9
DA:274,9
DA:275,0
DA:280,9
LF:58
LH:21
BRDA:50,0,0,0
BRDA:50,0,1,0
BRDA:104,1,0,0
BRDA:104,1,1,0
BRDA:105,2,0,0
BRDA:105,2,1,0
BRDA:158,3,0,0
BRDA:158,3,1,0
BRDA:242,4,0,0
BRDA:242,4,1,9
BRDA:246,5,0,0
BRDA:246,5,1,9
BRDA:249,6,0,0
BRDA:249,6,1,9
BRDA:262,7,0,0
BRDA:262,7,1,9
BRDA:274,8,0,0
BRDA:274,8,1,9
BRF:18
BRH:5
end_of_record
TN:
SF:app\controllers\search.controller.js
FN:4,(anonymous_0)
FNF:1
FNH:0
FNDA:0,(anonymous_0)
DA:1,1
DA:2,1
DA:4,1
DA:5,0
DA:7,0
DA:8,0
LF:6
LH:3
BRF:0
BRH:0
end_of_record
TN:
SF:app\controllers\settings.controller.js
FN:35,(anonymous_0)
FN:44,(anonymous_1)
FN:92,(anonymous_2)
FN:106,(anonymous_3)
FN:206,(anonymous_4)
FN:208,(anonymous_5)
FN:250,(anonymous_6)
FN:258,(anonymous_7)
FN:290,(anonymous_8)
FN:292,(anonymous_9)
FN:313,(anonymous_10)
FN:315,(anonymous_11)
FNF:12
FNH:0
FNDA:0,(anonymous_0)
FNDA:0,(anonymous_1)
FNDA:0,(anonymous_2)
FNDA:0,(anonymous_3)
FNDA:0,(anonymous_4)
FNDA:0,(anonymous_5)
FNDA:0,(anonymous_6)
FNDA:0,(anonymous_7)
FNDA:0,(anonymous_8)
FNDA:0,(anonymous_9)
FNDA:0,(anonymous_10)
FNDA:0,(anonymous_11)
DA:1,1
DA:2,1
DA:3,1
DA:4,1
DA:5,1
DA:6,1
DA:7,1
DA:8,1
DA:9,1
DA:35,1
DA:37,0
DA:43,0
DA:45,0
DA:46,0
DA:47,0
DA:49,0
DA:50,0
DA:55,0
DA:59,0
DA:60,0
DA:62,0
DA:63,0
DA:65,0
DA:66,0
DA:67,0
DA:92,1
DA:95,0
DA:101,0
DA:102,0
DA:107,0
DA:108,0
DA:109,0
DA:111,0
DA:112,0
DA:113,0
DA:116,0
DA:117,0
DA:119,0
DA:206,1
DA:207,0
DA:208,0
DA:209,0
DA:210,0
DA:214,0
DA:217,0
DA:219,0
DA:220,0
DA:225,0
DA:250,1
DA:252,0
DA:257,0
DA:259,0
DA:260,0
DA:261,0
DA:263,0
DA:264,0
DA:267,0
DA:268,0
DA:270,0
DA:271,0
DA:272,0
DA:290,1
DA:292,0
DA:293,0
DA:294,0
DA:295,0
DA:297,0
DA:313,1
DA:315,0
DA:316,0
DA:317,0
DA:318,0
DA:320,0
DA:326,0
LF:74
LH:15
BRDA:45,0,0,0
BRDA:45,0,1,0
BRDA:49,1,0,0
BRDA:49,1,1,0
BRDA:59,2,0,0
BRDA:59,2,1,0
BRDA:62,3,0,0
BRDA:62,3,1,0
BRDA:107,4,0,0
BRDA:107,4,1,0
BRDA:111,5,0,0
BRDA:111,5,1,0
BRDA:209,6,0,0
BRDA:209,6,1,0
BRDA:259,7,0,0
BRDA:259,7,1,0
BRDA:263,8,0,0
BRDA:263,8,1,0
BRDA:267,9,0,0
BRDA:267,9,1,0
BRDA:293,10,0,0
BRDA:293,10,1,0
BRDA:316,11,0,0
BRDA:316,11,1,0
BRF:24
BRH:0
end_of_record
TN:
SF:app\controllers\tweets.controller.js
FN:52,(anonymous_0)
FN:64,(anonymous_1)
FN:73,(anonymous_2)
FN:76,(anonymous_3)
FN:104,(anonymous_4)
FN:107,(anonymous_5)
FN:110,(anonymous_6)
FN:140,(anonymous_7)
FN:148,(anonymous_8)
FN:153,(anonymous_9)
FN:158,(anonymous_10)
FN:161,(anonymous_11)
FN:182,(anonymous_12)
FN:186,(anonymous_13)
FN:192,(anonymous_14)
FN:194,(anonymous_15)
FNF:16
FNH:11
FNDA:3,(anonymous_0)
FNDA:2,(anonymous_1)
FNDA:1,(anonymous_2)
FNDA:0,(anonymous_3)
FNDA:0,(anonymous_4)
FNDA:0,(anonymous_5)
FNDA:0,(anonymous_6)
FNDA:0,(anonymous_7)
FNDA:3,(anonymous_8)
FNDA:3,(anonymous_9)
FNDA:2,(anonymous_10)
FNDA:2,(anonymous_11)
FNDA:2,(anonymous_12)
FNDA:2,(anonymous_13)
FNDA:1,(anonymous_14)
FNDA:1,(anonymous_15)
DA:2,1
DA:3,1
DA:4,1
DA:5,1
DA:6,1
DA:7,1
DA:8,1
DA:9,1
DA:10,1
DA:52,1
DA:54,3
DA:62,3
DA:64,2
DA:65,2
DA:66,0
DA:68,2
DA:69,1
DA:71,2
DA:72,1
DA:74,1
DA:78,0
DA:83,1
DA:104,1
DA:105,0
DA:106,0
DA:107,0
DA:108,0
DA:110,0
DA:111,0
DA:112,0
DA:115,0
DA:116,0
DA:117,0
DA:118,0
DA:119,0
DA:123,0
DA:140,1
DA:148,1
DA:149,3
DA:150,3
DA:153,3
DA:154,3
DA:155,0
DA:157,3
DA:158,2
DA:159,2
DA:161,2
DA:162,2
DA:163,0
DA:165,2
DA:166,2
DA:167,2
DA:174,1
DA:182,1
DA:183,2
DA:184,2
DA:186,2
DA:187,2
DA:188,0
DA:191,2
DA:192,1
DA:193,1
DA:194,1
DA:195,1
DA:196,0
DA:198,1
DA:200,1
DA:201,1
DA:210,1
LF:69
LH:50
BRDA:62,0,0,2
BRDA:62,0,1,1
BRDA:65,1,0,0
BRDA:65,1,1,2
BRDA:68,2,0,1
BRDA:68,2,1,1
BRDA:71,3,0,1
BRDA:71,3,1,1
BRDA:108,4,0,0
BRDA:108,4,1,0
BRDA:111,5,0,0
BRDA:111,5,1,0
BRDA:154,6,0,0
BRDA:154,6,1,3
BRDA:157,7,0,2
BRDA:157,7,1,1
BRDA:159,8,0,2
BRDA:159,8,1,0
BRDA:162,9,0,0
BRDA:162,9,1,2
BRDA:165,10,0,2
BRDA:165,10,1,0
BRDA:187,11,0,0
BRDA:187,11,1,2
BRDA:191,12,0,1
BRDA:191,12,1,1
BRDA:193,13,0,1
BRDA:193,13,1,0
BRDA:195,14,0,0
BRDA:195,14,1,1
BRDA:198,15,0,1
BRDA:198,15,1,0
BRF:32
BRH:19
end_of_record
TN:
SF:app\controllers\user.controller.js
FN:1,(anonymous_0)
FNF:1
FNH:0
FNDA:0,(anonymous_0)
DA:1,1
DA:2,0
LF:2
LH:1
BRF:0
BRH:0
end_of_record
TN:
SF:app\middleware\authJwt.js
FN:8,(anonymous_0)
FN:13,(anonymous_1)
FN:26,(anonymous_2)
FN:28,(anonymous_3)
FN:53,(anonymous_4)
FN:56,(anonymous_5)
FN:81,(anonymous_6)
FN:98,(anonymous_7)
FN:100,(anonymous_8)
FN:122,(anonymous_9)
FNF:10
FNH:5
FNDA:10,(anonymous_0)
FNDA:9,(anonymous_1)
FNDA:0,(anonymous_2)
FNDA:0,(anonymous_3)
FNDA:4,(anonymous_4)
FNDA:4,(anonymous_5)
FNDA:3,(anonymous_6)
FNDA:0,(anonymous_7)
FNDA:0,(anonymous_8)
FNDA:0,(anonymous_9)
DA:1,1
DA:2,1
DA:3,1
DA:4,1
DA:6,1
DA:8,1
DA:9,10
DA:10,10
DA:11,1
DA:13,9
DA:14,9
DA:15,0
DA:16,0
DA:18,0
DA:20,9
DA:21,9
DA:26,1
DA:28,0
DA:29,0
DA:30,0
DA:31,0
DA:39,0
DA:40,0
DA:41,0
DA:45,0
DA:53,1
DA:56,4
DA:57,4
DA:58,0
DA:59,0
DA:62,4
DA:65,4
DA:66,1
DA:67,1
DA:68,1
DA:69,1
DA:71,1
DA:73,1
DA:74,1
DA:75,1
DA:76,1
DA:80,4
DA:81,3
DA:82,3
DA:83,0
DA:84,0
DA:86,3
DA:91,4
DA:92,0
DA:98,1
DA:100,0
DA:101,0
DA:102,0
DA:103,0
DA:105,0
DA:106,0
DA:107,0
DA:108,0
DA:109,0
DA:110,0
DA:112,0
DA:114,0
DA:115,0
DA:116,0
DA:117,0
DA:121,0
DA:122,0
DA:123,0
DA:124,0
DA:125,0
DA:127,0
DA:131,0
DA:132,0
DA:135,0
DA:136,0
DA:144,1
DA:150,1
LF:77
LH:36
BRDA:10,0,0,1
BRDA:10,0,1,9
BRDA:14,1,0,0
BRDA:14,1,1,9
BRDA:15,2,0,0
BRDA:15,2,1,0
BRDA:29,3,0,0
BRDA:29,3,1,0
BRDA:39,4,0,0
BRDA:39,4,1,0
BRDA:40,5,0,0
BRDA:40,5,1,0
BRDA:57,6,0,0
BRDA:57,6,1,4
BRDA:62,7,0,4
BRDA:62,7,1,0
BRDA:65,8,0,1
BRDA:65,8,1,3
BRDA:71,9,0,1
BRDA:71,9,1,0
BRDA:80,10,0,3
BRDA:80,10,1,1
BRDA:80,11,0,4
BRDA:80,11,1,1
BRDA:82,12,0,0
BRDA:82,12,1,3
BRDA:91,13,0,0
BRDA:91,13,1,4
BRDA:101,14,0,0
BRDA:101,14,1,0
BRDA:105,15,0,0
BRDA:105,15,1,0
BRDA:106,16,0,0
BRDA:106,16,1,0
BRDA:112,17,0,0
BRDA:112,17,1,0
BRDA:121,18,0,0
BRDA:121,18,1,0
BRDA:123,19,0,0
BRDA:123,19,1,0
BRDA:131,20,0,0
BRDA:131,20,1,0
BRDA:135,21,0,0
BRDA:135,21,1,0
BRF:44
BRH:14
end_of_record
TN:
SF:app\middleware\index.js
FNF:0
FNH:0
DA:1,1
DA:2,1
DA:3,1
LF:3
LH:3
BRF:0
BRH:0
end_of_record
TN:
SF:app\middleware\verifySignUp.js
FN:4,(anonymous_0)
FN:9,(anonymous_1)
FN:21,(anonymous_2)
FN:35,(anonymous_3)
FN:45,(anonymous_4)
FN:54,(anonymous_5)
FN:59,(anonymous_6)
FNF:7
FNH:0
FNDA:0,(anonymous_0)
FNDA:0,(anonymous_1)
FNDA:0,(anonymous_2)
FNDA:0,(anonymous_3)
FNDA:0,(anonymous_4)
FNDA:0,(anonymous_5)
FNDA:0,(anonymous_6)
DA:1,1
DA:2,1
DA:4,1
DA:7,0
DA:10,0
DA:11,0
DA:12,0
DA:14,0
DA:15,0
DA:16,0
DA:19,0
DA:22,0
DA:23,0
DA:24,0
DA:26,0
DA:27,0
DA:28,0
DA:30,0
DA:35,1
DA:36,0
DA:37,0
DA:38,0
DA:39,0
DA:40,0
DA:42,0
DA:45,1
DA:46,0
DA:47,0
DA:48,0
DA:49,0
DA:50,0
DA:52,0
DA:54,1
DA:57,0
DA:60,0
DA:61,0
DA:62,0
DA:64,0
DA:65,0
DA:66,0
DA:68,0
DA:73,1
DA:79,1
LF:43
LH:8
BRDA:10,0,0,0
BRDA:10,0,1,0
BRDA:14,1,0,0
BRDA:14,1,1,0
BRDA:22,2,0,0
BRDA:22,2,1,0
BRDA:26,3,0,0
BRDA:26,3,1,0
BRDA:38,4,0,0
BRDA:38,4,1,0
BRDA:48,5,0,0
BRDA:48,5,1,0
BRDA:60,6,0,0
BRDA:60,6,1,0
BRDA:64,7,0,0
BRDA:64,7,1,0
BRF:16
BRH:0
end_of_record
TN:
SF:app\models\index.js
FNF:0
FNH:0
DA:1,1
DA:2,1
DA:3,1
DA:4,1
DA:5,1
DA:6,1
DA:7,1
LF:7
LH:7
BRF:0
BRH:0
end_of_record
TN:
SF:app\models\tweet.model.js
FN:71,(anonymous_0)
FNF:1
FNH:1
FNDA:1,(anonymous_0)
DA:1,1
DA:2,1
DA:3,1
DA:4,1
DA:6,1
DA:71,1
DA:72,1
DA:73,1
DA:75,1
LF:9
LH:9
BRF:0
BRH:0
end_of_record
TN:
SF:app\models\user.model.js
FN:94,(anonymous_0)
FNF:1
FNH:1
FNDA:9,(anonymous_0)
DA:1,1
DA:2,1
DA:3,1
DA:5,1
DA:94,1
DA:95,9
DA:96,9
DA:97,9
DA:100,1
LF:9
LH:9
BRF:0
BRH:0
end_of_record
TN:
SF:app\routes\OAuth.routes.js
FN:4,(anonymous_0)
FN:6,(anonymous_1)
FNF:2
FNH:2
FNDA:1,(anonymous_0)
FNDA:10,(anonymous_1)
DA:1,1
DA:2,1
DA:4,1
DA:6,1
DA:7,10
DA:11,10
DA:14,1
DA:15,1
LF:8
LH:8
BRF:0
BRH:0
end_of_record
TN:
SF:app\routes\admin.routes.js
FN:4,(anonymous_0)
FN:6,(anonymous_1)
FNF:2
FNH:2
FNDA:1,(anonymous_0)
FNDA:10,(anonymous_1)
DA:1,1
DA:3,1
DA:4,1
DA:6,1
DA:7,10
DA:11,10
DA:15,1
DA:16,1
LF:8
LH:8
BRF:0
BRH:0
end_of_record
TN:
SF:app\routes\adminBlock.routes.js
FN:4,(anonymous_0)
FN:6,(anonymous_1)
FNF:2
FNH:2
FNDA:1,(anonymous_0)
FNDA:10,(anonymous_1)
DA:1,1
DA:2,1
DA:4,1
DA:6,1
DA:7,10
DA:11,10
DA:14,1
LF:7
LH:7
BRF:0
BRH:0
end_of_record
TN:
SF:app\routes\auth.routes.js
FN:4,(anonymous_0)
FN:6,(anonymous_1)
FNF:2
FNH:2
FNDA:1,(anonymous_0)
FNDA:19,(anonymous_1)
DA:1,1
DA:2,1
DA:4,1
DA:6,1
DA:7,19
DA:11,19
DA:14,1
DA:15,1
DA:16,1
DA:17,1
LF:10
LH:10
BRF:0
BRH:0
end_of_record
TN:
SF:app\routes\search.routes.js
FN:4,(anonymous_0)
FN:6,(anonymous_1)
FNF:2
FNH:2
FNDA:1,(anonymous_0)
FNDA:10,(anonymous_1)
DA:1,1
DA:2,1
DA:4,1
DA:6,1
DA:7,10
DA:11,10
DA:13,1
LF:7
LH:7
BRF:0
BRH:0
end_of_record
TN:
SF:app\routes\settings.routes.js
FN:4,(anonymous_0)
FN:6,(anonymous_1)
FNF:2
FNH:2
FNDA:1,(anonymous_0)
FNDA:10,(anonymous_1)
DA:1,1
DA:2,1
DA:4,1
DA:6,1
DA:7,10
DA:11,10
DA:14,1
DA:15,1
DA:16,1
DA:18,1
DA:19,1
DA:20,1
LF:12
LH:12
BRF:0
BRH:0
end_of_record
TN:
SF:app\routes\tweets.routes.js
FN:4,(anonymous_0)
FN:6,(anonymous_1)
FNF:2
FNH:2
FNDA:1,(anonymous_0)
FNDA:10,(anonymous_1)
DA:1,1
DA:2,1
DA:4,1
DA:6,1
DA:7,10
DA:11,10
DA:15,1
DA:17,1
DA:18,1
DA:19,1
DA:20,1
LF:11
LH:11
BRF:0
BRH:0
end_of_record
TN:
SF:app\routes\user.routes.js
FN:3,(anonymous_0)
FN:4,(anonymous_1)
FNF:2
FNH:2
FNDA:1,(anonymous_0)
FNDA:10,(anonymous_1)
DA:1,1
DA:2,1
DA:3,1
DA:4,1
DA:5,10
DA:9,10
DA:12,1
LF:7
LH:7
BRF:0
BRH:0
end_of_record
TN:
SF:app\utils\email.js
FN:5,(anonymous_0)
FN:17,(anonymous_1)
FNF:2
FNH:0
FNDA:0,(anonymous_0)
FNDA:0,(anonymous_1)
DA:1,1
DA:2,1
DA:3,1
DA:5,1
DA:6,0
DA:8,0
DA:17,0
DA:27,0
DA:35,0
DA:36,0
DA:40,1
LF:11
LH:5
BRF:0
BRH:0
end_of_record
TN:
SF:app\utils\search.js
FN:7,(anonymous_0)
FN:14,(anonymous_1)
FN:20,(anonymous_2)
FN:26,(anonymous_3)
FNF:4
FNH:0
FNDA:0,(anonymous_0)
FNDA:0,(anonymous_1)
FNDA:0,(anonymous_2)
FNDA:0,(anonymous_3)
DA:2,1
DA:3,1
DA:4,1
DA:5,1
DA:7,1
DA:8,0
DA:9,0
DA:10,0
DA:14,1
DA:15,0
DA:16,0
DA:17,0
DA:20,1
DA:21,0
DA:22,0
DA:23,0
DA:26,1
DA:27,0
DA:28,0
LF:19
LH:8
BRF:0
BRH:0
end_of_record
